Start testing: Jun 04 08:46 UTC
----------------------------------------------------------
1/69 Testing: flat_terrain
1/69 Test: flat_terrain
Command: "/tmp/workspace/hgopalan/massconsistent_amr/build-ci-baseline/wind_solver" "/tmp/workspace/hgopalan/massconsistent_amr/regtest/flat_terrain/inputs.i"
Directory: /tmp/workspace/hgopalan/massconsistent_amr/build-ci-baseline/regtest/flat_terrain
"flat_terrain" start time: Jun 04 08:46 UTC
Output:
----------------------------------------------------------
Initializing AMReX (26.05-63-gc2eb6db7ee79)...
AMReX (26.05-63-gc2eb6db7ee79) initialized
wind_solver: using central derivatives
wind_solver: input parsing time = 4.7806e-05 s
wind_solver: ========================================
wind_solver: Solver Configuration
wind_solver: ========================================
wind_solver: Parallelization: Serial (MPI disabled)
wind_solver: GPU Backend: None (CPU-only)
wind_solver: FFT Backend: Not available (AMREX_USE_FFT disabled)
wind_solver: AMReX version: 26.05-63-gc2eb6db7ee79
wind_solver: Derivative method: central
wind_solver: Synthetic turbulence: disabled
wind_solver: ========================================

wind_solver: read 9 terrain points from terrain.csv
wind_solver: terrain x [0, 100] m
wind_solver: terrain y [0, 100] m
wind_solver: terrain reading time = 4.8842e-05 s
wind_solver: wall functions DISABLED (using no-slip boundary conditions)
wind_solver: terrain elevation [0, 0] m
wind_solver: terrain interpolation time = 8.051e-06 s
wind_solver: grid 2 x 2 x 2  (dx=50 m, dy=50 m, dz=50 m)
wind_solver: vertical domain [0, 100] m
wind_solver: grid setup time = 5.0377e-05 s
wind_solver: initializing wind field with mode: loglaw
wind_solver: wind initialization time = 1.8932e-05 s
wind_solver: RHS computation time = 1.564e-06 s
wind_solver: Poisson operator setup time = 0.000129297 s
wind_solver: starting MLMG Poisson solve...
wind_solver: MLMG solve complete.
wind_solver: Poisson solve time = 3.6989e-05 s
wind_solver: velocity correction time = 2.212e-06 s
wind_solver: max |div(u)| before correction = 0 s⁻¹
wind_solver: max |div(u)| after  correction = 0 s⁻¹
wind_solver: divergence computation time = 1.4348e-05 s
wind_solver: plotfile written to plt_flat_terrain00000
wind_solver: output writing time = 0.002814987 s
wind_solver: ========================================
wind_solver: total execution time = 0.003235615 s
wind_solver: ========================================
wind_solver: done.
AMReX (26.05-63-gc2eb6db7ee79) finalized
<end of output>
Test time =   0.01 sec
----------------------------------------------------------
Test Passed.
"flat_terrain" end time: Jun 04 08:46 UTC
"flat_terrain" time elapsed: 00:00:00
----------------------------------------------------------

2/69 Testing: gaussian_hill
2/69 Test: gaussian_hill
Command: "/tmp/workspace/hgopalan/massconsistent_amr/build-ci-baseline/wind_solver" "/tmp/workspace/hgopalan/massconsistent_amr/regtest/gaussian_hill/inputs.i"
Directory: /tmp/workspace/hgopalan/massconsistent_amr/build-ci-baseline/regtest/gaussian_hill
"gaussian_hill" start time: Jun 04 08:46 UTC
Output:
----------------------------------------------------------
Initializing AMReX (26.05-63-gc2eb6db7ee79)...
AMReX (26.05-63-gc2eb6db7ee79) initialized
wind_solver: using central derivatives
wind_solver: input parsing time = 6.3429e-05 s
wind_solver: ========================================
wind_solver: Solver Configuration
wind_solver: ========================================
wind_solver: Parallelization: Serial (MPI disabled)
wind_solver: GPU Backend: None (CPU-only)
wind_solver: FFT Backend: Not available (AMREX_USE_FFT disabled)
wind_solver: AMReX version: 26.05-63-gc2eb6db7ee79
wind_solver: Derivative method: central
wind_solver: Synthetic turbulence: disabled
wind_solver: ========================================

wind_solver: read 121 terrain points from terrain.csv
wind_solver: terrain x [0, 300] m
wind_solver: terrain y [0, 300] m
wind_solver: terrain reading time = 0.0001313 s
wind_solver: wall functions DISABLED (using no-slip boundary conditions)
wind_solver: terrain elevation [0.4974860909, 44.0460695] m
wind_solver: terrain interpolation time = 9.7235e-05 s
wind_solver: grid 10 x 10 x 6  (dx=30 m, dy=30 m, dz=23.9247639 m)
wind_solver: vertical domain [0.4974860909, 144.0460695] m
wind_solver: grid setup time = 0.000103224 s
wind_solver: initializing wind field with mode: loglaw
wind_solver: wind initialization time = 3.0713e-05 s
wind_solver: RHS computation time = 1.099e-05 s
wind_solver: Poisson operator setup time = 0.000193851 s
wind_solver: starting MLMG Poisson solve...
wind_solver: MLMG solve complete.
wind_solver: Poisson solve time = 0.000869763 s
wind_solver: velocity correction time = 1.7912e-05 s
wind_solver: max |div(u)| before correction = 0.1786085491 s⁻¹
wind_solver: max |div(u)| after  correction = 0.1401754356 s⁻¹
wind_solver: divergence computation time = 9.5224e-05 s
wind_solver: plotfile written to plt_gaussian_hill00000
wind_solver: output writing time = 0.002113927 s
wind_solver: terrain-aligned extraction 1/1 at AGL = 15 m  →  k = 0  (physical z = 12.45986804 m)
wind_solver: terrain-aligned extraction written to wind_extract.csv  (100 points)
wind_solver: ========================================
wind_solver: total execution time = 0.004162263 s
wind_solver: ========================================
wind_solver: done.
AMReX (26.05-63-gc2eb6db7ee79) finalized
<end of output>
Test time =   0.01 sec
----------------------------------------------------------
Test Passed.
"gaussian_hill" end time: Jun 04 08:46 UTC
"gaussian_hill" time elapsed: 00:00:00
----------------------------------------------------------

3/69 Testing: gaussian_hill_weno5
3/69 Test: gaussian_hill_weno5
Command: "/tmp/workspace/hgopalan/massconsistent_amr/build-ci-baseline/wind_solver" "/tmp/workspace/hgopalan/massconsistent_amr/regtest/gaussian_hill_weno5/inputs.i"
Directory: /tmp/workspace/hgopalan/massconsistent_amr/build-ci-baseline/regtest/gaussian_hill_weno5
"gaussian_hill_weno5" start time: Jun 04 08:46 UTC
Output:
----------------------------------------------------------
Initializing AMReX (26.05-63-gc2eb6db7ee79)...
AMReX (26.05-63-gc2eb6db7ee79) initialized
wind_solver: using weno5 derivatives
wind_solver: input parsing time = 4.4027e-05 s
wind_solver: ========================================
wind_solver: Solver Configuration
wind_solver: ========================================
wind_solver: Parallelization: Serial (MPI disabled)
wind_solver: GPU Backend: None (CPU-only)
wind_solver: FFT Backend: Not available (AMREX_USE_FFT disabled)
wind_solver: AMReX version: 26.05-63-gc2eb6db7ee79
wind_solver: Derivative method: weno5
wind_solver: Synthetic turbulence: disabled
wind_solver: ========================================

wind_solver: read 121 terrain points from terrain.csv
wind_solver: terrain x [0, 300] m
wind_solver: terrain y [0, 300] m
wind_solver: terrain reading time = 0.000125422 s
wind_solver: wall functions DISABLED (using no-slip boundary conditions)
wind_solver: terrain elevation [0.4974860909, 44.0460695] m
wind_solver: terrain interpolation time = 9.37e-05 s
wind_solver: grid 10 x 10 x 6  (dx=30 m, dy=30 m, dz=23.9247639 m)
wind_solver: vertical domain [0.4974860909, 144.0460695] m
wind_solver: grid setup time = 9.3249e-05 s
wind_solver: initializing wind field with mode: loglaw
wind_solver: wind initialization time = 2.6931e-05 s
wind_solver: RHS computation time = 3.416e-05 s
wind_solver: Poisson operator setup time = 0.000177303 s
wind_solver: starting MLMG Poisson solve...
wind_solver: MLMG solve complete.
wind_solver: Poisson solve time = 0.000833745 s
wind_solver: velocity correction time = 2.4925e-05 s
wind_solver: max |div(u)| before correction = 0.2856471306 s⁻¹
wind_solver: max |div(u)| after  correction = 0.4291488549 s⁻¹
wind_solver: divergence computation time = 0.000101466 s
wind_solver: plotfile written to plt_gaussian_hill_weno500000
wind_solver: output writing time = 0.002107879 s
wind_solver: terrain-aligned extraction 1/1 at AGL = 15 m  →  k = 0  (physical z = 12.45986804 m)
wind_solver: terrain-aligned extraction written to wind_extract.csv  (100 points)
wind_solver: ========================================
wind_solver: total execution time = 0.004036635 s
wind_solver: ========================================
wind_solver: done.
AMReX (26.05-63-gc2eb6db7ee79) finalized
<end of output>
Test time =   0.01 sec
----------------------------------------------------------
Test Passed.
"gaussian_hill_weno5" end time: Jun 04 08:46 UTC
"gaussian_hill_weno5" time elapsed: 00:00:00
----------------------------------------------------------

4/69 Testing: raws_synthetic
4/69 Test: raws_synthetic
Command: "/tmp/workspace/hgopalan/massconsistent_amr/build-ci-baseline/wind_solver" "/tmp/workspace/hgopalan/massconsistent_amr/regtest/raws_synthetic/inputs.i"
Directory: /tmp/workspace/hgopalan/massconsistent_amr/build-ci-baseline/regtest/raws_synthetic
"raws_synthetic" start time: Jun 04 08:46 UTC
Output:
----------------------------------------------------------
Initializing AMReX (26.05-63-gc2eb6db7ee79)...
AMReX (26.05-63-gc2eb6db7ee79) initialized
wind_solver: using central derivatives
wind_solver: input parsing time = 3.9893e-05 s
wind_solver: ========================================
wind_solver: Solver Configuration
wind_solver: ========================================
wind_solver: Parallelization: Serial (MPI disabled)
wind_solver: GPU Backend: None (CPU-only)
wind_solver: FFT Backend: Not available (AMREX_USE_FFT disabled)
wind_solver: AMReX version: 26.05-63-gc2eb6db7ee79
wind_solver: Derivative method: central
wind_solver: Synthetic turbulence: disabled
wind_solver: ========================================

wind_solver: read 121 terrain points from terrain.csv
wind_solver: terrain x [0, 300] m
wind_solver: terrain y [0, 300] m
wind_solver: terrain reading time = 0.000111287 s
wind_solver: wall functions DISABLED (using no-slip boundary conditions)
wind_solver: terrain elevation [0.4974860909, 44.0460695] m
wind_solver: terrain interpolation time = 0.000102246 s
wind_solver: grid 10 x 10 x 6  (dx=30 m, dy=30 m, dz=23.9247639 m)
wind_solver: vertical domain [0.4974860909, 144.0460695] m
wind_solver: grid setup time = 8.8929e-05 s
wind_solver: initializing wind field with mode: raws
wind_solver: read 3 velocity points from velocity.csv
wind_solver: wind initialization time = 3.6821e-05 s
wind_solver: RHS computation time = 5.997e-06 s
wind_solver: Poisson operator setup time = 0.000174109 s
wind_solver: starting MLMG Poisson solve...
wind_solver: MLMG solve complete.
wind_solver: Poisson solve time = 0.001201985 s
wind_solver: velocity correction time = 1.4142e-05 s
wind_solver: max |div(u)| before correction = 0.1819905986 s⁻¹
wind_solver: max |div(u)| after  correction = 0.1648614194 s⁻¹
wind_solver: divergence computation time = 0.000100624 s
wind_solver: plotfile written to plt_raws_synthetic00000
wind_solver: output writing time = 0.002195667 s
wind_solver: terrain-aligned extraction 1/1 at AGL = 15 m  →  k = 0  (physical z = 12.45986804 m)
wind_solver: terrain-aligned extraction written to wind_extract.csv  (100 points)
wind_solver: ========================================
wind_solver: total execution time = 0.004431957 s
wind_solver: ========================================
wind_solver: done.
AMReX (26.05-63-gc2eb6db7ee79) finalized
<end of output>
Test time =   0.01 sec
----------------------------------------------------------
Test Passed.
"raws_synthetic" end time: Jun 04 08:46 UTC
"raws_synthetic" time elapsed: 00:00:00
----------------------------------------------------------

5/69 Testing: surface_data_synthetic
5/69 Test: surface_data_synthetic
Command: "/tmp/workspace/hgopalan/massconsistent_amr/build-ci-baseline/wind_solver" "/tmp/workspace/hgopalan/massconsistent_amr/regtest/surface_data_synthetic/inputs.i"
Directory: /tmp/workspace/hgopalan/massconsistent_amr/build-ci-baseline/regtest/surface_data_synthetic
"surface_data_synthetic" start time: Jun 04 08:46 UTC
Output:
----------------------------------------------------------
Initializing AMReX (26.05-63-gc2eb6db7ee79)...
AMReX (26.05-63-gc2eb6db7ee79) initialized
wind_solver: using central derivatives
wind_solver: input parsing time = 4.8487e-05 s
wind_solver: ========================================
wind_solver: Solver Configuration
wind_solver: ========================================
wind_solver: Parallelization: Serial (MPI disabled)
wind_solver: GPU Backend: None (CPU-only)
wind_solver: FFT Backend: Not available (AMREX_USE_FFT disabled)
wind_solver: AMReX version: 26.05-63-gc2eb6db7ee79
wind_solver: Derivative method: central
wind_solver: Synthetic turbulence: disabled
wind_solver: ========================================

wind_solver: read 121 terrain points from terrain.csv
wind_solver: terrain x [0, 300] m
wind_solver: terrain y [0, 300] m
wind_solver: terrain reading time = 0.0001539 s
wind_solver: wall functions DISABLED (using no-slip boundary conditions)
wind_solver: terrain elevation [0.4974860909, 44.0460695] m
wind_solver: terrain interpolation time = 0.00010087 s
wind_solver: grid 10 x 10 x 6  (dx=30 m, dy=30 m, dz=23.9247639 m)
wind_solver: vertical domain [0.4974860909, 144.0460695] m
wind_solver: grid setup time = 0.000112165 s
wind_solver: initializing wind field with mode: surface_data
wind_solver: read 3 surface data points from surface_data.csv
wind_solver: wind initialization time = 6.4087e-05 s
wind_solver: RHS computation time = 1.1013e-05 s
wind_solver: Poisson operator setup time = 0.000188895 s
wind_solver: starting MLMG Poisson solve...
wind_solver: MLMG solve complete.
wind_solver: Poisson solve time = 0.00120954 s
wind_solver: velocity correction time = 1.5558e-05 s
wind_solver: max |div(u)| before correction = 0.08516282464 s⁻¹
wind_solver: max |div(u)| after  correction = 0.07765073321 s⁻¹
wind_solver: divergence computation time = 8.9139e-05 s
wind_solver: plotfile written to plt_surface_data00000
wind_solver: output writing time = 0.002122546 s
wind_solver: terrain-aligned extraction 1/1 at AGL = 15 m  →  k = 0  (physical z = 12.45986804 m)
wind_solver: terrain-aligned extraction written to wind_extract.csv  (100 points)
wind_solver: ========================================
wind_solver: total execution time = 0.004509403 s
wind_solver: ========================================
wind_solver: done.
AMReX (26.05-63-gc2eb6db7ee79) finalized
<end of output>
Test time =   0.01 sec
----------------------------------------------------------
Test Passed.
"surface_data_synthetic" end time: Jun 04 08:46 UTC
"surface_data_synthetic" time elapsed: 00:00:00
----------------------------------------------------------

6/69 Testing: uniform_wind
6/69 Test: uniform_wind
Command: "/tmp/workspace/hgopalan/massconsistent_amr/build-ci-baseline/wind_solver" "/tmp/workspace/hgopalan/massconsistent_amr/regtest/uniform_wind/inputs.i"
Directory: /tmp/workspace/hgopalan/massconsistent_amr/build-ci-baseline/regtest/uniform_wind
"uniform_wind" start time: Jun 04 08:46 UTC
Output:
----------------------------------------------------------
Initializing AMReX (26.05-63-gc2eb6db7ee79)...
AMReX (26.05-63-gc2eb6db7ee79) initialized
wind_solver: using central derivatives
wind_solver: input parsing time = 4.1168e-05 s
wind_solver: ========================================
wind_solver: Solver Configuration
wind_solver: ========================================
wind_solver: Parallelization: Serial (MPI disabled)
wind_solver: GPU Backend: None (CPU-only)
wind_solver: FFT Backend: Not available (AMREX_USE_FFT disabled)
wind_solver: AMReX version: 26.05-63-gc2eb6db7ee79
wind_solver: Derivative method: central
wind_solver: Synthetic turbulence: disabled
wind_solver: ========================================

wind_solver: read 121 terrain points from terrain.csv
wind_solver: terrain x [0, 300] m
wind_solver: terrain y [0, 300] m
wind_solver: terrain reading time = 0.000135648 s
wind_solver: wall functions DISABLED (using no-slip boundary conditions)
wind_solver: terrain elevation [0.4974860909, 44.0460695] m
wind_solver: terrain interpolation time = 9.2848e-05 s
wind_solver: grid 10 x 10 x 6  (dx=30 m, dy=30 m, dz=23.9247639 m)
wind_solver: vertical domain [0.4974860909, 144.0460695] m
wind_solver: grid setup time = 8.9162e-05 s
wind_solver: initializing wind field with mode: uniform
wind_solver: wind initialization time = 1.0525e-05 s
wind_solver: RHS computation time = 5.817e-06 s
wind_solver: Poisson operator setup time = 0.000169672 s
wind_solver: starting MLMG Poisson solve...
wind_solver: MLMG solve complete.
wind_solver: Poisson solve time = 0.000806631 s
wind_solver: velocity correction time = 1.5471e-05 s
wind_solver: max |div(u)| before correction = 0.175 s⁻¹
wind_solver: max |div(u)| after  correction = 0.1638979517 s⁻¹
wind_solver: divergence computation time = 8.5818e-05 s
wind_solver: plotfile written to plt_uniform_wind00000
wind_solver: output writing time = 0.002107217 s
wind_solver: terrain-aligned extraction 1/1 at AGL = 15 m  →  k = 0  (physical z = 12.45986804 m)
wind_solver: terrain-aligned extraction written to wind_extract.csv  (100 points)
wind_solver: ========================================
wind_solver: total execution time = 0.003899462 s
wind_solver: ========================================
wind_solver: done.
AMReX (26.05-63-gc2eb6db7ee79) finalized
<end of output>
Test time =   0.01 sec
----------------------------------------------------------
Test Passed.
"uniform_wind" end time: Jun 04 08:46 UTC
"uniform_wind" time elapsed: 00:00:00
----------------------------------------------------------

7/69 Testing: powerlaw_flat
7/69 Test: powerlaw_flat
Command: "/tmp/workspace/hgopalan/massconsistent_amr/build-ci-baseline/wind_solver" "/tmp/workspace/hgopalan/massconsistent_amr/regtest/powerlaw_flat/inputs.i"
Directory: /tmp/workspace/hgopalan/massconsistent_amr/build-ci-baseline/regtest/powerlaw_flat
"powerlaw_flat" start time: Jun 04 08:46 UTC
Output:
----------------------------------------------------------
Initializing AMReX (26.05-63-gc2eb6db7ee79)...
AMReX (26.05-63-gc2eb6db7ee79) initialized
wind_solver: using central derivatives
wind_solver: input parsing time = 5.0333e-05 s
wind_solver: ========================================
wind_solver: Solver Configuration
wind_solver: ========================================
wind_solver: Parallelization: Serial (MPI disabled)
wind_solver: GPU Backend: None (CPU-only)
wind_solver: FFT Backend: Not available (AMREX_USE_FFT disabled)
wind_solver: AMReX version: 26.05-63-gc2eb6db7ee79
wind_solver: Derivative method: central
wind_solver: Synthetic turbulence: disabled
wind_solver: ========================================

wind_solver: read 9 terrain points from terrain.csv
wind_solver: terrain x [0, 100] m
wind_solver: terrain y [0, 100] m
wind_solver: terrain reading time = 5.1896e-05 s
wind_solver: wall functions DISABLED (using no-slip boundary conditions)
wind_solver: terrain elevation [0, 0] m
wind_solver: terrain interpolation time = 1.2486e-05 s
wind_solver: grid 2 x 2 x 4  (dx=50 m, dy=50 m, dz=25 m)
wind_solver: vertical domain [0, 100] m
wind_solver: grid setup time = 7.874e-05 s
wind_solver: initializing wind field with mode: powerlaw
wind_solver: power-law profile initialization
  U_ref = 8 m/s, V_ref = 0 m/s
  z_ref = 10 m
  powerlaw_exponent = 0.143
wind_solver: wind initialization time = 2.6336e-05 s
wind_solver: RHS computation time = 3.8e-06 s
wind_solver: Poisson operator setup time = 0.000111394 s
wind_solver: starting MLMG Poisson solve...
wind_solver: MLMG solve complete.
wind_solver: Poisson solve time = 3.6945e-05 s
wind_solver: velocity correction time = 3.646e-06 s
wind_solver: max |div(u)| before correction = 0 s⁻¹
wind_solver: max |div(u)| after  correction = 0 s⁻¹
wind_solver: divergence computation time = 3.3047e-05 s
wind_solver: plotfile written to plt_powerlaw_flat00000
wind_solver: output writing time = 0.001924603 s
wind_solver: terrain-aligned extraction 1/1 at AGL = 15 m  →  k = 0  (physical z = 12.5 m)
wind_solver: terrain-aligned extraction written to wind_extract.csv  (4 points)
wind_solver: ========================================
wind_solver: total execution time = 0.002467997 s
wind_solver: ========================================
wind_solver: done.
AMReX (26.05-63-gc2eb6db7ee79) finalized
<end of output>
Test time =   0.01 sec
----------------------------------------------------------
Test Passed.
"powerlaw_flat" end time: Jun 04 08:46 UTC
"powerlaw_flat" time elapsed: 00:00:00
----------------------------------------------------------

8/69 Testing: powerlaw_gaussian
8/69 Test: powerlaw_gaussian
Command: "/tmp/workspace/hgopalan/massconsistent_amr/build-ci-baseline/wind_solver" "/tmp/workspace/hgopalan/massconsistent_amr/regtest/powerlaw_gaussian/inputs.i"
Directory: /tmp/workspace/hgopalan/massconsistent_amr/build-ci-baseline/regtest/powerlaw_gaussian
"powerlaw_gaussian" start time: Jun 04 08:46 UTC
Output:
----------------------------------------------------------
Initializing AMReX (26.05-63-gc2eb6db7ee79)...
AMReX (26.05-63-gc2eb6db7ee79) initialized
wind_solver: using central derivatives
wind_solver: input parsing time = 4.0152e-05 s
wind_solver: ========================================
wind_solver: Solver Configuration
wind_solver: ========================================
wind_solver: Parallelization: Serial (MPI disabled)
wind_solver: GPU Backend: None (CPU-only)
wind_solver: FFT Backend: Not available (AMREX_USE_FFT disabled)
wind_solver: AMReX version: 26.05-63-gc2eb6db7ee79
wind_solver: Derivative method: central
wind_solver: Synthetic turbulence: disabled
wind_solver: ========================================

wind_solver: read 121 terrain points from terrain.csv
wind_solver: terrain x [0, 300] m
wind_solver: terrain y [0, 300] m
wind_solver: terrain reading time = 0.000112028 s
wind_solver: wall functions DISABLED (using no-slip boundary conditions)
wind_solver: terrain elevation [0.4974860909, 44.0460695] m
wind_solver: terrain interpolation time = 9.0368e-05 s
wind_solver: grid 10 x 10 x 6  (dx=30 m, dy=30 m, dz=23.9247639 m)
wind_solver: vertical domain [0.4974860909, 144.0460695] m
wind_solver: grid setup time = 9.3797e-05 s
wind_solver: initializing wind field with mode: powerlaw
wind_solver: power-law profile initialization
  U_ref = 10 m/s, V_ref = 0 m/s
  z_ref = 10 m
  powerlaw_exponent = 0.143
wind_solver: wind initialization time = 3.2413e-05 s
wind_solver: RHS computation time = 5.672e-06 s
wind_solver: Poisson operator setup time = 0.000199831 s
wind_solver: starting MLMG Poisson solve...
wind_solver: MLMG solve complete.
wind_solver: Poisson solve time = 0.000810227 s
wind_solver: velocity correction time = 1.3535e-05 s
wind_solver: max |div(u)| before correction = 0.176919321 s⁻¹
wind_solver: max |div(u)| after  correction = 0.1410237342 s⁻¹
wind_solver: divergence computation time = 7.729e-05 s
wind_solver: plotfile written to plt_powerlaw_gaussian00000
wind_solver: output writing time = 0.002108224 s
wind_solver: terrain-aligned extraction 1/1 at AGL = 15 m  →  k = 0  (physical z = 12.45986804 m)
wind_solver: terrain-aligned extraction written to wind_extract.csv  (100 points)
wind_solver: ========================================
wind_solver: total execution time = 0.003941539 s
wind_solver: ========================================
wind_solver: done.
AMReX (26.05-63-gc2eb6db7ee79) finalized
<end of output>
Test time =   0.01 sec
----------------------------------------------------------
Test Passed.
"powerlaw_gaussian" end time: Jun 04 08:46 UTC
"powerlaw_gaussian" time elapsed: 00:00:00
----------------------------------------------------------

9/69 Testing: powerlaw_building_flat
9/69 Test: powerlaw_building_flat
Command: "/tmp/workspace/hgopalan/massconsistent_amr/build-ci-baseline/wind_solver" "/tmp/workspace/hgopalan/massconsistent_amr/regtest/powerlaw_building_flat/inputs.i"
Directory: /tmp/workspace/hgopalan/massconsistent_amr/build-ci-baseline/regtest/powerlaw_building_flat
"powerlaw_building_flat" start time: Jun 04 08:46 UTC
Output:
----------------------------------------------------------
Initializing AMReX (26.05-63-gc2eb6db7ee79)...
AMReX (26.05-63-gc2eb6db7ee79) initialized
wind_solver: using central derivatives
wind_solver: input parsing time = 3.766e-05 s
wind_solver: ========================================
wind_solver: Solver Configuration
wind_solver: ========================================
wind_solver: Parallelization: Serial (MPI disabled)
wind_solver: GPU Backend: None (CPU-only)
wind_solver: FFT Backend: Not available (AMREX_USE_FFT disabled)
wind_solver: AMReX version: 26.05-63-gc2eb6db7ee79
wind_solver: Derivative method: central
wind_solver: Synthetic turbulence: disabled
wind_solver: ========================================

wind_solver: read 9 terrain points from terrain.csv
wind_solver: terrain x [0, 200] m
wind_solver: terrain y [0, 100] m
wind_solver: read 2 building(s) from buildings.csv
wind_solver: terrain reading time = 5.311e-05 s
wind_solver: building 1: x=[40, 60] m, y=[40, 60] m, z=[0, 30] m
wind_solver: building 2: x=[100, 140] m, y=[60, 80] m, z=[0, 50] m
wind_solver: wall functions DISABLED (using no-slip boundary conditions)
wind_solver: terrain elevation [0, 0] m
wind_solver: obstacle height (terrain+buildings) max = 50 m
wind_solver: terrain interpolation time = 4.4773e-05 s
wind_solver: grid 20 x 10 x 20  (dx=10 m, dy=10 m, dz=10 m)
wind_solver: vertical domain [0, 200] m
wind_solver: grid setup time = 0.000252866 s
wind_solver: initializing wind field with mode: powerlaw
wind_solver: power-law profile initialization
  U_ref = 8 m/s, V_ref = 0 m/s
  z_ref = 10 m
  powerlaw_exponent = 0.143
wind_solver: wind initialization time = 0.00013525 s
wind_solver: RHS computation time = 2.4729e-05 s
wind_solver: Poisson operator setup time = 0.000290806 s
wind_solver: starting MLMG Poisson solve...
wind_solver: MLMG solve complete.
wind_solver: Poisson solve time = 0.005084226 s
wind_solver: velocity correction time = 6.8018e-05 s
wind_solver: max |div(u)| before correction = 0.4959859575 s⁻¹
wind_solver: max |div(u)| after  correction = 0.331078152 s⁻¹
wind_solver: divergence computation time = 0.000421386 s
wind_solver: plotfile written to plt_powerlaw_building_flat00000
wind_solver: output writing time = 0.002288258 s
wind_solver: terrain-aligned extraction 1/1 at AGL = 15 m  →  k = 1  (physical z = 15 m)
wind_solver: terrain-aligned extraction written to wind_extract.csv  (200 points)
wind_solver: ========================================
wind_solver: total execution time = 0.009300747 s
wind_solver: ========================================
wind_solver: done.
AMReX (26.05-63-gc2eb6db7ee79) finalized
<end of output>
Test time =   0.01 sec
----------------------------------------------------------
Test Passed.
"powerlaw_building_flat" end time: Jun 04 08:46 UTC
"powerlaw_building_flat" time elapsed: 00:00:00
----------------------------------------------------------

10/69 Testing: powerlaw_building_terrain
10/69 Test: powerlaw_building_terrain
Command: "/tmp/workspace/hgopalan/massconsistent_amr/build-ci-baseline/wind_solver" "/tmp/workspace/hgopalan/massconsistent_amr/regtest/powerlaw_building_terrain/inputs.i"
Directory: /tmp/workspace/hgopalan/massconsistent_amr/build-ci-baseline/regtest/powerlaw_building_terrain
"powerlaw_building_terrain" start time: Jun 04 08:46 UTC
Output:
----------------------------------------------------------
Initializing AMReX (26.05-63-gc2eb6db7ee79)...
AMReX (26.05-63-gc2eb6db7ee79) initialized
wind_solver: using central derivatives
wind_solver: input parsing time = 4.1644e-05 s
wind_solver: ========================================
wind_solver: Solver Configuration
wind_solver: ========================================
wind_solver: Parallelization: Serial (MPI disabled)
wind_solver: GPU Backend: None (CPU-only)
wind_solver: FFT Backend: Not available (AMREX_USE_FFT disabled)
wind_solver: AMReX version: 26.05-63-gc2eb6db7ee79
wind_solver: Derivative method: central
wind_solver: Synthetic turbulence: disabled
wind_solver: ========================================

wind_solver: read 121 terrain points from terrain.csv
wind_solver: terrain x [0, 300] m
wind_solver: terrain y [0, 300] m
wind_solver: read 3 building(s) from buildings.csv
wind_solver: terrain reading time = 0.000126996 s
wind_solver: building 1: x=[30, 60] m, y=[30, 60] m, z=[0, 30] m
wind_solver: building 2: x=[120, 150] m, y=[120, 150] m, z=[0, 30] m
wind_solver: building 3: x=[150, 180] m, y=[150, 180] m, z=[0, 30] m
wind_solver: wall functions DISABLED (using no-slip boundary conditions)
wind_solver: terrain elevation [0.1649054178, 48.57417567] m
wind_solver: obstacle height (terrain+buildings) max = 78.57417567 m
wind_solver: terrain interpolation time = 0.000773332 s
wind_solver: grid 30 x 30 x 28  (dx=10 m, dy=10 m, dz=9.943188223 m)
wind_solver: vertical domain [0.1649054178, 278.5741757] m
wind_solver: grid setup time = 0.001290224 s
wind_solver: initializing wind field with mode: powerlaw
wind_solver: power-law profile initialization
  U_ref = 10 m/s, V_ref = 0 m/s
  z_ref = 10 m
  powerlaw_exponent = 0.143
wind_solver: wind initialization time = 0.000599842 s
wind_solver: RHS computation time = 0.000140472 s
wind_solver: Poisson operator setup time = 0.00095752 s
wind_solver: starting MLMG Poisson solve...
wind_solver: MLMG solve complete.
wind_solver: Poisson solve time = 0.038183541 s
wind_solver: velocity correction time = 0.00035132 s
wind_solver: max |div(u)| before correction = 0.5912277342 s⁻¹
wind_solver: max |div(u)| after  correction = 0.5835834937 s⁻¹
wind_solver: divergence computation time = 0.002126112 s
wind_solver: plotfile written to plt_powerlaw_building_terrain00000
wind_solver: output writing time = 0.004025788 s
wind_solver: terrain-aligned extraction 1/1 at AGL = 15 m  →  k = 1  (physical z = 15.07968775 m)
wind_solver: terrain-aligned extraction written to wind_extract.csv  (900 points)
wind_solver: ========================================
wind_solver: total execution time = 0.05111292 s
wind_solver: ========================================
wind_solver: done.
AMReX (26.05-63-gc2eb6db7ee79) finalized
<end of output>
Test time =   0.06 sec
----------------------------------------------------------
Test Passed.
"powerlaw_building_terrain" end time: Jun 04 08:46 UTC
"powerlaw_building_terrain" time elapsed: 00:00:00
----------------------------------------------------------

11/69 Testing: buildings_flat
11/69 Test: buildings_flat
Command: "/tmp/workspace/hgopalan/massconsistent_amr/build-ci-baseline/wind_solver" "/tmp/workspace/hgopalan/massconsistent_amr/regtest/buildings_flat/inputs.i"
Directory: /tmp/workspace/hgopalan/massconsistent_amr/build-ci-baseline/regtest/buildings_flat
"buildings_flat" start time: Jun 04 08:46 UTC
Output:
----------------------------------------------------------
Initializing AMReX (26.05-63-gc2eb6db7ee79)...
AMReX (26.05-63-gc2eb6db7ee79) initialized
wind_solver: using central derivatives
wind_solver: input parsing time = 5.0809e-05 s
wind_solver: ========================================
wind_solver: Solver Configuration
wind_solver: ========================================
wind_solver: Parallelization: Serial (MPI disabled)
wind_solver: GPU Backend: None (CPU-only)
wind_solver: FFT Backend: Not available (AMREX_USE_FFT disabled)
wind_solver: AMReX version: 26.05-63-gc2eb6db7ee79
wind_solver: Derivative method: central
wind_solver: Synthetic turbulence: disabled
wind_solver: ========================================

wind_solver: read 9 terrain points from terrain.csv
wind_solver: terrain x [0, 200] m
wind_solver: terrain y [0, 100] m
wind_solver: read 2 building(s) from buildings.csv
wind_solver: terrain reading time = 7.8964e-05 s
wind_solver: building 1: x=[40, 60] m, y=[40, 60] m, z=[0, 30] m
wind_solver: building 2: x=[100, 140] m, y=[60, 80] m, z=[0, 50] m
wind_solver: wall functions DISABLED (using no-slip boundary conditions)
wind_solver: terrain elevation [0, 0] m
wind_solver: obstacle height (terrain+buildings) max = 50 m
wind_solver: terrain interpolation time = 5.6566e-05 s
wind_solver: grid 20 x 10 x 15  (dx=10 m, dy=10 m, dz=10 m)
wind_solver: vertical domain [0, 150] m
wind_solver: grid setup time = 0.00024504 s
wind_solver: initializing wind field with mode: loglaw
wind_solver: wind initialization time = 7.1228e-05 s
wind_solver: RHS computation time = 2.6627e-05 s
wind_solver: Poisson operator setup time = 0.000237108 s
wind_solver: starting MLMG Poisson solve...
MLMG: Initial rhs               = 0.6621135155
MLMG: Initial residual (resid0) = 0.6621135155
MLMG: Final Iter. 2 resid, resid/bnorm = 5.541541353e-09, 8.369473245e-09
MLMG: Timers: Solve = 0.004299175 Iter = 0.004210746 Bottom = 0.004167671
wind_solver: MLMG solve complete.
wind_solver: Poisson solve time = 0.004311028 s
wind_solver: velocity correction time = 4.3896e-05 s
wind_solver: max |div(u)| before correction = 0.6621135155 s⁻¹
wind_solver: max |div(u)| after  correction = 0.4364905212 s⁻¹
wind_solver: divergence computation time = 0.00032101 s
wind_solver: plotfile written to plt_buildings_flat00000
wind_solver: output writing time = 0.002386563 s
wind_solver: ========================================
wind_solver: total execution time = 0.007985849 s
wind_solver: ========================================
wind_solver: done.
AMReX (26.05-63-gc2eb6db7ee79) finalized
<end of output>
Test time =   0.01 sec
----------------------------------------------------------
Test Passed.
"buildings_flat" end time: Jun 04 08:46 UTC
"buildings_flat" time elapsed: 00:00:00
----------------------------------------------------------

12/69 Testing: buildings_csv
12/69 Test: buildings_csv
Command: "/tmp/workspace/hgopalan/massconsistent_amr/build-ci-baseline/wind_solver" "/tmp/workspace/hgopalan/massconsistent_amr/regtest/buildings_csv/inputs.i"
Directory: /tmp/workspace/hgopalan/massconsistent_amr/build-ci-baseline/regtest/buildings_csv
"buildings_csv" start time: Jun 04 08:46 UTC
Output:
----------------------------------------------------------
Initializing AMReX (26.05-63-gc2eb6db7ee79)...
AMReX (26.05-63-gc2eb6db7ee79) initialized
wind_solver: using central derivatives
wind_solver: input parsing time = 3.9827e-05 s
wind_solver: ========================================
wind_solver: Solver Configuration
wind_solver: ========================================
wind_solver: Parallelization: Serial (MPI disabled)
wind_solver: GPU Backend: None (CPU-only)
wind_solver: FFT Backend: Not available (AMREX_USE_FFT disabled)
wind_solver: AMReX version: 26.05-63-gc2eb6db7ee79
wind_solver: Derivative method: central
wind_solver: Synthetic turbulence: disabled
wind_solver: ========================================

wind_solver: read 4 terrain points from terrain.csv
wind_solver: terrain x [0, 200] m
wind_solver: terrain y [0, 200] m
wind_solver: read 3 building(s) from buildings.csv
wind_solver: terrain reading time = 4.9663e-05 s
wind_solver: building 1: x=[30, 50] m, y=[30, 50] m, z=[0, 20] m
wind_solver: building 2: x=[80, 120] m, y=[60, 90] m, z=[0, 40] m
wind_solver: building 3: x=[140, 170] m, y=[120, 160] m, z=[0, 60] m
wind_solver: wall functions DISABLED (using no-slip boundary conditions)
wind_solver: terrain elevation [0, 0] m
wind_solver: obstacle height (terrain+buildings) max = 60 m
wind_solver: terrain interpolation time = 5.5278e-05 s
wind_solver: grid 20 x 20 x 16  (dx=10 m, dy=10 m, dz=10 m)
wind_solver: vertical domain [0, 160] m
wind_solver: grid setup time = 0.000397578 s
wind_solver: initializing wind field with mode: loglaw
wind_solver: wind initialization time = 0.000120017 s
wind_solver: RHS computation time = 3.8245e-05 s
wind_solver: Poisson operator setup time = 0.000458696 s
wind_solver: starting MLMG Poisson solve...
MLMG: Initial rhs               = 0.5812388396
MLMG: Initial residual (resid0) = 0.5812388396
MLMG: Final Iter. 2 resid, resid/bnorm = 5.310100737e-09, 9.135832595e-09
MLMG: Timers: Solve = 0.00621901 Iter = 0.005992839 Bottom = 0.000376397
wind_solver: MLMG solve complete.
wind_solver: Poisson solve time = 0.006235644 s
wind_solver: velocity correction time = 0.000102452 s
wind_solver: max |div(u)| before correction = 0.5812388396 s⁻¹
wind_solver: max |div(u)| after  correction = 0.4884832913 s⁻¹
wind_solver: divergence computation time = 0.000676321 s
wind_solver: plotfile written to plt_buildings_csv00000
wind_solver: output writing time = 0.00268677 s
wind_solver: ========================================
wind_solver: total execution time = 0.011059064 s
wind_solver: ========================================
wind_solver: done.
AMReX (26.05-63-gc2eb6db7ee79) finalized
<end of output>
Test time =   0.02 sec
----------------------------------------------------------
Test Passed.
"buildings_csv" end time: Jun 04 08:46 UTC
"buildings_csv" time elapsed: 00:00:00
----------------------------------------------------------

13/69 Testing: buildings_terrain
13/69 Test: buildings_terrain
Command: "/tmp/workspace/hgopalan/massconsistent_amr/build-ci-baseline/wind_solver" "/tmp/workspace/hgopalan/massconsistent_amr/regtest/buildings_terrain/inputs.i"
Directory: /tmp/workspace/hgopalan/massconsistent_amr/build-ci-baseline/regtest/buildings_terrain
"buildings_terrain" start time: Jun 04 08:46 UTC
Output:
----------------------------------------------------------
Initializing AMReX (26.05-63-gc2eb6db7ee79)...
AMReX (26.05-63-gc2eb6db7ee79) initialized
wind_solver: using central derivatives
wind_solver: input parsing time = 3.9874e-05 s
wind_solver: ========================================
wind_solver: Solver Configuration
wind_solver: ========================================
wind_solver: Parallelization: Serial (MPI disabled)
wind_solver: GPU Backend: None (CPU-only)
wind_solver: FFT Backend: Not available (AMREX_USE_FFT disabled)
wind_solver: AMReX version: 26.05-63-gc2eb6db7ee79
wind_solver: Derivative method: central
wind_solver: Synthetic turbulence: disabled
wind_solver: ========================================

wind_solver: read 121 terrain points from terrain.csv
wind_solver: terrain x [0, 300] m
wind_solver: terrain y [0, 300] m
wind_solver: read 3 building(s) from buildings.csv
wind_solver: terrain reading time = 0.000125239 s
wind_solver: building 1: x=[30, 60] m, y=[30, 60] m, z=[0, 30] m
wind_solver: building 2: x=[120, 150] m, y=[120, 150] m, z=[0, 30] m
wind_solver: building 3: x=[150, 180] m, y=[150, 180] m, z=[0, 30] m
wind_solver: wall functions DISABLED (using no-slip boundary conditions)
wind_solver: terrain elevation [0.4974860909, 44.0460695] m
wind_solver: obstacle height (terrain+buildings) max = 74.0460695 m
wind_solver: terrain interpolation time = 9.9588e-05 s
wind_solver: grid 10 x 10 x 7  (dx=30 m, dy=30 m, dz=24.79265477 m)
wind_solver: vertical domain [0.4974860909, 174.0460695] m
wind_solver: grid setup time = 9.7513e-05 s
wind_solver: initializing wind field with mode: loglaw
wind_solver: wind initialization time = 2.6075e-05 s
wind_solver: RHS computation time = 6.83e-06 s
wind_solver: Poisson operator setup time = 0.000140191 s
wind_solver: starting MLMG Poisson solve...
MLMG: Initial rhs               = 0.3434687496
MLMG: Initial residual (resid0) = 0.3434687496
MLMG: Final Iter. 2 resid, resid/bnorm = 2.142634565e-09, 6.238222742e-09
MLMG: Timers: Solve = 0.000690498 Iter = 0.000647939 Bottom = 0.000629936
wind_solver: MLMG solve complete.
wind_solver: Poisson solve time = 0.000695618 s
wind_solver: velocity correction time = 9.449e-06 s
wind_solver: max |div(u)| before correction = 0.3434687496 s⁻¹
wind_solver: max |div(u)| after  correction = 0.3563940266 s⁻¹
wind_solver: divergence computation time = 8.1351e-05 s
wind_solver: plotfile written to plt_buildings_terrain00000
wind_solver: output writing time = 0.002084154 s
wind_solver: ========================================
wind_solver: total execution time = 0.003481542 s
wind_solver: ========================================
wind_solver: done.
AMReX (26.05-63-gc2eb6db7ee79) finalized
<end of output>
Test time =   0.01 sec
----------------------------------------------------------
Test Passed.
"buildings_terrain" end time: Jun 04 08:46 UTC
"buildings_terrain" time elapsed: 00:00:00
----------------------------------------------------------

14/69 Testing: wake_single_building
14/69 Test: wake_single_building
Command: "/tmp/workspace/hgopalan/massconsistent_amr/build-ci-baseline/wind_solver" "/tmp/workspace/hgopalan/massconsistent_amr/regtest/wake_single_building/inputs.i"
Directory: /tmp/workspace/hgopalan/massconsistent_amr/build-ci-baseline/regtest/wake_single_building
"wake_single_building" start time: Jun 04 08:46 UTC
Output:
----------------------------------------------------------
Initializing AMReX (26.05-63-gc2eb6db7ee79)...
AMReX (26.05-63-gc2eb6db7ee79) initialized
wind_solver: using central derivatives
wind_solver: input parsing time = 4.2545e-05 s
wind_solver: ========================================
wind_solver: Solver Configuration
wind_solver: ========================================
wind_solver: Parallelization: Serial (MPI disabled)
wind_solver: GPU Backend: None (CPU-only)
wind_solver: FFT Backend: Not available (AMREX_USE_FFT disabled)
wind_solver: AMReX version: 26.05-63-gc2eb6db7ee79
wind_solver: Derivative method: central
wind_solver: Synthetic turbulence: disabled
wind_solver: ========================================

wind_solver: read 4 terrain points from terrain.csv
wind_solver: terrain x [0, 300] m
wind_solver: terrain y [0, 200] m
wind_solver: read 1 building(s) from buildings.csv
wind_solver: terrain reading time = 4.8573e-05 s
wind_solver: building 1: x=[80, 120] m, y=[90, 110] m, z=[0, 30] m
wind_solver: wall functions DISABLED (using no-slip boundary conditions)
wind_solver: terrain elevation [0, 0] m
wind_solver: obstacle height (terrain+buildings) max = 30 m
wind_solver: terrain interpolation time = 0.000184669 s
wind_solver: grid 60 x 40 x 36  (dx=5 m, dy=5 m, dz=5 m)
wind_solver: vertical domain [0, 180] m
wind_solver: grid setup time = 0.00441589 s
wind_solver: initializing wind field with mode: loglaw
wind_solver: applying wake model (Röckle formulation)
  cavity length coeff c1 = 0.9
  wake deficit coeff c2 = 0.3
  separation length factor = 3
  wake superposition = enabled
  using Röckle (1990) wake model
wind_solver: wind initialization time = 0.002588852 s
wind_solver: RHS computation time = 0.00049274 s
wind_solver: Poisson operator setup time = 0.00344059 s
wind_solver: starting MLMG Poisson solve...
MLMG: Initial rhs               = 1.217823206
MLMG: Initial residual (resid0) = 1.217823206
MLMG: Final Iter. 2 resid, resid/bnorm = 2.171944722e-09, 1.783464718e-09
MLMG: Timers: Solve = 0.090281548 Iter = 0.087736406 Bottom = 0.008320136
wind_solver: MLMG solve complete.
wind_solver: Poisson solve time = 0.090356894 s
wind_solver: velocity correction time = 0.001297048 s
wind_solver: max |div(u)| before correction = 1.217823206 s⁻¹
wind_solver: max |div(u)| after  correction = 0.8511040745 s⁻¹
wind_solver: divergence computation time = 0.011576635 s
wind_solver: plotfile written to plt_wake_single_building00000
wind_solver: output writing time = 0.009382497 s
wind_solver: terrain-aligned extraction 1/1 at AGL = 10 m  →  k = 2  (physical z = 12.5 m)
wind_solver: terrain-aligned extraction written to wind_wake_10m.csv  (2400 points)
wind_solver: ========================================
wind_solver: total execution time = 0.131557659 s
wind_solver: ========================================
wind_solver: done.
AMReX (26.05-63-gc2eb6db7ee79) finalized
<end of output>
Test time =   0.14 sec
----------------------------------------------------------
Test Passed.
"wake_single_building" end time: Jun 04 08:46 UTC
"wake_single_building" time elapsed: 00:00:00
----------------------------------------------------------

15/69 Testing: rooftop_vortex
15/69 Test: rooftop_vortex
Command: "/tmp/workspace/hgopalan/massconsistent_amr/build-ci-baseline/wind_solver" "/tmp/workspace/hgopalan/massconsistent_amr/regtest/rooftop_vortex/inputs.i"
Directory: /tmp/workspace/hgopalan/massconsistent_amr/build-ci-baseline/regtest/rooftop_vortex
"rooftop_vortex" start time: Jun 04 08:46 UTC
Output:
----------------------------------------------------------
Initializing AMReX (26.05-63-gc2eb6db7ee79)...
AMReX (26.05-63-gc2eb6db7ee79) initialized
wind_solver: using central derivatives
wind_solver: input parsing time = 6.2457e-05 s
wind_solver: ========================================
wind_solver: Solver Configuration
wind_solver: ========================================
wind_solver: Parallelization: Serial (MPI disabled)
wind_solver: GPU Backend: None (CPU-only)
wind_solver: FFT Backend: Not available (AMREX_USE_FFT disabled)
wind_solver: AMReX version: 26.05-63-gc2eb6db7ee79
wind_solver: Derivative method: central
wind_solver: Synthetic turbulence: disabled
wind_solver: ========================================

wind_solver: read 11 terrain points from terrain.csv
wind_solver: terrain x [0, 1000] m
wind_solver: terrain y [0, 1000] m
wind_solver: read 1 building(s) from buildings.csv
wind_solver: terrain reading time = 8.1453e-05 s
wind_solver: building 1: x=[270, 330] m, y=[290, 310] m, z=[0, 30] m
wind_solver: wall functions DISABLED (using no-slip boundary conditions)
wind_solver: terrain elevation [0, 0] m
wind_solver: obstacle height (terrain+buildings) max = 0 m
wind_solver: terrain interpolation time = 0.000166231 s
wind_solver: grid 33 x 33 x 15  (dx=30.3030303 m, dy=30.3030303 m, dz=20 m)
wind_solver: vertical domain [0, 300] m
wind_solver: grid setup time = 0.001019498 s
wind_solver: initializing wind field with mode: loglaw
wind_solver: applying wake model (Röckle formulation)
  cavity length coeff c1 = 0.9
  wake deficit coeff c2 = 0.3
  separation length factor = 3
  wake superposition = enabled
  using Röckle (1990) wake model
wind_solver: wind initialization time = 0.000552909 s
wind_solver: RHS computation time = 0.0001083 s
wind_solver: Poisson operator setup time = 0.000821224 s
wind_solver: starting MLMG Poisson solve...
MLMG: Initial rhs               = 0.03238095238
MLMG: Initial residual (resid0) = 0.03238095238
MLMG: Final Iter. 2 resid, resid/bnorm = 2.509667804e-10, 7.750444687e-09
MLMG: Timers: Solve = 0.03894823 Iter = 0.038589033 Bottom = 0.038369368
wind_solver: MLMG solve complete.
wind_solver: Poisson solve time = 0.038988634 s
wind_solver: velocity correction time = 0.000137003 s
wind_solver: max |div(u)| before correction = 0.03238095238 s⁻¹
wind_solver: max |div(u)| after  correction = 0.02751070067 s⁻¹
wind_solver: divergence computation time = 0.001807906 s
wind_solver: plotfile written to plt_rooftop_vortex00000
wind_solver: output writing time = 0.003597726 s
wind_solver: terrain-aligned extraction 1/1 at AGL = 5 m  →  k = 0  (physical z = 10 m)
wind_solver: terrain-aligned extraction written to rooftop_vortex_profile.csv  (1089 points)
wind_solver: ========================================
wind_solver: total execution time = 0.050234741 s
wind_solver: ========================================
wind_solver: done.
Unused ParmParse Variables:
  [TOP]::nx(nvals = 1)  :: [40]
  [TOP]::ny(nvals = 1)  :: [40]
  [TOP]::nz(nvals = 1)  :: [20]
  [TOP]::x_hi(nvals = 1)  :: [1100.0]
  [TOP]::x_lo(nvals = 1)  :: [-100.0]
  [TOP]::y_hi(nvals = 1)  :: [1100.0]
  [TOP]::y_lo(nvals = 1)  :: [-100.0]
  [TOP]::z_hi(nvals = 1)  :: [400.0]
  [TOP]::z_lo(nvals = 1)  :: [0.0]

AMReX (26.05-63-gc2eb6db7ee79) finalized
<end of output>
Test time =   0.06 sec
----------------------------------------------------------
Test Passed.
"rooftop_vortex" end time: Jun 04 08:46 UTC
"rooftop_vortex" time elapsed: 00:00:00
----------------------------------------------------------

16/69 Testing: building_oriented
16/69 Test: building_oriented
Command: "/tmp/workspace/hgopalan/massconsistent_amr/build-ci-baseline/wind_solver" "/tmp/workspace/hgopalan/massconsistent_amr/regtest/building_oriented/inputs.i"
Directory: /tmp/workspace/hgopalan/massconsistent_amr/build-ci-baseline/regtest/building_oriented
"building_oriented" start time: Jun 04 08:46 UTC
Output:
----------------------------------------------------------
Initializing AMReX (26.05-63-gc2eb6db7ee79)...
AMReX (26.05-63-gc2eb6db7ee79) initialized
wind_solver: using central derivatives
wind_solver: input parsing time = 6.4398e-05 s
wind_solver: ========================================
wind_solver: Solver Configuration
wind_solver: ========================================
wind_solver: Parallelization: Serial (MPI disabled)
wind_solver: GPU Backend: None (CPU-only)
wind_solver: FFT Backend: Not available (AMREX_USE_FFT disabled)
wind_solver: AMReX version: 26.05-63-gc2eb6db7ee79
wind_solver: Derivative method: central
wind_solver: Synthetic turbulence: disabled
wind_solver: ========================================

wind_solver: read 11 terrain points from terrain.csv
wind_solver: terrain x [0, 1000] m
wind_solver: terrain y [0, 1000] m
wind_solver: read 1 building(s) from buildings.csv
wind_solver: terrain reading time = 7.9899e-05 s
wind_solver: building 1: x=[375, 425] m, y=[385, 415] m, z=[0, 35] m
wind_solver: wall functions DISABLED (using no-slip boundary conditions)
wind_solver: terrain elevation [0, 0] m
wind_solver: obstacle height (terrain+buildings) max = 35 m
wind_solver: terrain interpolation time = 0.000163294 s
wind_solver: grid 33 x 33 x 17  (dx=30.3030303 m, dy=30.3030303 m, dz=19.70588235 m)
wind_solver: vertical domain [0, 335] m
wind_solver: grid setup time = 0.001231126 s
wind_solver: initializing wind field with mode: loglaw
wind_solver: applying wake model (Röckle formulation)
  cavity length coeff c1 = 0.9
  wake deficit coeff c2 = 0.3
  separation length factor = 3
  wake superposition = enabled
  using Röckle (1990) wake model
wind_solver: wind initialization time = 0.000634329 s
wind_solver: RHS computation time = 0.000118406 s
wind_solver: Poisson operator setup time = 0.000943541 s
wind_solver: starting MLMG Poisson solve...
MLMG: Initial rhs               = 0.2186163461
MLMG: Initial residual (resid0) = 0.2186163461
MLMG: Final Iter. 2 resid, resid/bnorm = 1.78873063e-09, 8.182053456e-09
MLMG: Timers: Solve = 0.051538501 Iter = 0.051096177 Bottom = 0.050840968
wind_solver: MLMG solve complete.
wind_solver: Poisson solve time = 0.051576721 s
wind_solver: velocity correction time = 0.000148572 s
wind_solver: max |div(u)| before correction = 0.2186163461 s⁻¹
wind_solver: max |div(u)| after  correction = 0.1643890906 s⁻¹
wind_solver: divergence computation time = 0.001956634 s
wind_solver: plotfile written to plt_oriented_building00000
wind_solver: output writing time = 0.003809312 s
wind_solver: terrain-aligned extraction 1/1 at AGL = 10 m  →  k = 0  (physical z = 9.852941176 m)
wind_solver: terrain-aligned extraction written to oriented_building_profile.csv  (1089 points)
wind_solver: ========================================
wind_solver: total execution time = 0.063459448 s
wind_solver: ========================================
wind_solver: done.
Unused ParmParse Variables:
  [TOP]::nx(nvals = 1)  :: [40]
  [TOP]::ny(nvals = 1)  :: [40]
  [TOP]::nz(nvals = 1)  :: [15]
  [TOP]::x_hi(nvals = 1)  :: [1100.0]
  [TOP]::x_lo(nvals = 1)  :: [-100.0]
  [TOP]::y_hi(nvals = 1)  :: [1100.0]
  [TOP]::y_lo(nvals = 1)  :: [-100.0]
  [TOP]::z_hi(nvals = 1)  :: [300.0]
  [TOP]::z_lo(nvals = 1)  :: [0.0]

AMReX (26.05-63-gc2eb6db7ee79) finalized
<end of output>
Test time =   0.07 sec
----------------------------------------------------------
Test Passed.
"building_oriented" end time: Jun 04 08:46 UTC
"building_oriented" time elapsed: 00:00:00
----------------------------------------------------------

17/69 Testing: building_array
17/69 Test: building_array
Command: "/tmp/workspace/hgopalan/massconsistent_amr/build-ci-baseline/wind_solver" "/tmp/workspace/hgopalan/massconsistent_amr/regtest/building_array/inputs.i"
Directory: /tmp/workspace/hgopalan/massconsistent_amr/build-ci-baseline/regtest/building_array
"building_array" start time: Jun 04 08:46 UTC
Output:
----------------------------------------------------------
Initializing AMReX (26.05-63-gc2eb6db7ee79)...
AMReX (26.05-63-gc2eb6db7ee79) initialized
wind_solver: using central derivatives
wind_solver: input parsing time = 5.575e-05 s
wind_solver: ========================================
wind_solver: Solver Configuration
wind_solver: ========================================
wind_solver: Parallelization: Serial (MPI disabled)
wind_solver: GPU Backend: None (CPU-only)
wind_solver: FFT Backend: Not available (AMREX_USE_FFT disabled)
wind_solver: AMReX version: 26.05-63-gc2eb6db7ee79
wind_solver: Derivative method: central
wind_solver: Synthetic turbulence: disabled
wind_solver: ========================================

wind_solver: read 4 terrain points from terrain.csv
wind_solver: terrain x [0, 300] m
wind_solver: terrain y [0, 300] m
wind_solver: read 9 building(s) from buildings.csv
wind_solver: terrain reading time = 8.3639e-05 s
wind_solver: building 1: x=[40, 60] m, y=[40, 60] m, z=[0, 30] m
wind_solver: building 2: x=[100, 120] m, y=[40, 60] m, z=[0, 30] m
wind_solver: building 3: x=[160, 180] m, y=[40, 60] m, z=[0, 30] m
wind_solver: building 4: x=[40, 60] m, y=[100, 120] m, z=[0, 30] m
wind_solver: building 5: x=[100, 120] m, y=[100, 120] m, z=[0, 30] m
wind_solver: building 6: x=[160, 180] m, y=[100, 120] m, z=[0, 30] m
wind_solver: building 7: x=[40, 60] m, y=[160, 180] m, z=[0, 30] m
wind_solver: building 8: x=[100, 120] m, y=[160, 180] m, z=[0, 30] m
wind_solver: building 9: x=[160, 180] m, y=[160, 180] m, z=[0, 30] m
wind_solver: wall functions DISABLED (using no-slip boundary conditions)
wind_solver: terrain elevation [0, 0] m
wind_solver: obstacle height (terrain+buildings) max = 30 m
wind_solver: terrain interpolation time = 0.000336197 s
wind_solver: grid 60 x 60 x 36  (dx=5 m, dy=5 m, dz=5 m)
wind_solver: vertical domain [0, 180] m
wind_solver: grid setup time = 0.006303723 s
wind_solver: initializing wind field with mode: loglaw
wind_solver: applying wake model (Röckle formulation)
  cavity length coeff c1 = 0.9
  wake deficit coeff c2 = 0.3
  separation length factor = 3
  wake superposition = enabled
  street canyon effects enabled (reduction factor = 0.3)
  using Röckle (1990) wake model
wind_solver: wind initialization time = 0.00910476 s
wind_solver: RHS computation time = 0.000755979 s
wind_solver: Poisson operator setup time = 0.005008798 s
wind_solver: starting MLMG Poisson solve...
MLMG: Initial rhs               = 0.5625215365
MLMG: Initial residual (resid0) = 0.5625215365
MLMG: Final Iter. 3 resid, resid/bnorm = 2.375676045e-12, 4.223262383e-12
MLMG: Timers: Solve = 0.187889896 Iter = 0.184236368 Bottom = 0.01950863
wind_solver: MLMG solve complete.
wind_solver: Poisson solve time = 0.188009883 s
wind_solver: velocity correction time = 0.002011897 s
wind_solver: max |div(u)| before correction = 0.5625215365 s⁻¹
wind_solver: max |div(u)| after  correction = 0.3274320008 s⁻¹
wind_solver: divergence computation time = 0.017019449 s
wind_solver: plotfile written to plt_building_array00000
wind_solver: output writing time = 0.012228609 s
wind_solver: terrain-aligned extraction 1/1 at AGL = 10 m  →  k = 2  (physical z = 12.5 m)
wind_solver: terrain-aligned extraction written to wind_array_10m.csv  (3600 points)
wind_solver: ========================================
wind_solver: total execution time = 0.251444359 s
wind_solver: ========================================
wind_solver: done.
AMReX (26.05-63-gc2eb6db7ee79) finalized
<end of output>
Test time =   0.26 sec
----------------------------------------------------------
Test Passed.
"building_array" end time: Jun 04 08:46 UTC
"building_array" time elapsed: 00:00:00
----------------------------------------------------------

18/69 Testing: porous_buildings
18/69 Test: porous_buildings
Command: "/tmp/workspace/hgopalan/massconsistent_amr/build-ci-baseline/wind_solver" "/tmp/workspace/hgopalan/massconsistent_amr/regtest/porous_buildings/inputs.i"
Directory: /tmp/workspace/hgopalan/massconsistent_amr/build-ci-baseline/regtest/porous_buildings
"porous_buildings" start time: Jun 04 08:46 UTC
Output:
----------------------------------------------------------
Initializing AMReX (26.05-63-gc2eb6db7ee79)...
AMReX (26.05-63-gc2eb6db7ee79) initialized
wind_solver: using central derivatives
wind_solver: input parsing time = 5.6586e-05 s
wind_solver: ========================================
wind_solver: Solver Configuration
wind_solver: ========================================
wind_solver: Parallelization: Serial (MPI disabled)
wind_solver: GPU Backend: None (CPU-only)
wind_solver: FFT Backend: Not available (AMREX_USE_FFT disabled)
wind_solver: AMReX version: 26.05-63-gc2eb6db7ee79
wind_solver: Derivative method: central
wind_solver: Synthetic turbulence: disabled
wind_solver: ========================================

wind_solver: read 25 terrain points from terrain.csv
wind_solver: terrain x [0, 100] m
wind_solver: terrain y [0, 100] m
wind_solver: read 2 porous building(s) from porous_buildings.csv
wind_solver: terrain reading time = 7.8838e-05 s
wind_solver: wall functions DISABLED (using no-slip boundary conditions)
wind_solver: terrain elevation [0, 0] m
wind_solver: terrain interpolation time = 4.9293e-05 s
wind_solver: grid 10 x 10 x 5  (dx=10 m, dy=10 m, dz=10 m)
wind_solver: vertical domain [0, 50] m
wind_solver: grid setup time = 9.728e-05 s
wind_solver: initializing wind field with mode: loglaw
wind_solver: applying building porosity model
  porosity drag coefficient = 0.3
wind_solver: wind initialization time = 6.252e-05 s
wind_solver: RHS computation time = 1.0553e-05 s
wind_solver: Poisson operator setup time = 0.000151424 s
wind_solver: starting MLMG Poisson solve...
wind_solver: MLMG solve complete.
wind_solver: Poisson solve time = 5.2893e-05 s
wind_solver: velocity correction time = 1.4782e-05 s
wind_solver: max |div(u)| before correction = 0 s⁻¹
wind_solver: max |div(u)| after  correction = 0 s⁻¹
wind_solver: divergence computation time = 7.7008e-05 s
wind_solver: plotfile written to plt_porous_buildings00000
wind_solver: output writing time = 0.001939161 s
wind_solver: terrain-aligned extraction 1/1 at AGL = 10 m  →  k = 1  (physical z = 15 m)
wind_solver: terrain-aligned extraction written to wind_extract.csv  (100 points)
wind_solver: ========================================
wind_solver: total execution time = 0.003000468 s
wind_solver: ========================================
wind_solver: done.
AMReX (26.05-63-gc2eb6db7ee79) finalized
<end of output>
Test time =   0.01 sec
----------------------------------------------------------
Test Passed.
"porous_buildings" end time: Jun 04 08:46 UTC
"porous_buildings" time elapsed: 00:00:00
----------------------------------------------------------

19/69 Testing: multiheight_extraction
19/69 Test: multiheight_extraction
Command: "/tmp/workspace/hgopalan/massconsistent_amr/build-ci-baseline/wind_solver" "/tmp/workspace/hgopalan/massconsistent_amr/regtest/multiheight_extraction/inputs.i"
Directory: /tmp/workspace/hgopalan/massconsistent_amr/build-ci-baseline/regtest/multiheight_extraction
"multiheight_extraction" start time: Jun 04 08:46 UTC
Output:
----------------------------------------------------------
Initializing AMReX (26.05-63-gc2eb6db7ee79)...
AMReX (26.05-63-gc2eb6db7ee79) initialized
wind_solver: using central derivatives
wind_solver: input parsing time = 6.199e-05 s
wind_solver: ========================================
wind_solver: Solver Configuration
wind_solver: ========================================
wind_solver: Parallelization: Serial (MPI disabled)
wind_solver: GPU Backend: None (CPU-only)
wind_solver: FFT Backend: Not available (AMREX_USE_FFT disabled)
wind_solver: AMReX version: 26.05-63-gc2eb6db7ee79
wind_solver: Derivative method: central
wind_solver: Synthetic turbulence: disabled
wind_solver: ========================================

wind_solver: read 121 terrain points from terrain.csv
wind_solver: terrain x [0, 300] m
wind_solver: terrain y [0, 300] m
wind_solver: terrain reading time = 0.000117358 s
wind_solver: wall functions DISABLED (using no-slip boundary conditions)
wind_solver: terrain elevation [0.4974860909, 44.0460695] m
wind_solver: terrain interpolation time = 9.3766e-05 s
wind_solver: grid 10 x 10 x 8  (dx=30 m, dy=30 m, dz=24.19357293 m)
wind_solver: vertical domain [0.4974860909, 194.0460695] m
wind_solver: grid setup time = 0.000105717 s
wind_solver: initializing wind field with mode: loglaw
wind_solver: wind initialization time = 2.9376e-05 s
wind_solver: RHS computation time = 7.27e-06 s
wind_solver: Poisson operator setup time = 0.000235302 s
wind_solver: starting MLMG Poisson solve...
wind_solver: MLMG solve complete.
wind_solver: Poisson solve time = 0.001025094 s
wind_solver: velocity correction time = 1.3258e-05 s
wind_solver: max |div(u)| before correction = 0.1793587762 s⁻¹
wind_solver: max |div(u)| after  correction = 0.1395195664 s⁻¹
wind_solver: divergence computation time = 0.000105874 s
wind_solver: plotfile written to plt_multiheight00000
wind_solver: output writing time = 0.002080174 s
wind_solver: terrain-aligned extraction 1/3 at AGL = 10 m  →  k = 0  (physical z = 12.59427255 m)
wind_solver: terrain-aligned extraction written to wind_extract_10m.csv  (100 points)
wind_solver: terrain-aligned extraction 2/3 at AGL = 50 m  →  k = 2  (physical z = 60.98141841 m)
wind_solver: terrain-aligned extraction written to wind_extract_50m.csv  (100 points)
wind_solver: terrain-aligned extraction 3/3 at AGL = 100 m  →  k = 4  (physical z = 109.3685643 m)
wind_solver: terrain-aligned extraction written to wind_extract_100m.csv  (100 points)
wind_solver: ========================================
wind_solver: total execution time = 0.004894875 s
wind_solver: ========================================
wind_solver: done.
AMReX (26.05-63-gc2eb6db7ee79) finalized
<end of output>
Test time =   0.01 sec
----------------------------------------------------------
Test Passed.
"multiheight_extraction" end time: Jun 04 08:46 UTC
"multiheight_extraction" time elapsed: 00:00:00
----------------------------------------------------------

20/69 Testing: wall_function_flat
20/69 Test: wall_function_flat
Command: "/tmp/workspace/hgopalan/massconsistent_amr/build-ci-baseline/wind_solver" "/tmp/workspace/hgopalan/massconsistent_amr/regtest/wall_function_flat/inputs.i"
Directory: /tmp/workspace/hgopalan/massconsistent_amr/build-ci-baseline/regtest/wall_function_flat
"wall_function_flat" start time: Jun 04 08:46 UTC
Output:
----------------------------------------------------------
Initializing AMReX (26.05-63-gc2eb6db7ee79)...
AMReX (26.05-63-gc2eb6db7ee79) initialized
wind_solver: using central derivatives
wind_solver: input parsing time = 4.5336e-05 s
wind_solver: ========================================
wind_solver: Solver Configuration
wind_solver: ========================================
wind_solver: Parallelization: Serial (MPI disabled)
wind_solver: GPU Backend: None (CPU-only)
wind_solver: FFT Backend: Not available (AMREX_USE_FFT disabled)
wind_solver: AMReX version: 26.05-63-gc2eb6db7ee79
wind_solver: Derivative method: central
wind_solver: Synthetic turbulence: disabled
wind_solver: ========================================

wind_solver: read 4 terrain points from terrain_flat.csv
wind_solver: terrain x [0, 10] m
wind_solver: terrain y [0, 10] m
wind_solver: terrain reading time = 3.3517e-05 s
wind_solver: wall functions ENABLED
  terrain wall function: ENABLED
  blend height = 2 cells
  max distance = 3 cells
  stability correction: DISABLED (neutral log-law)
  adaptive activation: DISABLED (always active when enabled)
wind_solver: terrain elevation [0, 0] m
wind_solver: terrain interpolation time = 1.393e-05 s
wind_solver: grid 1 x 1 x 20  (dx=10 m, dy=10 m, dz=5 m)
wind_solver: vertical domain [0, 100] m
wind_solver: grid setup time = 5.8534e-05 s
wind_solver: initializing wind field with mode: loglaw
wind_solver: wind initialization time = 1.8458e-05 s
wind_solver: RHS computation time = 1.405e-06 s
wind_solver: Poisson operator setup time = 0.000115109 s
wind_solver: starting MLMG Poisson solve...
MLMG: Initial rhs               = 1.491502239
MLMG: Initial residual (resid0) = 1.491502239
MLMG: Final Iter. 2 resid, resid/bnorm = 4.508898366e-09, 3.023058395e-09
MLMG: Timers: Solve = 0.000115329 Iter = 8.0864e-05 Bottom = 7.0095e-05
wind_solver: MLMG solve complete.
wind_solver: Poisson solve time = 0.000120155 s
wind_solver: velocity correction time = 2.111e-06 s
wind_solver: max |div(u)| before correction = 1.491502239 s⁻¹
wind_solver: max |div(u)| after  correction = 2.231994629 s⁻¹
wind_solver: divergence computation time = 1.4924e-05 s
wind_solver: plotfile written to plt_wall_function_flat00000
wind_solver: output writing time = 0.001937853 s
wind_solver: terrain-aligned extraction 1/5 at AGL = 5 m  →  k = 1  (physical z = 7.5 m)
wind_solver: terrain-aligned extraction written to wall_function_profile_5m.csv  (1 points)
wind_solver: terrain-aligned extraction 2/5 at AGL = 10 m  →  k = 2  (physical z = 12.5 m)
wind_solver: terrain-aligned extraction written to wall_function_profile_10m.csv  (1 points)
wind_solver: terrain-aligned extraction 3/5 at AGL = 25 m  →  k = 5  (physical z = 27.5 m)
wind_solver: terrain-aligned extraction written to wall_function_profile_25m.csv  (1 points)
wind_solver: terrain-aligned extraction 4/5 at AGL = 50 m  →  k = 10  (physical z = 52.5 m)
wind_solver: terrain-aligned extraction written to wall_function_profile_50m.csv  (1 points)
wind_solver: terrain-aligned extraction 5/5 at AGL = 100 m  →  k = 19  (physical z = 97.5 m)
wind_solver: terrain-aligned extraction written to wall_function_profile_100m.csv  (1 points)
wind_solver: ========================================
wind_solver: total execution time = 0.002621117 s
wind_solver: ========================================
wind_solver: done.
AMReX (26.05-63-gc2eb6db7ee79) finalized
<end of output>
Test time =   0.01 sec
----------------------------------------------------------
Test Passed.
"wall_function_flat" end time: Jun 04 08:46 UTC
"wall_function_flat" time elapsed: 00:00:00
----------------------------------------------------------

21/69 Testing: wall_function_stable
21/69 Test: wall_function_stable
Command: "/tmp/workspace/hgopalan/massconsistent_amr/build-ci-baseline/wind_solver" "/tmp/workspace/hgopalan/massconsistent_amr/regtest/wall_function_stable/inputs.i"
Directory: /tmp/workspace/hgopalan/massconsistent_amr/build-ci-baseline/regtest/wall_function_stable
"wall_function_stable" start time: Jun 04 08:46 UTC
Output:
----------------------------------------------------------
Initializing AMReX (26.05-63-gc2eb6db7ee79)...
AMReX (26.05-63-gc2eb6db7ee79) initialized
wind_solver: using central derivatives
wind_solver: input parsing time = 7.9091e-05 s
wind_solver: ========================================
wind_solver: Solver Configuration
wind_solver: ========================================
wind_solver: Parallelization: Serial (MPI disabled)
wind_solver: GPU Backend: None (CPU-only)
wind_solver: FFT Backend: Not available (AMREX_USE_FFT disabled)
wind_solver: AMReX version: 26.05-63-gc2eb6db7ee79
wind_solver: Derivative method: central
wind_solver: Synthetic turbulence: disabled
wind_solver: ========================================

wind_solver: read 4 terrain points from terrain.csv
wind_solver: terrain x [0, 320] m
wind_solver: terrain y [0, 320] m
wind_solver: terrain reading time = 5.1992e-05 s
wind_solver: wall functions ENABLED
  terrain wall function: ENABLED
  blend height = 2 cells
  max distance = 3 cells
  stability correction: ENABLED
    Obukhov length L = 100 m
    (stable conditions)
  adaptive activation: DISABLED (always active when enabled)
wind_solver: terrain elevation [0, 0] m
wind_solver: terrain interpolation time = 9.4655e-05 s
wind_solver: grid 32 x 32 x 60  (dx=10 m, dy=10 m, dz=5 m)
wind_solver: vertical domain [0, 300] m
wind_solver: grid setup time = 0.002981023 s
wind_solver: initializing wind field with mode: loglaw
wind_solver: wind initialization time = 0.001058955 s
wind_solver: RHS computation time = 0.000353749 s
wind_solver: Poisson operator setup time = 0.00222813 s
wind_solver: starting MLMG Poisson solve...
MLMG: Initial rhs               = 0
MLMG: Initial residual (resid0) = 0
MLMG: No iterations needed
MLMG: Timers: Solve = 0.001713127 Iter = 0 Bottom = 0
wind_solver: MLMG solve complete.
wind_solver: Poisson solve time = 0.001765564 s
wind_solver: velocity correction time = 0.000937456 s
wind_solver: max |div(u)| before correction = 0 s⁻¹
wind_solver: max |div(u)| after  correction = 0 s⁻¹
wind_solver: divergence computation time = 0.008110576 s
wind_solver: plotfile written to plt_wall_function_stable00000
wind_solver: output writing time = 0.00676526 s
wind_solver: terrain-aligned extraction 1/5 at AGL = 5 m  →  k = 1  (physical z = 7.5 m)
wind_solver: terrain-aligned extraction written to wall_function_stable_profile_5m.csv  (1024 points)
wind_solver: terrain-aligned extraction 2/5 at AGL = 10 m  →  k = 2  (physical z = 12.5 m)
wind_solver: terrain-aligned extraction written to wall_function_stable_profile_10m.csv  (1024 points)
wind_solver: terrain-aligned extraction 3/5 at AGL = 25 m  →  k = 5  (physical z = 27.5 m)
wind_solver: terrain-aligned extraction written to wall_function_stable_profile_25m.csv  (1024 points)
wind_solver: terrain-aligned extraction 4/5 at AGL = 50 m  →  k = 10  (physical z = 52.5 m)
wind_solver: terrain-aligned extraction written to wall_function_stable_profile_50m.csv  (1024 points)
wind_solver: terrain-aligned extraction 5/5 at AGL = 100 m  →  k = 20  (physical z = 102.5 m)
wind_solver: terrain-aligned extraction written to wall_function_stable_profile_100m.csv  (1024 points)
wind_solver: ========================================
wind_solver: total execution time = 0.035690998 s
wind_solver: ========================================
wind_solver: done.
Unused ParmParse Variables:
  [TOP]::nx(nvals = 1)  :: [32]
  [TOP]::ny(nvals = 1)  :: [32]
  [TOP]::nz(nvals = 1)  :: [32]
  [TOP]::solve_mass_constraint(nvals = 1)  :: [true]

AMReX (26.05-63-gc2eb6db7ee79) finalized
<end of output>
Test time =   0.04 sec
----------------------------------------------------------
Test Passed.
"wall_function_stable" end time: Jun 04 08:46 UTC
"wall_function_stable" time elapsed: 00:00:00
----------------------------------------------------------

22/69 Testing: wall_function_unstable
22/69 Test: wall_function_unstable
Command: "/tmp/workspace/hgopalan/massconsistent_amr/build-ci-baseline/wind_solver" "/tmp/workspace/hgopalan/massconsistent_amr/regtest/wall_function_unstable/inputs.i"
Directory: /tmp/workspace/hgopalan/massconsistent_amr/build-ci-baseline/regtest/wall_function_unstable
"wall_function_unstable" start time: Jun 04 08:46 UTC
Output:
----------------------------------------------------------
Initializing AMReX (26.05-63-gc2eb6db7ee79)...
AMReX (26.05-63-gc2eb6db7ee79) initialized
wind_solver: using central derivatives
wind_solver: input parsing time = 5.2652e-05 s
wind_solver: ========================================
wind_solver: Solver Configuration
wind_solver: ========================================
wind_solver: Parallelization: Serial (MPI disabled)
wind_solver: GPU Backend: None (CPU-only)
wind_solver: FFT Backend: Not available (AMREX_USE_FFT disabled)
wind_solver: AMReX version: 26.05-63-gc2eb6db7ee79
wind_solver: Derivative method: central
wind_solver: Synthetic turbulence: disabled
wind_solver: ========================================

wind_solver: read 4 terrain points from terrain.csv
wind_solver: terrain x [0, 320] m
wind_solver: terrain y [0, 320] m
wind_solver: terrain reading time = 5.4462e-05 s
wind_solver: wall functions ENABLED
  terrain wall function: ENABLED
  blend height = 2 cells
  max distance = 3 cells
  stability correction: ENABLED
    Obukhov length L = -150 m
    (unstable conditions)
  adaptive activation: DISABLED (always active when enabled)
wind_solver: terrain elevation [0, 0] m
wind_solver: terrain interpolation time = 9.5693e-05 s
wind_solver: grid 32 x 32 x 60  (dx=10 m, dy=10 m, dz=5 m)
wind_solver: vertical domain [0, 300] m
wind_solver: grid setup time = 0.003076925 s
wind_solver: initializing wind field with mode: loglaw
wind_solver: wind initialization time = 0.001485187 s
wind_solver: RHS computation time = 0.000358321 s
wind_solver: Poisson operator setup time = 0.002185059 s
wind_solver: starting MLMG Poisson solve...
MLMG: Initial rhs               = 0
MLMG: Initial residual (resid0) = 0
MLMG: No iterations needed
MLMG: Timers: Solve = 0.001694709 Iter = 0 Bottom = 0
wind_solver: MLMG solve complete.
wind_solver: Poisson solve time = 0.001746319 s
wind_solver: velocity correction time = 0.000923548 s
wind_solver: max |div(u)| before correction = 0 s⁻¹
wind_solver: max |div(u)| after  correction = 0 s⁻¹
wind_solver: divergence computation time = 0.00799664 s
wind_solver: plotfile written to plt_wall_function_unstable00000
wind_solver: output writing time = 0.006800123 s
wind_solver: terrain-aligned extraction 1/5 at AGL = 5 m  →  k = 1  (physical z = 7.5 m)
wind_solver: terrain-aligned extraction written to wall_function_unstable_profile_5m.csv  (1024 points)
wind_solver: terrain-aligned extraction 2/5 at AGL = 10 m  →  k = 2  (physical z = 12.5 m)
wind_solver: terrain-aligned extraction written to wall_function_unstable_profile_10m.csv  (1024 points)
wind_solver: terrain-aligned extraction 3/5 at AGL = 25 m  →  k = 5  (physical z = 27.5 m)
wind_solver: terrain-aligned extraction written to wall_function_unstable_profile_25m.csv  (1024 points)
wind_solver: terrain-aligned extraction 4/5 at AGL = 50 m  →  k = 10  (physical z = 52.5 m)
wind_solver: terrain-aligned extraction written to wall_function_unstable_profile_50m.csv  (1024 points)
wind_solver: terrain-aligned extraction 5/5 at AGL = 100 m  →  k = 20  (physical z = 102.5 m)
wind_solver: terrain-aligned extraction written to wall_function_unstable_profile_100m.csv  (1024 points)
wind_solver: ========================================
wind_solver: total execution time = 0.036305669 s
wind_solver: ========================================
wind_solver: done.
Unused ParmParse Variables:
  [TOP]::nx(nvals = 1)  :: [32]
  [TOP]::ny(nvals = 1)  :: [32]
  [TOP]::nz(nvals = 1)  :: [32]
  [TOP]::solve_mass_constraint(nvals = 1)  :: [true]

AMReX (26.05-63-gc2eb6db7ee79) finalized
<end of output>
Test time =   0.04 sec
----------------------------------------------------------
Test Passed.
"wall_function_unstable" end time: Jun 04 08:46 UTC
"wall_function_unstable" time elapsed: 00:00:00
----------------------------------------------------------

23/69 Testing: wall_function_adaptive
23/69 Test: wall_function_adaptive
Command: "/tmp/workspace/hgopalan/massconsistent_amr/build-ci-baseline/wind_solver" "/tmp/workspace/hgopalan/massconsistent_amr/regtest/wall_function_adaptive/inputs.i"
Directory: /tmp/workspace/hgopalan/massconsistent_amr/build-ci-baseline/regtest/wall_function_adaptive
"wall_function_adaptive" start time: Jun 04 08:46 UTC
Output:
----------------------------------------------------------
Initializing AMReX (26.05-63-gc2eb6db7ee79)...
AMReX (26.05-63-gc2eb6db7ee79) initialized
wind_solver: using central derivatives
wind_solver: input parsing time = 5.5409e-05 s
wind_solver: ========================================
wind_solver: Solver Configuration
wind_solver: ========================================
wind_solver: Parallelization: Serial (MPI disabled)
wind_solver: GPU Backend: None (CPU-only)
wind_solver: FFT Backend: Not available (AMREX_USE_FFT disabled)
wind_solver: AMReX version: 26.05-63-gc2eb6db7ee79
wind_solver: Derivative method: central
wind_solver: Synthetic turbulence: disabled
wind_solver: ========================================

wind_solver: read 4 terrain points from terrain.csv
wind_solver: terrain x [0, 320] m
wind_solver: terrain y [0, 320] m
wind_solver: terrain reading time = 5.021e-05 s
wind_solver: wall functions ENABLED
  terrain wall function: ENABLED
  blend height = 2 cells
  max distance = 3 cells
  stability correction: DISABLED (neutral log-law)
  adaptive activation: ENABLED
    resolution threshold = 30 (dz/z0)
    min cells in log layer = 3
wind_solver: terrain elevation [0, 0] m
wind_solver: terrain interpolation time = 0.00010167 s
wind_solver: grid 32 x 32 x 150  (dx=10 m, dy=10 m, dz=2 m)
wind_solver: vertical domain [0, 300] m
wind_solver: grid setup time = 0.007446965 s
wind_solver: initializing wind field with mode: loglaw
wind_solver: wind initialization time = 0.002620234 s
wind_solver: RHS computation time = 0.000876629 s
wind_solver: Poisson operator setup time = 0.00503373 s
wind_solver: starting MLMG Poisson solve...
MLMG: Initial rhs               = 0
MLMG: Initial residual (resid0) = 0
MLMG: No iterations needed
MLMG: Timers: Solve = 0.003890764 Iter = 0 Bottom = 0
wind_solver: MLMG solve complete.
wind_solver: Poisson solve time = 0.004034933 s
wind_solver: velocity correction time = 0.00224116 s
wind_solver: max |div(u)| before correction = 0 s⁻¹
wind_solver: max |div(u)| after  correction = 0 s⁻¹
wind_solver: divergence computation time = 0.019319372 s
wind_solver: plotfile written to plt_wall_function_adaptive00000
wind_solver: output writing time = 0.014673405 s
wind_solver: terrain-aligned extraction 1/5 at AGL = 2 m  →  k = 1  (physical z = 3 m)
wind_solver: terrain-aligned extraction written to wall_function_adaptive_profile_2m.csv  (1024 points)
wind_solver: terrain-aligned extraction 2/5 at AGL = 5 m  →  k = 2  (physical z = 5 m)
wind_solver: terrain-aligned extraction written to wall_function_adaptive_profile_5m.csv  (1024 points)
wind_solver: terrain-aligned extraction 3/5 at AGL = 10 m  →  k = 5  (physical z = 11 m)
wind_solver: terrain-aligned extraction written to wall_function_adaptive_profile_10m.csv  (1024 points)
wind_solver: terrain-aligned extraction 4/5 at AGL = 25 m  →  k = 12  (physical z = 25 m)
wind_solver: terrain-aligned extraction written to wall_function_adaptive_profile_25m.csv  (1024 points)
wind_solver: terrain-aligned extraction 5/5 at AGL = 50 m  →  k = 25  (physical z = 51 m)
wind_solver: terrain-aligned extraction written to wall_function_adaptive_profile_50m.csv  (1024 points)
wind_solver: ========================================
wind_solver: total execution time = 0.069022507 s
wind_solver: ========================================
wind_solver: done.
Unused ParmParse Variables:
  [TOP]::nx(nvals = 1)  :: [32]
  [TOP]::ny(nvals = 1)  :: [32]
  [TOP]::nz(nvals = 1)  :: [32]
  [TOP]::solve_mass_constraint(nvals = 1)  :: [true]

AMReX (26.05-63-gc2eb6db7ee79) finalized
<end of output>
Test time =   0.08 sec
----------------------------------------------------------
Test Passed.
"wall_function_adaptive" end time: Jun 04 08:46 UTC
"wall_function_adaptive" time elapsed: 00:00:00
----------------------------------------------------------

24/69 Testing: buoyancy_stratification
24/69 Test: buoyancy_stratification
Command: "/tmp/workspace/hgopalan/massconsistent_amr/build-ci-baseline/wind_solver" "/tmp/workspace/hgopalan/massconsistent_amr/regtest/buoyancy_stratification/inputs.i"
Directory: /tmp/workspace/hgopalan/massconsistent_amr/build-ci-baseline/regtest/buoyancy_stratification
"buoyancy_stratification" start time: Jun 04 08:46 UTC
Output:
----------------------------------------------------------
Initializing AMReX (26.05-63-gc2eb6db7ee79)...
AMReX (26.05-63-gc2eb6db7ee79) initialized
wind_solver: using central derivatives
wind_solver: input parsing time = 5.4867e-05 s
[...]
WARNING: Could not import bts_to_vtk module: No module named 'numpy'

======================================================================
Test Summary
======================================================================
✓ PASS: Parameter Parsing
✓ PASS: Spatial Random Field Synthesis
✓ PASS: Temporal Synthesis
✓ PASS: BTS Export Integration
✓ PASS: BTS to VTK Conversion

Total: 5/5 tests passed
<end of output>
Test time =   0.03 sec
----------------------------------------------------------
Test Passed.
"synthetic_turbulence_full_validation" end time: Jun 04 08:46 UTC
"synthetic_turbulence_full_validation" time elapsed: 00:00:00
----------------------------------------------------------

64/69 Testing: iec61400_von_karman
64/69 Test: iec61400_von_karman
Command: "/tmp/workspace/hgopalan/massconsistent_amr/build-ci-baseline/wind_solver" "/tmp/workspace/hgopalan/massconsistent_amr/regtest/iec61400_von_karman/inputs.i"
Directory: /tmp/workspace/hgopalan/massconsistent_amr/build-ci-baseline/regtest/iec61400_von_karman
"iec61400_von_karman" start time: Jun 04 08:46 UTC
Output:
----------------------------------------------------------
Initializing AMReX (26.05-63-gc2eb6db7ee79)...
AMReX (26.05-63-gc2eb6db7ee79) initialized
wind_solver: using central derivatives
wind_solver: Synthetic turbulence ENABLED
  spectrum_model: VonKarman
  intensity_model: IEC61400
  coherence_model: Gaussian
  intensity_ref: 0.12
  length_scales: u=300, v=200, w=120 [m]
  anisotropy_ratios: v/u=0.8, w/u=0.5
  export_format: bts
  output_file: turbulence_iec61400_vk.bts
wind_solver: input parsing time = 7.3217e-05 s
wind_solver: ========================================
wind_solver: Solver Configuration
wind_solver: ========================================
wind_solver: Parallelization: Serial (MPI disabled)
wind_solver: GPU Backend: None (CPU-only)
wind_solver: FFT Backend: Not available (AMREX_USE_FFT disabled)
wind_solver: AMReX version: 26.05-63-gc2eb6db7ee79
wind_solver: Derivative method: central
wind_solver: Synthetic turbulence: enabled
wind_solver: ========================================

wind_solver: read 121 terrain points from terrain.csv
wind_solver: terrain x [0, 300] m
wind_solver: terrain y [0, 300] m
wind_solver: terrain reading time = 0.00012679 s
wind_solver: wall functions DISABLED (using no-slip boundary conditions)
wind_solver: terrain elevation [0.4974860909, 44.0460695] m
wind_solver: terrain interpolation time = 0.000111308 s
wind_solver: grid 10 x 10 x 8  (dx=30 m, dy=30 m, dz=24.19357293 m)
wind_solver: vertical domain [0.4974860909, 194.0460695] m
wind_solver: grid setup time = 0.000121169 s
wind_solver: initializing wind field with mode: loglaw
wind_solver: wind initialization time = 3.0138e-05 s
wind_solver: RHS computation time = 7.293e-06 s
wind_solver: Poisson operator setup time = 0.000196531 s
wind_solver: starting MLMG Poisson solve...
wind_solver: MLMG solve complete.
wind_solver: Poisson solve time = 0.00105821 s
wind_solver: velocity correction time = 1.5362e-05 s
wind_solver: generating synthetic turbulence field...
wind_solver: turbulence validation summary
Validation Results: 7/7 passed
  [PASS] Energy in u-component - Expected: 1.6800, Actual: 1.6800, Tolerance: 0.0840
  [PASS] Energy in v-component - Expected: 1.3440, Actual: 1.3440, Tolerance: 0.0672
  [PASS] Energy in w-component - Expected: 0.8400, Actual: 0.8400, Tolerance: 0.0420
  [PASS] Total kinetic energy - Expected: 2.3096, Actual: 2.3096, Tolerance: 0.1155
  [PASS] Lag-1 autocorrelation - Expected: 0.9048, Actual: 0.9343, Tolerance: 0.1000
  [PASS] Component ratio stability - Expected: 0.8000, Actual: 0.8000, Tolerance: 0.0400
  [PASS] Component ratio stability - Expected: 0.5000, Actual: 0.5000, Tolerance: 0.0250
wind_solver: turbulence generation time = 0.046398649 s
wind_solver: max |div(u)| before correction = 0.1562378415 s⁻¹
wind_solver: max |div(u)| after  correction = 0.1215342587 s⁻¹
wind_solver: divergence computation time = 5.6073e-05 s
wind_solver: plotfile written to plt_iec61400_vk00000
wind_solver: output writing time = 0.000562121 s
wind_solver: terrain-aligned extraction 1/1 at AGL = 90 m  →  k = 3  (physical z = 85.17499133 m)
wind_solver: terrain-aligned extraction written to wind_extract.csv  (100 points)
wind_solver: ========================================
wind_solver: total execution time = 0.049136572 s
wind_solver: ========================================
wind_solver: done.
Unused ParmParse Variables:
  [TOP]::iec_category(nvals = 1)  :: [B]
  [TOP]::iec_hub_height(nvals = 1)  :: [90.0]
  [TOP]::turbulence_n_freq_bins(nvals = 1)  :: [64]

AMReX (26.05-63-gc2eb6db7ee79) finalized
<end of output>
Test time =   0.06 sec
----------------------------------------------------------
Test Passed.
"iec61400_von_karman" end time: Jun 04 08:46 UTC
"iec61400_von_karman" time elapsed: 00:00:00
----------------------------------------------------------

65/69 Testing: iec61400_kaimal
65/69 Test: iec61400_kaimal
Command: "/tmp/workspace/hgopalan/massconsistent_amr/build-ci-baseline/wind_solver" "/tmp/workspace/hgopalan/massconsistent_amr/regtest/iec61400_kaimal/inputs.i"
Directory: /tmp/workspace/hgopalan/massconsistent_amr/build-ci-baseline/regtest/iec61400_kaimal
"iec61400_kaimal" start time: Jun 04 08:46 UTC
Output:
----------------------------------------------------------
Initializing AMReX (26.05-63-gc2eb6db7ee79)...
AMReX (26.05-63-gc2eb6db7ee79) initialized
wind_solver: using central derivatives
wind_solver: Synthetic turbulence ENABLED
  spectrum_model: Kaimal
  intensity_model: IEC61400
  coherence_model: PowerLaw
  intensity_ref: 0.12
  length_scales: u=300, v=200, w=120 [m]
  anisotropy_ratios: v/u=0.8, w/u=0.5
  export_format: bts
  output_file: turbulence_iec61400_kaimal.bts
wind_solver: input parsing time = 6.6544e-05 s
wind_solver: ========================================
wind_solver: Solver Configuration
wind_solver: ========================================
wind_solver: Parallelization: Serial (MPI disabled)
wind_solver: GPU Backend: None (CPU-only)
wind_solver: FFT Backend: Not available (AMREX_USE_FFT disabled)
wind_solver: AMReX version: 26.05-63-gc2eb6db7ee79
wind_solver: Derivative method: central
wind_solver: Synthetic turbulence: enabled
wind_solver: ========================================

wind_solver: read 121 terrain points from terrain.csv
wind_solver: terrain x [0, 300] m
wind_solver: terrain y [0, 300] m
wind_solver: terrain reading time = 0.000113381 s
wind_solver: wall functions DISABLED (using no-slip boundary conditions)
wind_solver: terrain elevation [0.4974860909, 44.0460695] m
wind_solver: terrain interpolation time = 9.881e-05 s
wind_solver: grid 10 x 10 x 8  (dx=30 m, dy=30 m, dz=24.19357293 m)
wind_solver: vertical domain [0.4974860909, 194.0460695] m
wind_solver: grid setup time = 0.000119268 s
wind_solver: initializing wind field with mode: loglaw
wind_solver: wind initialization time = 2.9325e-05 s
wind_solver: RHS computation time = 7.576e-06 s
wind_solver: Poisson operator setup time = 0.000199178 s
wind_solver: starting MLMG Poisson solve...
wind_solver: MLMG solve complete.
wind_solver: Poisson solve time = 0.001015855 s
wind_solver: velocity correction time = 1.5641e-05 s
wind_solver: generating synthetic turbulence field...
wind_solver: turbulence validation summary
Validation Results: 7/7 passed
  [PASS] Energy in u-component - Expected: 1.6800, Actual: 1.6800, Tolerance: 0.0840
  [PASS] Energy in v-component - Expected: 1.3440, Actual: 1.3440, Tolerance: 0.0672
  [PASS] Energy in w-component - Expected: 0.8400, Actual: 0.8400, Tolerance: 0.0420
  [PASS] Total kinetic energy - Expected: 2.3096, Actual: 2.3096, Tolerance: 0.1155
  [PASS] Lag-1 autocorrelation - Expected: 0.9048, Actual: 0.9195, Tolerance: 0.1000
  [PASS] Component ratio stability - Expected: 0.8000, Actual: 0.8000, Tolerance: 0.0400
  [PASS] Component ratio stability - Expected: 0.5000, Actual: 0.5000, Tolerance: 0.0250
wind_solver: turbulence generation time = 0.046275089 s
wind_solver: max |div(u)| before correction = 0.1562378415 s⁻¹
wind_solver: max |div(u)| after  correction = 0.1215342587 s⁻¹
wind_solver: divergence computation time = 5.9134e-05 s
wind_solver: plotfile written to plt_iec61400_kaimal00000
wind_solver: output writing time = 0.000552943 s
wind_solver: terrain-aligned extraction 1/1 at AGL = 90 m  →  k = 3  (physical z = 85.17499133 m)
wind_solver: terrain-aligned extraction written to wind_extract.csv  (100 points)
wind_solver: ========================================
wind_solver: total execution time = 0.048936298 s
wind_solver: ========================================
wind_solver: done.
Unused ParmParse Variables:
  [TOP]::coherence_powerlaw_exponent(nvals = 1)  :: [0.50]
  [TOP]::iec_category(nvals = 1)  :: [A]
  [TOP]::iec_hub_height(nvals = 1)  :: [90.0]
  [TOP]::turbulence_n_freq_bins(nvals = 1)  :: [128]

AMReX (26.05-63-gc2eb6db7ee79) finalized
<end of output>
Test time =   0.06 sec
----------------------------------------------------------
Test Passed.
"iec61400_kaimal" end time: Jun 04 08:46 UTC
"iec61400_kaimal" time elapsed: 00:00:00
----------------------------------------------------------

66/69 Testing: iec61400_category_c
66/69 Test: iec61400_category_c
Command: "/tmp/workspace/hgopalan/massconsistent_amr/build-ci-baseline/wind_solver" "/tmp/workspace/hgopalan/massconsistent_amr/regtest/iec61400_category_c/inputs.i"
Directory: /tmp/workspace/hgopalan/massconsistent_amr/build-ci-baseline/regtest/iec61400_category_c
"iec61400_category_c" start time: Jun 04 08:46 UTC
Output:
----------------------------------------------------------
Initializing AMReX (26.05-63-gc2eb6db7ee79)...
AMReX (26.05-63-gc2eb6db7ee79) initialized
wind_solver: using central derivatives
wind_solver: Synthetic turbulence ENABLED
  spectrum_model: VonKarman
  intensity_model: IEC61400
  coherence_model: QuadraticExponential
  intensity_ref: 0.12
  length_scales: u=300, v=200, w=120 [m]
  anisotropy_ratios: v/u=0.8, w/u=0.5
  export_format: bts
  output_file: turbulence_iec61400_cat_c.bts
wind_solver: input parsing time = 6.3885e-05 s
wind_solver: ========================================
wind_solver: Solver Configuration
wind_solver: ========================================
wind_solver: Parallelization: Serial (MPI disabled)
wind_solver: GPU Backend: None (CPU-only)
wind_solver: FFT Backend: Not available (AMREX_USE_FFT disabled)
wind_solver: AMReX version: 26.05-63-gc2eb6db7ee79
wind_solver: Derivative method: central
wind_solver: Synthetic turbulence: enabled
wind_solver: ========================================

wind_solver: read 121 terrain points from terrain.csv
wind_solver: terrain x [0, 300] m
wind_solver: terrain y [0, 300] m
wind_solver: terrain reading time = 0.000126378 s
wind_solver: wall functions DISABLED (using no-slip boundary conditions)
wind_solver: terrain elevation [0.4974860909, 44.0460695] m
wind_solver: terrain interpolation time = 0.000102374 s
wind_solver: grid 10 x 10 x 8  (dx=30 m, dy=30 m, dz=24.19357293 m)
wind_solver: vertical domain [0.4974860909, 194.0460695] m
wind_solver: grid setup time = 0.000112077 s
wind_solver: initializing wind field with mode: loglaw
wind_solver: wind initialization time = 2.9087e-05 s
wind_solver: RHS computation time = 7.226e-06 s
wind_solver: Poisson operator setup time = 0.000191458 s
wind_solver: starting MLMG Poisson solve...
wind_solver: MLMG solve complete.
wind_solver: Poisson solve time = 0.001029074 s
wind_solver: velocity correction time = 1.4888e-05 s
wind_solver: generating synthetic turbulence field...
wind_solver: turbulence validation summary
Validation Results: 7/7 passed
  [PASS] Energy in u-component - Expected: 1.6800, Actual: 1.6800, Tolerance: 0.0840
  [PASS] Energy in v-component - Expected: 1.3440, Actual: 1.3440, Tolerance: 0.0672
  [PASS] Energy in w-component - Expected: 0.8400, Actual: 0.8400, Tolerance: 0.0420
  [PASS] Total kinetic energy - Expected: 2.3096, Actual: 2.3096, Tolerance: 0.1155
  [PASS] Lag-1 autocorrelation - Expected: 0.9048, Actual: 0.9593, Tolerance: 0.1000
  [PASS] Component ratio stability - Expected: 0.8000, Actual: 0.8000, Tolerance: 0.0400
  [PASS] Component ratio stability - Expected: 0.5000, Actual: 0.5000, Tolerance: 0.0250
wind_solver: turbulence generation time = 0.04618309 s
wind_solver: max |div(u)| before correction = 0.1562378415 s⁻¹
wind_solver: max |div(u)| after  correction = 0.1215342587 s⁻¹
wind_solver: divergence computation time = 5.2068e-05 s
wind_solver: plotfile written to plt_iec61400_cat_c00000
wind_solver: output writing time = 0.000603053 s
wind_solver: terrain-aligned extraction 1/1 at AGL = 90 m  →  k = 3  (physical z = 85.17499133 m)
wind_solver: terrain-aligned extraction written to wind_extract.csv  (100 points)
wind_solver: ========================================
wind_solver: total execution time = 0.048875155 s
wind_solver: ========================================
wind_solver: done.
Unused ParmParse Variables:
  [TOP]::iec_category(nvals = 1)  :: [C]
  [TOP]::iec_hub_height(nvals = 1)  :: [90.0]
  [TOP]::turbulence_n_freq_bins(nvals = 1)  :: [96]

AMReX (26.05-63-gc2eb6db7ee79) finalized
<end of output>
Test time =   0.06 sec
----------------------------------------------------------
Test Passed.
"iec61400_category_c" end time: Jun 04 08:46 UTC
"iec61400_category_c" time elapsed: 00:00:00
----------------------------------------------------------

67/69 Testing: iec61400_categories_regtest
67/69 Test: iec61400_categories_regtest
Command: "/usr/bin/python3.12" "/tmp/workspace/hgopalan/massconsistent_amr/regtest/iec61400_categories/test_iec61400_categories.py" "/tmp/workspace/hgopalan/massconsistent_amr/regtest/iec61400_categories/inputs.i" "/tmp/workspace/hgopalan/massconsistent_amr/build-ci-baseline/regtest/iec61400_categories"
Directory: /tmp/workspace/hgopalan/massconsistent_amr/build-ci-baseline/regtest/iec61400_categories
"iec61400_categories_regtest" start time: Jun 04 08:46 UTC
Output:
----------------------------------------------------------
Traceback (most recent call last):
  File "/tmp/workspace/hgopalan/massconsistent_amr/regtest/iec61400_categories/test_iec61400_categories.py", line 15, in <module>
    import numpy as np
ModuleNotFoundError: No module named 'numpy'
<end of output>
Test time =   0.11 sec
----------------------------------------------------------
Test Failed.
"iec61400_categories_regtest" end time: Jun 04 08:46 UTC
"iec61400_categories_regtest" time elapsed: 00:00:00
----------------------------------------------------------

68/69 Testing: field_output_test
68/69 Test: field_output_test
Command: "/tmp/workspace/hgopalan/massconsistent_amr/build-ci-baseline/wind_solver" "/tmp/workspace/hgopalan/massconsistent_amr/regtest/field_output_test/inputs.i"
Directory: /tmp/workspace/hgopalan/massconsistent_amr/build-ci-baseline/regtest/field_output_test
"field_output_test" start time: Jun 04 08:46 UTC
Output:
----------------------------------------------------------
Initializing AMReX (26.05-63-gc2eb6db7ee79)...
AMReX (26.05-63-gc2eb6db7ee79) initialized
wind_solver: using central derivatives
wind_solver: input parsing time = 5.9991e-05 s
wind_solver: ========================================
wind_solver: Solver Configuration
wind_solver: ========================================
wind_solver: Parallelization: Serial (MPI disabled)
wind_solver: GPU Backend: None (CPU-only)
wind_solver: FFT Backend: Not available (AMREX_USE_FFT disabled)
wind_solver: AMReX version: 26.05-63-gc2eb6db7ee79
wind_solver: Derivative method: central
wind_solver: Synthetic turbulence: disabled
wind_solver: ========================================

wind_solver: read 121 terrain points from terrain.csv
wind_solver: terrain x [0, 300] m
wind_solver: terrain y [0, 300] m
wind_solver: terrain reading time = 0.000143281 s
wind_solver: wall functions DISABLED (using no-slip boundary conditions)
wind_solver: terrain elevation [0.4974860909, 44.0460695] m
wind_solver: terrain interpolation time = 9.8663e-05 s
wind_solver: grid 10 x 10 x 6  (dx=30 m, dy=30 m, dz=23.9247639 m)
wind_solver: vertical domain [0.4974860909, 144.0460695] m
wind_solver: grid setup time = 0.000110055 s
wind_solver: initializing wind field with mode: loglaw
wind_solver: wind initialization time = 3.7252e-05 s
wind_solver: RHS computation time = 1.0142e-05 s
wind_solver: Poisson operator setup time = 0.000196931 s
wind_solver: starting MLMG Poisson solve...
wind_solver: MLMG solve complete.
wind_solver: Poisson solve time = 0.00085292 s
wind_solver: velocity correction time = 1.9085e-05 s
wind_solver: max |div(u)| before correction = 0.1786085491 s⁻¹
wind_solver: max |div(u)| after  correction = 0.1401754356 s⁻¹
wind_solver: divergence computation time = 0.00010156 s
wind_solver: plotfile written to plt_gaussian_hill00000
wind_solver: output writing time = 0.002089815 s
wind_solver: terrain-aligned extraction 1/1 at AGL = 15 m  →  k = 0  (physical z = 12.45986804 m)
wind_solver: terrain-aligned extraction written to wind_extract.csv  (100 points)
wind_solver: ========================================
wind_solver: total execution time = 0.004134927 s
wind_solver: ========================================
wind_solver: done.
AMReX (26.05-63-gc2eb6db7ee79) finalized
<end of output>
Test time =   0.01 sec
----------------------------------------------------------
Test Passed.
"field_output_test" end time: Jun 04 08:46 UTC
"field_output_test" time elapsed: 00:00:00
----------------------------------------------------------

69/69 Testing: parameter_sensitivity_test
69/69 Test: parameter_sensitivity_test
Command: "/usr/bin/python3.12" "/tmp/workspace/hgopalan/massconsistent_amr/regtest/parameter_sensitivity_test/test_parameter_sensitivity.py" "/tmp/workspace/hgopalan/massconsistent_amr/regtest/parameter_sensitivity_test/inputs.i" "/tmp/workspace/hgopalan/massconsistent_amr/build-ci-baseline/regtest/parameter_sensitivity_test"
Directory: /tmp/workspace/hgopalan/massconsistent_amr/build-ci-baseline/regtest/parameter_sensitivity_test
"parameter_sensitivity_test" start time: Jun 04 08:46 UTC
Output:
----------------------------------------------------------

======================================================================
Parameter Sensitivity Sweep Test
======================================================================

Inputs file: /tmp/workspace/hgopalan/massconsistent_amr/regtest/parameter_sensitivity_test/inputs.i
Terrain dir: /tmp/workspace/hgopalan/massconsistent_amr/build-ci-baseline/regtest/parameter_sensitivity_test
✓ Input file found
✓ Created temporary workspace: /tmp/sensitivity_test_1lkg0swi_tmp
✓ Found parameter_sensitivity.py

======================================================================
Running Single Parameter Sweep (z0, 3 steps)
======================================================================

Command: /usr/bin/python3.12 /tmp/workspace/hgopalan/massconsistent_amr/tools/parameter_sensitivity.py --inputs /tmp/workspace/hgopalan/massconsistent_amr/regtest/parameter_sensitivity_test/inputs.i --param z0 --range 0.01 0.1 --steps 3 --output /tmp/sensitivity_test_1lkg0swi_tmp/sensitivity_z0_test.csv --solver wind_solver --preserve-workspace

STDOUT:

STDERR:
Traceback (most recent call last):
  File "/tmp/workspace/hgopalan/massconsistent_amr/tools/parameter_sensitivity.py", line 40, in <module>
    import numpy as np
ModuleNotFoundError: No module named 'numpy'

Cleaned up temporary workspace

⚠ Errors encountered:
  - parameter_sensitivity.py failed with code 1

======================================================================
TEST FAILED ✗
<end of output>
Test time =   0.13 sec
----------------------------------------------------------
Test Failed.
"parameter_sensitivity_test" end time: Jun 04 08:46 UTC
"parameter_sensitivity_test" time elapsed: 00:00:00
----------------------------------------------------------

End testing: Jun 04 08:46 UTC

regtest =   1.82 sec*proc

