Start testing: Jun 02 18:24 UTC
----------------------------------------------------------
1/49 Testing: flat_terrain
1/49 Test: flat_terrain
Command: "/tmp/workspace/hgopalan/massconsistent_amr/build-baseline/wind_solver" "/tmp/workspace/hgopalan/massconsistent_amr/regtest/flat_terrain/inputs.i"
Directory: /tmp/workspace/hgopalan/massconsistent_amr/build-baseline/regtest/flat_terrain
"flat_terrain" start time: Jun 02 18:24 UTC
Output:
----------------------------------------------------------
Initializing AMReX (26.05-63-gc2eb6db7ee79)...
AMReX (26.05-63-gc2eb6db7ee79) initialized
wind_solver: using central derivatives
wind_solver: input parsing time = 5.2758e-05 s
wind_solver: read 9 terrain points from terrain.csv
wind_solver: terrain x [0, 100] m
wind_solver: terrain y [0, 100] m
wind_solver: terrain reading time = 4.8441e-05 s
wind_solver: wall functions DISABLED (using no-slip boundary conditions)
wind_solver: terrain elevation [0, 0] m
wind_solver: terrain interpolation time = 6.552e-06 s
wind_solver: grid 2 x 2 x 2  (dx=50 m, dy=50 m, dz=50 m)
wind_solver: vertical domain [0, 100] m
wind_solver: grid setup time = 6.44e-05 s
wind_solver: initializing wind field with mode: loglaw
wind_solver: wind initialization time = 1.9386e-05 s
wind_solver: RHS computation time = 2.023e-06 s
wind_solver: Poisson operator setup time = 0.00015538 s
wind_solver: starting MLMG Poisson solve...
wind_solver: MLMG solve complete.
wind_solver: Poisson solve time = 5.2678e-05 s
wind_solver: velocity correction time = 2.415e-06 s
wind_solver: max |div(u)| before correction = 0 s⁻¹
wind_solver: max |div(u)| after  correction = 0 s⁻¹
wind_solver: divergence computation time = 1.9446e-05 s
wind_solver: plotfile written to plt_flat_terrain
wind_solver: output writing time = 0.002982658 s
wind_solver: ========================================
wind_solver: total execution time = 0.003468714 s
wind_solver: ========================================
wind_solver: done.
AMReX (26.05-63-gc2eb6db7ee79) finalized
<end of output>
Test time =   0.01 sec
----------------------------------------------------------
Test Passed.
"flat_terrain" end time: Jun 02 18:24 UTC
"flat_terrain" time elapsed: 00:00:00
----------------------------------------------------------

2/49 Testing: gaussian_hill
2/49 Test: gaussian_hill
Command: "/tmp/workspace/hgopalan/massconsistent_amr/build-baseline/wind_solver" "/tmp/workspace/hgopalan/massconsistent_amr/regtest/gaussian_hill/inputs.i"
Directory: /tmp/workspace/hgopalan/massconsistent_amr/build-baseline/regtest/gaussian_hill
"gaussian_hill" start time: Jun 02 18:24 UTC
Output:
----------------------------------------------------------
Initializing AMReX (26.05-63-gc2eb6db7ee79)...
AMReX (26.05-63-gc2eb6db7ee79) initialized
wind_solver: using central derivatives
wind_solver: input parsing time = 3.745e-05 s
wind_solver: read 121 terrain points from terrain.csv
wind_solver: terrain x [0, 300] m
wind_solver: terrain y [0, 300] m
wind_solver: terrain reading time = 0.00011803 s
wind_solver: wall functions DISABLED (using no-slip boundary conditions)
wind_solver: terrain elevation [0.4974860909, 44.0460695] m
wind_solver: terrain interpolation time = 9.4706e-05 s
wind_solver: grid 10 x 10 x 6  (dx=30 m, dy=30 m, dz=23.9247639 m)
wind_solver: vertical domain [0.4974860909, 144.0460695] m
wind_solver: grid setup time = 0.000107471 s
wind_solver: initializing wind field with mode: loglaw
wind_solver: wind initialization time = 2.9325e-05 s
wind_solver: RHS computation time = 5.5e-06 s
wind_solver: Poisson operator setup time = 0.000202959 s
wind_solver: starting MLMG Poisson solve...
wind_solver: MLMG solve complete.
wind_solver: Poisson solve time = 0.000888067 s
wind_solver: velocity correction time = 1.1842e-05 s
wind_solver: max |div(u)| before correction = 0.1786085491 s⁻¹
wind_solver: max |div(u)| after  correction = 0.1401754356 s⁻¹
wind_solver: divergence computation time = 7.5611e-05 s
wind_solver: plotfile written to plt_gaussian_hill
wind_solver: output writing time = 0.002347641 s
wind_solver: terrain-aligned extraction 1/1 at AGL = 15 m  →  k = 0  (physical z = 12.45986804 m)
wind_solver: terrain-aligned extraction written to wind_extract.csv  (100 points)
wind_solver: ========================================
wind_solver: total execution time = 0.004317379 s
wind_solver: ========================================
wind_solver: done.
AMReX (26.05-63-gc2eb6db7ee79) finalized
<end of output>
Test time =   0.01 sec
----------------------------------------------------------
Test Passed.
"gaussian_hill" end time: Jun 02 18:24 UTC
"gaussian_hill" time elapsed: 00:00:00
----------------------------------------------------------

3/49 Testing: gaussian_hill_weno5
3/49 Test: gaussian_hill_weno5
Command: "/tmp/workspace/hgopalan/massconsistent_amr/build-baseline/wind_solver" "/tmp/workspace/hgopalan/massconsistent_amr/regtest/gaussian_hill_weno5/inputs.i"
Directory: /tmp/workspace/hgopalan/massconsistent_amr/build-baseline/regtest/gaussian_hill_weno5
"gaussian_hill_weno5" start time: Jun 02 18:24 UTC
Output:
----------------------------------------------------------
Initializing AMReX (26.05-63-gc2eb6db7ee79)...
AMReX (26.05-63-gc2eb6db7ee79) initialized
wind_solver: using weno5 derivatives
wind_solver: input parsing time = 3.3392e-05 s
wind_solver: read 121 terrain points from terrain.csv
wind_solver: terrain x [0, 300] m
wind_solver: terrain y [0, 300] m
wind_solver: terrain reading time = 0.000114424 s
wind_solver: wall functions DISABLED (using no-slip boundary conditions)
wind_solver: terrain elevation [0.4974860909, 44.0460695] m
wind_solver: terrain interpolation time = 8.9948e-05 s
wind_solver: grid 10 x 10 x 6  (dx=30 m, dy=30 m, dz=23.9247639 m)
wind_solver: vertical domain [0.4974860909, 144.0460695] m
wind_solver: grid setup time = 6.7957e-05 s
wind_solver: initializing wind field with mode: loglaw
wind_solver: wind initialization time = 2.5397e-05 s
wind_solver: RHS computation time = 1.8524e-05 s
wind_solver: Poisson operator setup time = 0.000177581 s
wind_solver: starting MLMG Poisson solve...
wind_solver: MLMG solve complete.
wind_solver: Poisson solve time = 0.000887467 s
wind_solver: velocity correction time = 2.5508e-05 s
wind_solver: max |div(u)| before correction = 0.2856471306 s⁻¹
wind_solver: max |div(u)| after  correction = 0.4291488549 s⁻¹
wind_solver: divergence computation time = 0.000105718 s
wind_solver: plotfile written to plt_gaussian_hill_weno5
wind_solver: output writing time = 0.002345097 s
wind_solver: terrain-aligned extraction 1/1 at AGL = 15 m  →  k = 0  (physical z = 12.45986804 m)
wind_solver: terrain-aligned extraction written to wind_extract.csv  (100 points)
wind_solver: ========================================
wind_solver: total execution time = 0.004351412 s
wind_solver: ========================================
wind_solver: done.
AMReX (26.05-63-gc2eb6db7ee79) finalized
<end of output>
Test time =   0.01 sec
----------------------------------------------------------
Test Passed.
"gaussian_hill_weno5" end time: Jun 02 18:24 UTC
"gaussian_hill_weno5" time elapsed: 00:00:00
----------------------------------------------------------

4/49 Testing: raws_synthetic
4/49 Test: raws_synthetic
Command: "/tmp/workspace/hgopalan/massconsistent_amr/build-baseline/wind_solver" "/tmp/workspace/hgopalan/massconsistent_amr/regtest/raws_synthetic/inputs.i"
Directory: /tmp/workspace/hgopalan/massconsistent_amr/build-baseline/regtest/raws_synthetic
"raws_synthetic" start time: Jun 02 18:24 UTC
Output:
----------------------------------------------------------
Initializing AMReX (26.05-63-gc2eb6db7ee79)...
AMReX (26.05-63-gc2eb6db7ee79) initialized
wind_solver: using central derivatives
wind_solver: input parsing time = 3.0537e-05 s
wind_solver: read 121 terrain points from terrain.csv
wind_solver: terrain x [0, 300] m
wind_solver: terrain y [0, 300] m
wind_solver: terrain reading time = 0.000143639 s
wind_solver: wall functions DISABLED (using no-slip boundary conditions)
wind_solver: terrain elevation [0.4974860909, 44.0460695] m
wind_solver: terrain interpolation time = 9.9486e-05 s
wind_solver: grid 10 x 10 x 6  (dx=30 m, dy=30 m, dz=23.9247639 m)
wind_solver: vertical domain [0.4974860909, 144.0460695] m
wind_solver: grid setup time = 9.126e-05 s
wind_solver: initializing wind field with mode: raws
wind_solver: read 3 velocity points from velocity.csv
wind_solver: wind initialization time = 5.5032e-05 s
wind_solver: RHS computation time = 1.1652e-05 s
wind_solver: Poisson operator setup time = 0.000221674 s
wind_solver: starting MLMG Poisson solve...
wind_solver: MLMG solve complete.
wind_solver: Poisson solve time = 0.001513314 s
wind_solver: velocity correction time = 2.2553e-05 s
wind_solver: max |div(u)| before correction = 0.1819905986 s⁻¹
wind_solver: max |div(u)| after  correction = 0.1648614194 s⁻¹
wind_solver: divergence computation time = 8.8005e-05 s
wind_solver: plotfile written to plt_raws_synthetic
wind_solver: output writing time = 0.002393508 s
wind_solver: terrain-aligned extraction 1/1 at AGL = 15 m  →  k = 0  (physical z = 12.45986804 m)
wind_solver: terrain-aligned extraction written to wind_extract.csv  (100 points)
wind_solver: ========================================
wind_solver: total execution time = 0.005053323 s
wind_solver: ========================================
wind_solver: done.
AMReX (26.05-63-gc2eb6db7ee79) finalized
<end of output>
Test time =   0.01 sec
----------------------------------------------------------
Test Passed.
"raws_synthetic" end time: Jun 02 18:24 UTC
"raws_synthetic" time elapsed: 00:00:00
----------------------------------------------------------

5/49 Testing: surface_data_synthetic
5/49 Test: surface_data_synthetic
Command: "/tmp/workspace/hgopalan/massconsistent_amr/build-baseline/wind_solver" "/tmp/workspace/hgopalan/massconsistent_amr/regtest/surface_data_synthetic/inputs.i"
Directory: /tmp/workspace/hgopalan/massconsistent_amr/build-baseline/regtest/surface_data_synthetic
"surface_data_synthetic" start time: Jun 02 18:24 UTC
Output:
----------------------------------------------------------
Initializing AMReX (26.05-63-gc2eb6db7ee79)...
AMReX (26.05-63-gc2eb6db7ee79) initialized
wind_solver: using central derivatives
wind_solver: input parsing time = 3.1739e-05 s
wind_solver: read 121 terrain points from terrain.csv
wind_solver: terrain x [0, 300] m
wind_solver: terrain y [0, 300] m
wind_solver: terrain reading time = 0.000115796 s
wind_solver: wall functions DISABLED (using no-slip boundary conditions)
wind_solver: terrain elevation [0.4974860909, 44.0460695] m
wind_solver: terrain interpolation time = 9.0869e-05 s
wind_solver: grid 10 x 10 x 6  (dx=30 m, dy=30 m, dz=23.9247639 m)
wind_solver: vertical domain [0.4974860909, 144.0460695] m
wind_solver: grid setup time = 7.466e-05 s
wind_solver: initializing wind field with mode: surface_data
wind_solver: read 3 surface data points from surface_data.csv
wind_solver: wind initialization time = 5.9751e-05 s
wind_solver: RHS computation time = 5.37e-06 s
wind_solver: Poisson operator setup time = 0.000189354 s
wind_solver: starting MLMG Poisson solve...
wind_solver: MLMG solve complete.
wind_solver: Poisson solve time = 0.001288465 s
wind_solver: velocity correction time = 1.1271e-05 s
wind_solver: max |div(u)| before correction = 0.08516282464 s⁻¹
wind_solver: max |div(u)| after  correction = 0.07765073321 s⁻¹
wind_solver: divergence computation time = 7.8737e-05 s
wind_solver: plotfile written to plt_surface_data
wind_solver: output writing time = 0.002358502 s
wind_solver: terrain-aligned extraction 1/1 at AGL = 15 m  →  k = 0  (physical z = 12.45986804 m)
wind_solver: terrain-aligned extraction written to wind_extract.csv  (100 points)
wind_solver: ========================================
wind_solver: total execution time = 0.004642686 s
wind_solver: ========================================
wind_solver: done.
AMReX (26.05-63-gc2eb6db7ee79) finalized
<end of output>
Test time =   0.01 sec
----------------------------------------------------------
Test Passed.
"surface_data_synthetic" end time: Jun 02 18:24 UTC
"surface_data_synthetic" time elapsed: 00:00:00
----------------------------------------------------------

6/49 Testing: uniform_wind
6/49 Test: uniform_wind
Command: "/tmp/workspace/hgopalan/massconsistent_amr/build-baseline/wind_solver" "/tmp/workspace/hgopalan/massconsistent_amr/regtest/uniform_wind/inputs.i"
Directory: /tmp/workspace/hgopalan/massconsistent_amr/build-baseline/regtest/uniform_wind
"uniform_wind" start time: Jun 02 18:24 UTC
Output:
----------------------------------------------------------
Initializing AMReX (26.05-63-gc2eb6db7ee79)...
AMReX (26.05-63-gc2eb6db7ee79) initialized
wind_solver: using central derivatives
wind_solver: input parsing time = 3.5487e-05 s
wind_solver: read 121 terrain points from terrain.csv
wind_solver: terrain x [0, 300] m
wind_solver: terrain y [0, 300] m
wind_solver: terrain reading time = 0.000127688 s
wind_solver: wall functions DISABLED (using no-slip boundary conditions)
wind_solver: terrain elevation [0.4974860909, 44.0460695] m
wind_solver: terrain interpolation time = 9.1431e-05 s
wind_solver: grid 10 x 10 x 6  (dx=30 m, dy=30 m, dz=23.9247639 m)
wind_solver: vertical domain [0.4974860909, 144.0460695] m
wind_solver: grid setup time = 8.5269e-05 s
wind_solver: initializing wind field with mode: uniform
wind_solver: wind initialization time = 1.4327e-05 s
wind_solver: RHS computation time = 5.541e-06 s
wind_solver: Poisson operator setup time = 0.000278841 s
wind_solver: starting MLMG Poisson solve...
wind_solver: MLMG solve complete.
wind_solver: Poisson solve time = 0.000826122 s
wind_solver: velocity correction time = 1.3685e-05 s
wind_solver: max |div(u)| before correction = 0.175 s⁻¹
wind_solver: max |div(u)| after  correction = 0.1638979517 s⁻¹
wind_solver: divergence computation time = 0.000164918 s
wind_solver: plotfile written to plt_uniform_wind
wind_solver: output writing time = 0.002469449 s
wind_solver: terrain-aligned extraction 1/1 at AGL = 15 m  →  k = 0  (physical z = 12.45986804 m)
wind_solver: terrain-aligned extraction written to wind_extract.csv  (100 points)
wind_solver: ========================================
wind_solver: total execution time = 0.004435229 s
wind_solver: ========================================
wind_solver: done.
AMReX (26.05-63-gc2eb6db7ee79) finalized
<end of output>
Test time =   0.01 sec
----------------------------------------------------------
Test Passed.
"uniform_wind" end time: Jun 02 18:24 UTC
"uniform_wind" time elapsed: 00:00:00
----------------------------------------------------------

7/49 Testing: powerlaw_flat
7/49 Test: powerlaw_flat
Command: "/tmp/workspace/hgopalan/massconsistent_amr/build-baseline/wind_solver" "/tmp/workspace/hgopalan/massconsistent_amr/regtest/powerlaw_flat/inputs.i"
Directory: /tmp/workspace/hgopalan/massconsistent_amr/build-baseline/regtest/powerlaw_flat
"powerlaw_flat" start time: Jun 02 18:24 UTC
Output:
----------------------------------------------------------
Initializing AMReX (26.05-63-gc2eb6db7ee79)...
AMReX (26.05-63-gc2eb6db7ee79) initialized
wind_solver: using central derivatives
wind_solver: input parsing time = 3.753e-05 s
wind_solver: read 9 terrain points from terrain.csv
wind_solver: terrain x [0, 100] m
wind_solver: terrain y [0, 100] m
wind_solver: terrain reading time = 3.7751e-05 s
wind_solver: wall functions DISABLED (using no-slip boundary conditions)
wind_solver: terrain elevation [0, 0] m
wind_solver: terrain interpolation time = 9.367e-06 s
wind_solver: grid 2 x 2 x 4  (dx=50 m, dy=50 m, dz=25 m)
wind_solver: vertical domain [0, 100] m
wind_solver: grid setup time = 3.8782e-05 s
wind_solver: initializing wind field with mode: powerlaw
wind_solver: power-law profile initialization
  U_ref = 8 m/s, V_ref = 0 m/s
  z_ref = 10 m
  powerlaw_exponent = 0.143
wind_solver: wind initialization time = 2.5999e-05 s
wind_solver: RHS computation time = 1.423e-06 s
wind_solver: Poisson operator setup time = 0.000112681 s
wind_solver: starting MLMG Poisson solve...
wind_solver: MLMG solve complete.
wind_solver: Poisson solve time = 3.9003e-05 s
wind_solver: velocity correction time = 2.224e-06 s
wind_solver: max |div(u)| before correction = 0 s⁻¹
wind_solver: max |div(u)| after  correction = 0 s⁻¹
wind_solver: divergence computation time = 1.5179e-05 s
wind_solver: plotfile written to plt_powerlaw_flat
wind_solver: output writing time = 0.002037544 s
wind_solver: terrain-aligned extraction 1/1 at AGL = 15 m  →  k = 0  (physical z = 12.5 m)
wind_solver: terrain-aligned extraction written to wind_extract.csv  (4 points)
wind_solver: ========================================
wind_solver: total execution time = 0.002433993 s
wind_solver: ========================================
wind_solver: done.
AMReX (26.05-63-gc2eb6db7ee79) finalized
<end of output>
Test time =   0.01 sec
----------------------------------------------------------
Test Passed.
"powerlaw_flat" end time: Jun 02 18:24 UTC
"powerlaw_flat" time elapsed: 00:00:00
----------------------------------------------------------

8/49 Testing: powerlaw_gaussian
8/49 Test: powerlaw_gaussian
Command: "/tmp/workspace/hgopalan/massconsistent_amr/build-baseline/wind_solver" "/tmp/workspace/hgopalan/massconsistent_amr/regtest/powerlaw_gaussian/inputs.i"
Directory: /tmp/workspace/hgopalan/massconsistent_amr/build-baseline/regtest/powerlaw_gaussian
"powerlaw_gaussian" start time: Jun 02 18:24 UTC
Output:
----------------------------------------------------------
Initializing AMReX (26.05-63-gc2eb6db7ee79)...
AMReX (26.05-63-gc2eb6db7ee79) initialized
wind_solver: using central derivatives
wind_solver: input parsing time = 7.6733e-05 s
wind_solver: read 121 terrain points from terrain.csv
wind_solver: terrain x [0, 300] m
wind_solver: terrain y [0, 300] m
wind_solver: terrain reading time = 0.000115846 s
wind_solver: wall functions DISABLED (using no-slip boundary conditions)
wind_solver: terrain elevation [0.4974860909, 44.0460695] m
wind_solver: terrain interpolation time = 9.0339e-05 s
wind_solver: grid 10 x 10 x 6  (dx=30 m, dy=30 m, dz=23.9247639 m)
wind_solver: vertical domain [0.4974860909, 144.0460695] m
wind_solver: grid setup time = 7.1224e-05 s
wind_solver: initializing wind field with mode: powerlaw
wind_solver: power-law profile initialization
  U_ref = 10 m/s, V_ref = 0 m/s
  z_ref = 10 m
  powerlaw_exponent = 0.143
wind_solver: wind initialization time = 3.735e-05 s
wind_solver: RHS computation time = 5.119e-06 s
wind_solver: Poisson operator setup time = 0.000180727 s
wind_solver: starting MLMG Poisson solve...
wind_solver: MLMG solve complete.
wind_solver: Poisson solve time = 0.000891224 s
wind_solver: velocity correction time = 1.0419e-05 s
wind_solver: max |div(u)| before correction = 0.176919321 s⁻¹
wind_solver: max |div(u)| after  correction = 0.1410237342 s⁻¹
wind_solver: divergence computation time = 7.8266e-05 s
wind_solver: plotfile written to plt_powerlaw_gaussian
wind_solver: output writing time = 0.000680049 s
wind_solver: terrain-aligned extraction 1/1 at AGL = 15 m  →  k = 0  (physical z = 12.45986804 m)
wind_solver: terrain-aligned extraction written to wind_extract.csv  (100 points)
wind_solver: ========================================
wind_solver: total execution time = 0.002551823 s
wind_solver: ========================================
wind_solver: done.
AMReX (26.05-63-gc2eb6db7ee79) finalized
<end of output>
Test time =   0.01 sec
----------------------------------------------------------
Test Passed.
"powerlaw_gaussian" end time: Jun 02 18:24 UTC
"powerlaw_gaussian" time elapsed: 00:00:00
----------------------------------------------------------

9/49 Testing: powerlaw_building_flat
9/49 Test: powerlaw_building_flat
Command: "/tmp/workspace/hgopalan/massconsistent_amr/build-baseline/wind_solver" "/tmp/workspace/hgopalan/massconsistent_amr/regtest/powerlaw_building_flat/inputs.i"
Directory: /tmp/workspace/hgopalan/massconsistent_amr/build-baseline/regtest/powerlaw_building_flat
"powerlaw_building_flat" start time: Jun 02 18:24 UTC
Output:
----------------------------------------------------------
Initializing AMReX (26.05-63-gc2eb6db7ee79)...
AMReX (26.05-63-gc2eb6db7ee79) initialized
wind_solver: using central derivatives
wind_solver: input parsing time = 3.6218e-05 s
wind_solver: read 9 terrain points from terrain.csv
wind_solver: terrain x [0, 200] m
wind_solver: terrain y [0, 100] m
wind_solver: read 2 building(s) from buildings.csv
wind_solver: terrain reading time = 6.3449e-05 s
wind_solver: building 1: x=[40, 60] m, y=[40, 60] m, z=[0, 30] m
wind_solver: building 2: x=[100, 140] m, y=[60, 80] m, z=[0, 50] m
wind_solver: wall functions DISABLED (using no-slip boundary conditions)
wind_solver: terrain elevation [0, 0] m
wind_solver: obstacle height (terrain+buildings) max = 50 m
wind_solver: terrain interpolation time = 4.838e-05 s
wind_solver: grid 20 x 10 x 20  (dx=10 m, dy=10 m, dz=10 m)
wind_solver: vertical domain [0, 200] m
wind_solver: grid setup time = 0.000220632 s
wind_solver: initializing wind field with mode: powerlaw
wind_solver: power-law profile initialization
  U_ref = 8 m/s, V_ref = 0 m/s
  z_ref = 10 m
  powerlaw_exponent = 0.143
wind_solver: wind initialization time = 0.000122018 s
wind_solver: RHS computation time = 2.0078e-05 s
wind_solver: Poisson operator setup time = 0.000338982 s
wind_solver: starting MLMG Poisson solve...
wind_solver: MLMG solve complete.
wind_solver: Poisson solve time = 0.004080346 s
wind_solver: velocity correction time = 6.5362e-05 s
wind_solver: max |div(u)| before correction = 0.4959859575 s⁻¹
wind_solver: max |div(u)| after  correction = 0.331078152 s⁻¹
wind_solver: divergence computation time = 0.000397552 s
wind_solver: plotfile written to plt_powerlaw_building_flat
wind_solver: output writing time = 0.002648183 s
wind_solver: terrain-aligned extraction 1/1 at AGL = 15 m  →  k = 1  (physical z = 15 m)
wind_solver: terrain-aligned extraction written to wind_extract.csv  (200 points)
wind_solver: ========================================
wind_solver: total execution time = 0.008633455 s
wind_solver: ========================================
wind_solver: done.
AMReX (26.05-63-gc2eb6db7ee79) finalized
<end of output>
Test time =   0.01 sec
----------------------------------------------------------
Test Passed.
"powerlaw_building_flat" end time: Jun 02 18:24 UTC
"powerlaw_building_flat" time elapsed: 00:00:00
----------------------------------------------------------

10/49 Testing: powerlaw_building_terrain
10/49 Test: powerlaw_building_terrain
Command: "/tmp/workspace/hgopalan/massconsistent_amr/build-baseline/wind_solver" "/tmp/workspace/hgopalan/massconsistent_amr/regtest/powerlaw_building_terrain/inputs.i"
Directory: /tmp/workspace/hgopalan/massconsistent_amr/build-baseline/regtest/powerlaw_building_terrain
"powerlaw_building_terrain" start time: Jun 02 18:24 UTC
Output:
----------------------------------------------------------
Initializing AMReX (26.05-63-gc2eb6db7ee79)...
AMReX (26.05-63-gc2eb6db7ee79) initialized
wind_solver: using central derivatives
wind_solver: input parsing time = 3.2881e-05 s
wind_solver: read 121 terrain points from terrain.csv
wind_solver: terrain x [0, 300] m
wind_solver: terrain y [0, 300] m
wind_solver: read 3 building(s) from buildings.csv
wind_solver: terrain reading time = 0.000135493 s
wind_solver: building 1: x=[30, 60] m, y=[30, 60] m, z=[0, 30] m
wind_solver: building 2: x=[120, 150] m, y=[120, 150] m, z=[0, 30] m
wind_solver: building 3: x=[150, 180] m, y=[150, 180] m, z=[0, 30] m
wind_solver: wall functions DISABLED (using no-slip boundary conditions)
wind_solver: terrain elevation [0.1649054178, 48.57417567] m
wind_solver: obstacle height (terrain+buildings) max = 78.57417567 m
wind_solver: terrain interpolation time = 0.000783893 s
wind_solver: grid 30 x 30 x 28  (dx=10 m, dy=10 m, dz=9.943188223 m)
wind_solver: vertical domain [0.1649054178, 278.5741757] m
wind_solver: grid setup time = 0.000807768 s
wind_solver: initializing wind field with mode: powerlaw
wind_solver: power-law profile initialization
  U_ref = 10 m/s, V_ref = 0 m/s
  z_ref = 10 m
  powerlaw_exponent = 0.143
wind_solver: wind initialization time = 0.000586044 s
wind_solver: RHS computation time = 0.000111599 s
wind_solver: Poisson operator setup time = 0.001087169 s
wind_solver: starting MLMG Poisson solve...
wind_solver: MLMG solve complete.
wind_solver: Poisson solve time = 0.037827829 s
wind_solver: velocity correction time = 0.000390609 s
wind_solver: max |div(u)| before correction = 0.5912277342 s⁻¹
wind_solver: max |div(u)| after  correction = 0.5835834937 s⁻¹
wind_solver: divergence computation time = 0.00224483 s
wind_solver: plotfile written to plt_powerlaw_building_terrain
wind_solver: output writing time = 0.00334273 s
wind_solver: terrain-aligned extraction 1/1 at AGL = 15 m  →  k = 1  (physical z = 15.07968775 m)
wind_solver: terrain-aligned extraction written to wind_extract.csv  (900 points)
wind_solver: ========================================
wind_solver: total execution time = 0.049572371 s
wind_solver: ========================================
wind_solver: done.
AMReX (26.05-63-gc2eb6db7ee79) finalized
<end of output>
Test time =   0.05 sec
----------------------------------------------------------
Test Passed.
"powerlaw_building_terrain" end time: Jun 02 18:24 UTC
"powerlaw_building_terrain" time elapsed: 00:00:00
----------------------------------------------------------

11/49 Testing: buildings_flat
11/49 Test: buildings_flat
Command: "/tmp/workspace/hgopalan/massconsistent_amr/build-baseline/wind_solver" "/tmp/workspace/hgopalan/massconsistent_amr/regtest/buildings_flat/inputs.i"
Directory: /tmp/workspace/hgopalan/massconsistent_amr/build-baseline/regtest/buildings_flat
"buildings_flat" start time: Jun 02 18:24 UTC
Output:
----------------------------------------------------------
Initializing AMReX (26.05-63-gc2eb6db7ee79)...
AMReX (26.05-63-gc2eb6db7ee79) initialized
wind_solver: using central derivatives
wind_solver: input parsing time = 4.7849e-05 s
wind_solver: read 9 terrain points from terrain.csv
wind_solver: terrain x [0, 200] m
wind_solver: terrain y [0, 100] m
wind_solver: read 2 building(s) from buildings.csv
wind_solver: terrain reading time = 5.6726e-05 s
wind_solver: building 1: x=[40, 60] m, y=[40, 60] m, z=[0, 30] m
wind_solver: building 2: x=[100, 140] m, y=[60, 80] m, z=[0, 50] m
wind_solver: wall functions DISABLED (using no-slip boundary conditions)
wind_solver: terrain elevation [0, 0] m
wind_solver: obstacle height (terrain+buildings) max = 50 m
wind_solver: terrain interpolation time = 4.8821e-05 s
wind_solver: grid 20 x 10 x 15  (dx=10 m, dy=10 m, dz=10 m)
wind_solver: vertical domain [0, 150] m
wind_solver: grid setup time = 0.000150501 s
wind_solver: initializing wind field with mode: loglaw
wind_solver: wind initialization time = 7.2035e-05 s
wind_solver: RHS computation time = 1.7493e-05 s
wind_solver: Poisson operator setup time = 0.000242994 s
wind_solver: starting MLMG Poisson solve...
MLMG: Initial rhs               = 0.6621135155
MLMG: Initial residual (resid0) = 0.6621135155
MLMG: Final Iter. 2 resid, resid/bnorm = 5.541541353e-09, 8.369473245e-09
MLMG: Timers: Solve = 0.003825651 Iter = 0.003748086 Bottom = 0.003708643
wind_solver: MLMG solve complete.
wind_solver: Poisson solve time = 0.003833506 s
wind_solver: velocity correction time = 2.5408e-05 s
wind_solver: max |div(u)| before correction = 0.6621135155 s⁻¹
wind_solver: max |div(u)| after  correction = 0.4364905212 s⁻¹
wind_solver: divergence computation time = 0.000263352 s
wind_solver: plotfile written to plt_buildings_flat
wind_solver: output writing time = 0.002410048 s
wind_solver: ========================================
wind_solver: total execution time = 0.007211871 s
wind_solver: ========================================
wind_solver: done.
AMReX (26.05-63-gc2eb6db7ee79) finalized
<end of output>
Test time =   0.01 sec
----------------------------------------------------------
Test Passed.
"buildings_flat" end time: Jun 02 18:24 UTC
"buildings_flat" time elapsed: 00:00:00
----------------------------------------------------------

12/49 Testing: buildings_csv
12/49 Test: buildings_csv
Command: "/tmp/workspace/hgopalan/massconsistent_amr/build-baseline/wind_solver" "/tmp/workspace/hgopalan/massconsistent_amr/regtest/buildings_csv/inputs.i"
Directory: /tmp/workspace/hgopalan/massconsistent_amr/build-baseline/regtest/buildings_csv
"buildings_csv" start time: Jun 02 18:24 UTC
Output:
----------------------------------------------------------
Initializing AMReX (26.05-63-gc2eb6db7ee79)...
AMReX (26.05-63-gc2eb6db7ee79) initialized
wind_solver: using central derivatives
wind_solver: input parsing time = 3.3242e-05 s
wind_solver: read 4 terrain points from terrain.csv
wind_solver: terrain x [0, 200] m
wind_solver: terrain y [0, 200] m
wind_solver: read 3 building(s) from buildings.csv
wind_solver: terrain reading time = 5.5393e-05 s
wind_solver: building 1: x=[30, 50] m, y=[30, 50] m, z=[0, 20] m
wind_solver: building 2: x=[80, 120] m, y=[60, 90] m, z=[0, 40] m
wind_solver: building 3: x=[140, 170] m, y=[120, 160] m, z=[0, 60] m
wind_solver: wall functions DISABLED (using no-slip boundary conditions)
wind_solver: terrain elevation [0, 0] m
wind_solver: obstacle height (terrain+buildings) max = 60 m
wind_solver: terrain interpolation time = 5.5123e-05 s
wind_solver: grid 20 x 20 x 16  (dx=10 m, dy=10 m, dz=10 m)
wind_solver: vertical domain [0, 160] m
wind_solver: grid setup time = 0.000241541 s
wind_solver: initializing wind field with mode: loglaw
wind_solver: wind initialization time = 0.000130804 s
wind_solver: RHS computation time = 3.0126e-05 s
wind_solver: Poisson operator setup time = 0.000518338 s
wind_solver: starting MLMG Poisson solve...
MLMG: Initial rhs               = 0.5812388396
MLMG: Initial residual (resid0) = 0.5812388396
MLMG: Final Iter. 2 resid, resid/bnorm = 5.310100737e-09, 9.135832595e-09
MLMG: Timers: Solve = 0.006604368 Iter = 0.006379187 Bottom = 0.000400919
wind_solver: MLMG solve complete.
wind_solver: Poisson solve time = 0.006614236 s
wind_solver: velocity correction time = 9.9245e-05 s
wind_solver: max |div(u)| before correction = 0.5812388396 s⁻¹
wind_solver: max |div(u)| after  correction = 0.4884832913 s⁻¹
wind_solver: divergence computation time = 0.000575895 s
wind_solver: plotfile written to plt_buildings_csv
wind_solver: output writing time = 0.002615873 s
wind_solver: ========================================
wind_solver: total execution time = 0.011015412 s
wind_solver: ========================================
wind_solver: done.
AMReX (26.05-63-gc2eb6db7ee79) finalized
<end of output>
Test time =   0.02 sec
----------------------------------------------------------
Test Passed.
"buildings_csv" end time: Jun 02 18:24 UTC
"buildings_csv" time elapsed: 00:00:00
----------------------------------------------------------

13/49 Testing: buildings_terrain
13/49 Test: buildings_terrain
Command: "/tmp/workspace/hgopalan/massconsistent_amr/build-baseline/wind_solver" "/tmp/workspace/hgopalan/massconsistent_amr/regtest/buildings_terrain/inputs.i"
Directory: /tmp/workspace/hgopalan/massconsistent_amr/build-baseline/regtest/buildings_terrain
"buildings_terrain" start time: Jun 02 18:24 UTC
Output:
----------------------------------------------------------
Initializing AMReX (26.05-63-gc2eb6db7ee79)...
AMReX (26.05-63-gc2eb6db7ee79) initialized
wind_solver: using central derivatives
wind_solver: input parsing time = 3.1869e-05 s
wind_solver: read 121 terrain points from terrain.csv
wind_solver: terrain x [0, 300] m
wind_solver: terrain y [0, 300] m
wind_solver: read 3 building(s) from buildings.csv
wind_solver: terrain reading time = 0.000133649 s
wind_solver: building 1: x=[30, 60] m, y=[30, 60] m, z=[0, 30] m
wind_solver: building 2: x=[120, 150] m, y=[120, 150] m, z=[0, 30] m
wind_solver: building 3: x=[150, 180] m, y=[150, 180] m, z=[0, 30] m
wind_solver: wall functions DISABLED (using no-slip boundary conditions)
wind_solver: terrain elevation [0.4974860909, 44.0460695] m
wind_solver: obstacle height (terrain+buildings) max = 74.0460695 m
wind_solver: terrain interpolation time = 0.000100317 s
wind_solver: grid 10 x 10 x 7  (dx=30 m, dy=30 m, dz=24.79265477 m)
wind_solver: vertical domain [0.4974860909, 174.0460695] m
wind_solver: grid setup time = 7.2445e-05 s
wind_solver: initializing wind field with mode: loglaw
wind_solver: wind initialization time = 2.6269e-05 s
wind_solver: RHS computation time = 5.651e-06 s
wind_solver: Poisson operator setup time = 0.000147675 s
wind_solver: starting MLMG Poisson solve...
MLMG: Initial rhs               = 0.3434687496
MLMG: Initial residual (resid0) = 0.3434687496
MLMG: Final Iter. 2 resid, resid/bnorm = 2.142634565e-09, 6.238222742e-09
MLMG: Timers: Solve = 0.000650093 Iter = 0.000611461 Bottom = 0.000592596
wind_solver: MLMG solve complete.
wind_solver: Poisson solve time = 0.000657057 s
wind_solver: velocity correction time = 8.145e-06 s
wind_solver: max |div(u)| before correction = 0.3434687496 s⁻¹
wind_solver: max |div(u)| after  correction = 0.3563940266 s⁻¹
wind_solver: divergence computation time = 8.1713e-05 s
wind_solver: plotfile written to plt_buildings_terrain
wind_solver: output writing time = 0.002318107 s
wind_solver: ========================================
wind_solver: total execution time = 0.003617702 s
wind_solver: ========================================
wind_solver: done.
AMReX (26.05-63-gc2eb6db7ee79) finalized
<end of output>
Test time =   0.01 sec
----------------------------------------------------------
Test Passed.
"buildings_terrain" end time: Jun 02 18:24 UTC
"buildings_terrain" time elapsed: 00:00:00
----------------------------------------------------------

14/49 Testing: wake_single_building
14/49 Test: wake_single_building
Command: "/tmp/workspace/hgopalan/massconsistent_amr/build-baseline/wind_solver" "/tmp/workspace/hgopalan/massconsistent_amr/regtest/wake_single_building/inputs.i"
Directory: /tmp/workspace/hgopalan/massconsistent_amr/build-baseline/regtest/wake_single_building
"wake_single_building" start time: Jun 02 18:24 UTC
Output:
----------------------------------------------------------
Initializing AMReX (26.05-63-gc2eb6db7ee79)...
AMReX (26.05-63-gc2eb6db7ee79) initialized
wind_solver: using central derivatives
wind_solver: input parsing time = 3.3963e-05 s
wind_solver: read 4 terrain points from terrain.csv
wind_solver: terrain x [0, 300] m
wind_solver: terrain y [0, 200] m
wind_solver: read 1 building(s) from buildings.csv
wind_solver: terrain reading time = 5.3029e-05 s
wind_solver: building 1: x=[80, 120] m, y=[90, 110] m, z=[0, 30] m
wind_solver: wall functions DISABLED (using no-slip boundary conditions)
wind_solver: terrain elevation [0, 0] m
wind_solver: obstacle height (terrain+buildings) max = 30 m
wind_solver: terrain interpolation time = 0.000201506 s
wind_solver: grid 60 x 40 x 36  (dx=5 m, dy=5 m, dz=5 m)
wind_solver: vertical domain [0, 180] m
wind_solver: grid setup time = 0.002825845 s
wind_solver: initializing wind field with mode: loglaw
wind_solver: applying wake model (Röckle formulation)
  cavity length coeff c1 = 0.9
  wake deficit coeff c2 = 0.3
  separation length factor = 3
  wake superposition = enabled
  using Röckle (1990) wake model
wind_solver: wind initialization time = 0.003014577 s
wind_solver: RHS computation time = 0.000388144 s
wind_solver: Poisson operator setup time = 0.004347174 s
wind_solver: starting MLMG Poisson solve...
MLMG: Initial rhs               = 1.217823206
MLMG: Initial residual (resid0) = 1.217823206
MLMG: Final Iter. 2 resid, resid/bnorm = 2.171944722e-09, 1.783464718e-09
MLMG: Timers: Solve = 0.091940475 Iter = 0.089024482 Bottom = 0.008575687
wind_solver: MLMG solve complete.
wind_solver: Poisson solve time = 0.09199687 s
wind_solver: velocity correction time = 0.00146818 s
wind_solver: max |div(u)| before correction = 1.217823206 s⁻¹
wind_solver: max |div(u)| after  correction = 0.8511040745 s⁻¹
wind_solver: divergence computation time = 0.009383746 s
wind_solver: plotfile written to plt_wake_single_building
wind_solver: output writing time = 0.00586074 s
wind_solver: terrain-aligned extraction 1/1 at AGL = 10 m  →  k = 2  (physical z = 12.5 m)
wind_solver: terrain-aligned extraction written to wind_wake_10m.csv  (2400 points)
wind_solver: ========================================
wind_solver: total execution time = 0.125824473 s
wind_solver: ========================================
wind_solver: done.
AMReX (26.05-63-gc2eb6db7ee79) finalized
<end of output>
Test time =   0.13 sec
----------------------------------------------------------
Test Passed.
"wake_single_building" end time: Jun 02 18:24 UTC
"wake_single_building" time elapsed: 00:00:00
----------------------------------------------------------

15/49 Testing: rooftop_vortex
15/49 Test: rooftop_vortex
Command: "/tmp/workspace/hgopalan/massconsistent_amr/build-baseline/wind_solver" "/tmp/workspace/hgopalan/massconsistent_amr/regtest/rooftop_vortex/inputs.i"
Directory: /tmp/workspace/hgopalan/massconsistent_amr/build-baseline/regtest/rooftop_vortex
"rooftop_vortex" start time: Jun 02 18:24 UTC
Output:
----------------------------------------------------------
Initializing AMReX (26.05-63-gc2eb6db7ee79)...
AMReX (26.05-63-gc2eb6db7ee79) initialized
wind_solver: using central derivatives
wind_solver: input parsing time = 3.9994e-05 s
wind_solver: read 11 terrain points from terrain.csv
wind_solver: terrain x [0, 1000] m
wind_solver: terrain y [0, 1000] m
wind_solver: read 1 building(s) from buildings.csv
wind_solver: terrain reading time = 6.6754e-05 s
wind_solver: building 1: x=[270, 330] m, y=[290, 310] m, z=[0, 30] m
wind_solver: wall functions DISABLED (using no-slip boundary conditions)
wind_solver: terrain elevation [0, 0] m
wind_solver: obstacle height (terrain+buildings) max = 0 m
wind_solver: terrain interpolation time = 0.000151262 s
wind_solver: grid 33 x 33 x 15  (dx=30.3030303 m, dy=30.3030303 m, dz=20 m)
wind_solver: vertical domain [0, 300] m
wind_solver: grid setup time = 0.000675381 s
wind_solver: initializing wind field with mode: loglaw
wind_solver: applying wake model (Röckle formulation)
  cavity length coeff c1 = 0.9
  wake deficit coeff c2 = 0.3
  separation length factor = 3
  wake superposition = enabled
  using Röckle (1990) wake model
wind_solver: wind initialization time = 0.000596394 s
wind_solver: RHS computation time = 7.481e-05 s
wind_solver: Poisson operator setup time = 0.00093212 s
wind_solver: starting MLMG Poisson solve...
MLMG: Initial rhs               = 0.03238095238
MLMG: Initial residual (resid0) = 0.03238095238
MLMG: Final Iter. 2 resid, resid/bnorm = 2.509667804e-10, 7.750444687e-09
MLMG: Timers: Solve = 0.036948748 Iter = 0.036624283 Bottom = 0.03641977
wind_solver: MLMG solve complete.
wind_solver: Poisson solve time = 0.036969186 s
wind_solver: velocity correction time = 9.5859e-05 s
wind_solver: max |div(u)| before correction = 0.03238095238 s⁻¹
wind_solver: max |div(u)| after  correction = 0.02751070067 s⁻¹
wind_solver: divergence computation time = 0.001411314 s
wind_solver: plotfile written to plt_rooftop_vortex
wind_solver: output writing time = 0.003423621 s
wind_solver: terrain-aligned extraction 1/1 at AGL = 5 m  →  k = 0  (physical z = 10 m)
wind_solver: terrain-aligned extraction written to rooftop_vortex_profile.csv  (1089 points)
wind_solver: ========================================
wind_solver: total execution time = 0.04718196 s
wind_solver: ========================================
wind_solver: done.
Unused ParmParse Variables:
  [TOP]::nx(nvals = 1)  :: [40]
  [TOP]::ny(nvals = 1)  :: [40]
  [TOP]::nz(nvals = 1)  :: [20]
  [TOP]::x_hi(nvals = 1)  :: [1100.0]
  [TOP]::x_lo(nvals = 1)  :: [-100.0]
  [TOP]::y_hi(nvals = 1)  :: [1100.0]
  [TOP]::y_lo(nvals = 1)  :: [-100.0]
  [TOP]::z_hi(nvals = 1)  :: [400.0]
  [TOP]::z_lo(nvals = 1)  :: [0.0]

AMReX (26.05-63-gc2eb6db7ee79) finalized
<end of output>
Test time =   0.05 sec
----------------------------------------------------------
Test Passed.
"rooftop_vortex" end time: Jun 02 18:24 UTC
"rooftop_vortex" time elapsed: 00:00:00
----------------------------------------------------------

16/49 Testing: building_oriented
16/49 Test: building_oriented
Command: "/tmp/workspace/hgopalan/massconsistent_amr/build-baseline/wind_solver" "/tmp/workspace/hgopalan/massconsistent_amr/regtest/building_oriented/inputs.i"
Directory: /tmp/workspace/hgopalan/massconsistent_amr/build-baseline/regtest/building_oriented
"building_oriented" start time: Jun 02 18:24 UTC
Output:
----------------------------------------------------------
Initializing AMReX (26.05-63-gc2eb6db7ee79)...
AMReX (26.05-63-gc2eb6db7ee79) initialized
wind_solver: using central derivatives
wind_solver: input parsing time = 3.8953e-05 s
wind_solver: read 11 terrain points from terrain.csv
wind_solver: terrain x [0, 1000] m
wind_solver: terrain y [0, 1000] m
wind_solver: read 1 building(s) from buildings.csv
wind_solver: terrain reading time = 0.000104976 s
wind_solver: building 1: x=[375, 425] m, y=[385, 415] m, z=[0, 35] m
wind_solver: wall functions DISABLED (using no-slip boundary conditions)
wind_solver: terrain elevation [0, 0] m
wind_solver: obstacle height (terrain+buildings) max = 35 m
wind_solver: terrain interpolation time = 0.000179906 s
wind_solver: grid 33 x 33 x 17  (dx=30.3030303 m, dy=30.3030303 m, dz=19.70588235 m)
wind_solver: vertical domain [0, 335] m
wind_solver: grid setup time = 0.000716448 s
wind_solver: initializing wind field with mode: loglaw
wind_solver: applying wake model (Röckle formulation)
  cavity length coeff c1 = 0.9
  wake deficit coeff c2 = 0.3
  separation length factor = 3
  wake superposition = enabled
  using Röckle (1990) wake model
wind_solver: wind initialization time = 0.000721717 s
wind_solver: RHS computation time = 9.9275e-05 s
wind_solver: Poisson operator setup time = 0.001011268 s
wind_solver: starting MLMG Poisson solve...
MLMG: Initial rhs               = 0.2186163461
MLMG: Initial residual (resid0) = 0.2186163461
MLMG: Final Iter. 2 resid, resid/bnorm = 1.78873063e-09, 8.182053456e-09
MLMG: Timers: Solve = 0.047617733 Iter = 0.047223387 Bottom = 0.047004719
wind_solver: MLMG solve complete.
wind_solver: Poisson solve time = 0.047641788 s
wind_solver: velocity correction time = 0.000121247 s
wind_solver: max |div(u)| before correction = 0.2186163461 s⁻¹
wind_solver: max |div(u)| after  correction = 0.1643890906 s⁻¹
wind_solver: divergence computation time = 0.001577605 s
wind_solver: plotfile written to plt_oriented_building
wind_solver: output writing time = 0.00319299 s
wind_solver: terrain-aligned extraction 1/1 at AGL = 10 m  →  k = 0  (physical z = 9.852941176 m)
wind_solver: terrain-aligned extraction written to oriented_building_profile.csv  (1089 points)
wind_solver: ========================================
wind_solver: total execution time = 0.058189876 s
wind_solver: ========================================
wind_solver: done.
Unused ParmParse Variables:
  [TOP]::nx(nvals = 1)  :: [40]
  [TOP]::ny(nvals = 1)  :: [40]
  [TOP]::nz(nvals = 1)  :: [15]
  [TOP]::x_hi(nvals = 1)  :: [1100.0]
  [TOP]::x_lo(nvals = 1)  :: [-100.0]
  [TOP]::y_hi(nvals = 1)  :: [1100.0]
  [TOP]::y_lo(nvals = 1)  :: [-100.0]
  [TOP]::z_hi(nvals = 1)  :: [300.0]
  [TOP]::z_lo(nvals = 1)  :: [0.0]

AMReX (26.05-63-gc2eb6db7ee79) finalized
<end of output>
Test time =   0.06 sec
----------------------------------------------------------
Test Passed.
"building_oriented" end time: Jun 02 18:24 UTC
"building_oriented" time elapsed: 00:00:00
----------------------------------------------------------

17/49 Testing: building_array
17/49 Test: building_array
Command: "/tmp/workspace/hgopalan/massconsistent_amr/build-baseline/wind_solver" "/tmp/workspace/hgopalan/massconsistent_amr/regtest/building_array/inputs.i"
Directory: /tmp/workspace/hgopalan/massconsistent_amr/build-baseline/regtest/building_array
"building_array" start time: Jun 02 18:24 UTC
Output:
----------------------------------------------------------
Initializing AMReX (26.05-63-gc2eb6db7ee79)...
AMReX (26.05-63-gc2eb6db7ee79) initialized
wind_solver: using central derivatives
wind_solver: input parsing time = 3.9293e-05 s
wind_solver: read 4 terrain points from terrain.csv
wind_solver: terrain x [0, 300] m
wind_solver: terrain y [0, 300] m
wind_solver: read 9 building(s) from buildings.csv
wind_solver: terrain reading time = 7.3818e-05 s
wind_solver: building 1: x=[40, 60] m, y=[40, 60] m, z=[0, 30] m
wind_solver: building 2: x=[100, 120] m, y=[40, 60] m, z=[0, 30] m
wind_solver: building 3: x=[160, 180] m, y=[40, 60] m, z=[0, 30] m
wind_solver: building 4: x=[40, 60] m, y=[100, 120] m, z=[0, 30] m
wind_solver: building 5: x=[100, 120] m, y=[100, 120] m, z=[0, 30] m
wind_solver: building 6: x=[160, 180] m, y=[100, 120] m, z=[0, 30] m
wind_solver: building 7: x=[40, 60] m, y=[160, 180] m, z=[0, 30] m
wind_solver: building 8: x=[100, 120] m, y=[160, 180] m, z=[0, 30] m
wind_solver: building 9: x=[160, 180] m, y=[160, 180] m, z=[0, 30] m
wind_solver: wall functions DISABLED (using no-slip boundary conditions)
wind_solver: terrain elevation [0, 0] m
wind_solver: obstacle height (terrain+buildings) max = 30 m
wind_solver: terrain interpolation time = 0.000328102 s
wind_solver: grid 60 x 60 x 36  (dx=5 m, dy=5 m, dz=5 m)
wind_solver: vertical domain [0, 180] m
wind_solver: grid setup time = 0.004297372 s
wind_solver: initializing wind field with mode: loglaw
wind_solver: applying wake model (Röckle formulation)
  cavity length coeff c1 = 0.9
  wake deficit coeff c2 = 0.3
  separation length factor = 3
  wake superposition = enabled
  street canyon effects enabled (reduction factor = 0.3)
  using Röckle (1990) wake model
wind_solver: wind initialization time = 0.01021649 s
wind_solver: RHS computation time = 0.00056259 s
wind_solver: Poisson operator setup time = 0.005660977 s
wind_solver: starting MLMG Poisson solve...
MLMG: Initial rhs               = 0.5625215365
MLMG: Initial residual (resid0) = 0.5625215365
MLMG: Final Iter. 3 resid, resid/bnorm = 2.375676045e-12, 4.223262383e-12
MLMG: Timers: Solve = 0.202553294 Iter = 0.19889193 Bottom = 0.019551884
wind_solver: MLMG solve complete.
wind_solver: Poisson solve time = 0.202657649 s
wind_solver: velocity correction time = 0.002085333 s
wind_solver: max |div(u)| before correction = 0.5625215365 s⁻¹
wind_solver: max |div(u)| after  correction = 0.3274320008 s⁻¹
wind_solver: divergence computation time = 0.013557707 s
wind_solver: plotfile written to plt_building_array
wind_solver: output writing time = 0.007361781 s
wind_solver: terrain-aligned extraction 1/1 at AGL = 10 m  →  k = 2  (physical z = 12.5 m)
wind_solver: terrain-aligned extraction written to wind_array_10m.csv  (3600 points)
wind_solver: ========================================
wind_solver: total execution time = 0.255391932 s
wind_solver: ========================================
wind_solver: done.
AMReX (26.05-63-gc2eb6db7ee79) finalized
<end of output>
Test time =   0.26 sec
----------------------------------------------------------
Test Passed.
"building_array" end time: Jun 02 18:24 UTC
"building_array" time elapsed: 00:00:00
----------------------------------------------------------

18/49 Testing: porous_buildings
18/49 Test: porous_buildings
Command: "/tmp/workspace/hgopalan/massconsistent_amr/build-baseline/wind_solver" "/tmp/workspace/hgopalan/massconsistent_amr/regtest/porous_buildings/inputs.i"
Directory: /tmp/workspace/hgopalan/massconsistent_amr/build-baseline/regtest/porous_buildings
"porous_buildings" start time: Jun 02 18:24 UTC
Output:
----------------------------------------------------------
Initializing AMReX (26.05-63-gc2eb6db7ee79)...
AMReX (26.05-63-gc2eb6db7ee79) initialized
wind_solver: using central derivatives
wind_solver: input parsing time = 3.9183e-05 s
wind_solver: read 25 terrain points from terrain.csv
wind_solver: terrain x [0, 100] m
wind_solver: terrain y [0, 100] m
wind_solver: read 2 porous building(s) from porous_buildings.csv
wind_solver: terrain reading time = 6.7296e-05 s
wind_solver: wall functions DISABLED (using no-slip boundary conditions)
wind_solver: terrain elevation [0, 0] m
wind_solver: terrain interpolation time = 4.795e-05 s
wind_solver: grid 10 x 10 x 5  (dx=10 m, dy=10 m, dz=10 m)
wind_solver: vertical domain [0, 50] m
wind_solver: grid setup time = 7.1473e-05 s
wind_solver: initializing wind field with mode: loglaw
wind_solver: applying building porosity model
  porosity drag coefficient = 0.3
wind_solver: wind initialization time = 3.8803e-05 s
wind_solver: RHS computation time = 4.638e-06 s
wind_solver: Poisson operator setup time = 0.000156572 s
wind_solver: starting MLMG Poisson solve...
wind_solver: MLMG solve complete.
wind_solver: Poisson solve time = 4.4834e-05 s
wind_solver: velocity correction time = 1.59e-05 s
wind_solver: max |div(u)| before correction = 0 s⁻¹
wind_solver: max |div(u)| after  correction = 0 s⁻¹
wind_solver: divergence computation time = 5.892e-05 s
wind_solver: plotfile written to plt_porous_buildings
wind_solver: output writing time = 0.002202091 s
wind_solver: terrain-aligned extraction 1/1 at AGL = 10 m  →  k = 1  (physical z = 15 m)
wind_solver: terrain-aligned extraction written to wind_extract.csv  (100 points)
wind_solver: ========================================
wind_solver: total execution time = 0.003126606 s
wind_solver: ========================================
wind_solver: done.
AMReX (26.05-63-gc2eb6db7ee79) finalized
<end of output>
Test time =   0.01 sec
----------------------------------------------------------
Test Passed.
"porous_buildings" end time: Jun 02 18:24 UTC
"porous_buildings" time elapsed: 00:00:00
----------------------------------------------------------

19/49 Testing: multiheight_extraction
19/49 Test: multiheight_extraction
Command: "/tmp/workspace/hgopalan/massconsistent_amr/build-baseline/wind_solver" "/tmp/workspace/hgopalan/massconsistent_amr/regtest/multiheight_extraction/inputs.i"
Directory: /tmp/workspace/hgopalan/massconsistent_amr/build-baseline/regtest/multiheight_extraction
"multiheight_extraction" start time: Jun 02 18:24 UTC
Output:
----------------------------------------------------------
Initializing AMReX (26.05-63-gc2eb6db7ee79)...
AMReX (26.05-63-gc2eb6db7ee79) initialized
wind_solver: using central derivatives
wind_solver: input parsing time = 3.4345e-05 s
wind_solver: read 121 terrain points from terrain.csv
wind_solver: terrain x [0, 300] m
wind_solver: terrain y [0, 300] m
wind_solver: terrain reading time = 0.000119273 s
wind_solver: wall functions DISABLED (using no-slip boundary conditions)
wind_solver: terrain elevation [0.4974860909, 44.0460695] m
wind_solver: terrain interpolation time = 9.0599e-05 s
wind_solver: grid 10 x 10 x 8  (dx=30 m, dy=30 m, dz=24.19357293 m)
wind_solver: vertical domain [0.4974860909, 194.0460695] m
wind_solver: grid setup time = 0.000110898 s
wind_solver: initializing wind field with mode: loglaw
wind_solver: wind initialization time = 3.1248e-05 s
wind_solver: RHS computation time = 5.911e-06 s
wind_solver: Poisson operator setup time = 0.000199974 s
wind_solver: starting MLMG Poisson solve...
wind_solver: MLMG solve complete.
wind_solver: Poisson solve time = 0.001078914 s
wind_solver: velocity correction time = 2.4365e-05 s
wind_solver: max |div(u)| before correction = 0.1793587762 s⁻¹
wind_solver: max |div(u)| after  correction = 0.1395195664 s⁻¹
wind_solver: divergence computation time = 8.8275e-05 s
wind_solver: plotfile written to plt_multiheight
wind_solver: output writing time = 0.000707971 s
wind_solver: terrain-aligned extraction 1/3 at AGL = 10 m  →  k = 0  (physical z = 12.59427255 m)
wind_solver: terrain-aligned extraction written to wind_extract_10m.csv  (100 points)
wind_solver: terrain-aligned extraction 2/3 at AGL = 50 m  →  k = 2  (physical z = 60.98141841 m)
wind_solver: terrain-aligned extraction written to wind_extract_50m.csv  (100 points)
wind_solver: terrain-aligned extraction 3/3 at AGL = 100 m  →  k = 4  (physical z = 109.3685643 m)
wind_solver: terrain-aligned extraction written to wind_extract_100m.csv  (100 points)
wind_solver: ========================================
wind_solver: total execution time = 0.003540319 s
wind_solver: ========================================
wind_solver: done.
AMReX (26.05-63-gc2eb6db7ee79) finalized
<end of output>
Test time =   0.01 sec
----------------------------------------------------------
Test Passed.
"multiheight_extraction" end time: Jun 02 18:24 UTC
"multiheight_extraction" time elapsed: 00:00:00
----------------------------------------------------------

20/49 Testing: wall_function_flat
20/49 Test: wall_function_flat
Command: "/tmp/workspace/hgopalan/massconsistent_amr/build-baseline/wind_solver" "/tmp/workspace/hgopalan/massconsistent_amr/regtest/wall_function_flat/inputs.i"
Directory: /tmp/workspace/hgopalan/massconsistent_amr/build-baseline/regtest/wall_function_flat
"wall_function_flat" start time: Jun 02 18:24 UTC
Output:
----------------------------------------------------------
Initializing AMReX (26.05-63-gc2eb6db7ee79)...
AMReX (26.05-63-gc2eb6db7ee79) initialized
wind_solver: using central derivatives
wind_solver: input parsing time = 4.5305e-05 s
wind_solver: read 4 terrain points from terrain_flat.csv
wind_solver: terrain x [0, 10] m
wind_solver: terrain y [0, 10] m
wind_solver: terrain reading time = 3.6849e-05 s
wind_solver: wall functions ENABLED
  terrain wall function: ENABLED
  blend height = 2 cells
  max distance = 3 cells
  stability correction: DISABLED (neutral log-law)
  adaptive activation: DISABLED (always active when enabled)
wind_solver: terrain elevation [0, 0] m
wind_solver: terrain interpolation time = 1.2874e-05 s
wind_solver: grid 1 x 1 x 20  (dx=10 m, dy=10 m, dz=5 m)
wind_solver: vertical domain [0, 100] m
wind_solver: grid setup time = 4.6798e-05 s
wind_solver: initializing wind field with mode: loglaw
wind_solver: wind initialization time = 1.7963e-05 s
wind_solver: RHS computation time = 1.082e-06 s
wind_solver: Poisson operator setup time = 0.000114614 s
wind_solver: starting MLMG Poisson solve...
MLMG: Initial rhs               = 1.491502239
MLMG: Initial residual (resid0) = 1.491502239
MLMG: Final Iter. 2 resid, resid/bnorm = 4.508898366e-09, 3.023058395e-09
MLMG: Timers: Solve = 0.000119613 Iter = 8.7823e-05 Bottom = 7.6142e-05
wind_solver: MLMG solve complete.
wind_solver: Poisson solve time = 0.000126306 s
wind_solver: velocity correction time = 1.993e-06 s
wind_solver: max |div(u)| before correction = 1.491502239 s⁻¹
wind_solver: max |div(u)| after  correction = 2.231994629 s⁻¹
wind_solver: divergence computation time = 1.2363e-05 s
wind_solver: plotfile written to plt_wall_function_flat
wind_solver: output writing time = 0.002374813 s
wind_solver: terrain-aligned extraction 1/5 at AGL = 5 m  →  k = 1  (physical z = 7.5 m)
wind_solver: terrain-aligned extraction written to wall_function_profile_5m.csv  (1 points)
wind_solver: terrain-aligned extraction 2/5 at AGL = 10 m  →  k = 2  (physical z = 12.5 m)
wind_solver: terrain-aligned extraction written to wall_function_profile_10m.csv  (1 points)
wind_solver: terrain-aligned extraction 3/5 at AGL = 25 m  →  k = 5  (physical z = 27.5 m)
wind_solver: terrain-aligned extraction written to wall_function_profile_25m.csv  (1 points)
wind_solver: terrain-aligned extraction 4/5 at AGL = 50 m  →  k = 10  (physical z = 52.5 m)
wind_solver: terrain-aligned extraction written to wall_function_profile_50m.csv  (1 points)
wind_solver: terrain-aligned extraction 5/5 at AGL = 100 m  →  k = 19  (physical z = 97.5 m)
wind_solver: terrain-aligned extraction written to wall_function_profile_100m.csv  (1 points)
wind_solver: ========================================
wind_solver: total execution time = 0.003151162 s
wind_solver: ========================================
wind_solver: done.
AMReX (26.05-63-gc2eb6db7ee79) finalized
<end of output>
Test time =   0.01 sec
----------------------------------------------------------
Test Passed.
"wall_function_flat" end time: Jun 02 18:24 UTC
"wall_function_flat" time elapsed: 00:00:00
----------------------------------------------------------

21/49 Testing: wall_function_stable
21/49 Test: wall_function_stable
Command: "/tmp/workspace/hgopalan/massconsistent_amr/build-baseline/wind_solver" "/tmp/workspace/hgopalan/massconsistent_amr/regtest/wall_function_stable/inputs.i"
Directory: /tmp/workspace/hgopalan/massconsistent_amr/build-baseline/regtest/wall_function_stable
"wall_function_stable" start time: Jun 02 18:24 UTC
Output:
----------------------------------------------------------
Initializing AMReX (26.05-63-gc2eb6db7ee79)...
AMReX (26.05-63-gc2eb6db7ee79) initialized
wind_solver: using central derivatives
wind_solver: input parsing time = 3.3433e-05 s
wind_solver: read 4 terrain points from terrain.csv
wind_solver: terrain x [0, 320] m
wind_solver: terrain y [0, 320] m
wind_solver: terrain reading time = 4.1608e-05 s
wind_solver: wall functions ENABLED
  terrain wall function: ENABLED
  blend height = 2 cells
  max distance = 3 cells
  stability correction: ENABLED
    Obukhov length L = 100 m
    (stable conditions)
  adaptive activation: DISABLED (always active when enabled)
wind_solver: terrain elevation [0, 0] m
wind_solver: terrain interpolation time = 9.9736e-05 s
wind_solver: grid 32 x 32 x 60  (dx=10 m, dy=10 m, dz=5 m)
wind_solver: vertical domain [0, 300] m
wind_solver: grid setup time = 0.001841418 s
wind_solver: initializing wind field with mode: loglaw
wind_solver: wind initialization time = 0.001359858 s
wind_solver: RHS computation time = 0.000343621 s
wind_solver: Poisson operator setup time = 0.002531074 s
wind_solver: starting MLMG Poisson solve...
MLMG: Initial rhs               = 0
MLMG: Initial residual (resid0) = 0
MLMG: No iterations needed
MLMG: Timers: Solve = 0.001713889 Iter = 0 Bottom = 0
wind_solver: MLMG solve complete.
wind_solver: Poisson solve time = 0.00175193 s
wind_solver: velocity correction time = 0.000955142 s
wind_solver: max |div(u)| before correction = 0 s⁻¹
wind_solver: max |div(u)| after  correction = 0 s⁻¹
wind_solver: divergence computation time = 0.005966006 s
wind_solver: plotfile written to plt_wall_function_stable
wind_solver: output writing time = 0.004475895 s
wind_solver: terrain-aligned extraction 1/5 at AGL = 5 m  →  k = 1  (physical z = 7.5 m)
wind_solver: terrain-aligned extraction written to wall_function_stable_profile_5m.csv  (1024 points)
wind_solver: terrain-aligned extraction 2/5 at AGL = 10 m  →  k = 2  (physical z = 12.5 m)
wind_solver: terrain-aligned extraction written to wall_function_stable_profile_10m.csv  (1024 points)
wind_solver: terrain-aligned extraction 3/5 at AGL = 25 m  →  k = 5  (physical z = 27.5 m)
wind_solver: terrain-aligned extraction written to wall_function_stable_profile_25m.csv  (1024 points)
wind_solver: terrain-aligned extraction 4/5 at AGL = 50 m  →  k = 10  (physical z = 52.5 m)
wind_solver: terrain-aligned extraction written to wall_function_stable_profile_50m.csv  (1024 points)
wind_solver: terrain-aligned extraction 5/5 at AGL = 100 m  →  k = 20  (physical z = 102.5 m)
wind_solver: terrain-aligned extraction written to wall_function_stable_profile_100m.csv  (1024 points)
wind_solver: ========================================
wind_solver: total execution time = 0.030861356 s
wind_solver: ========================================
wind_solver: done.
Unused ParmParse Variables:
  [TOP]::nx(nvals = 1)  :: [32]
  [TOP]::ny(nvals = 1)  :: [32]
  [TOP]::nz(nvals = 1)  :: [32]
  [TOP]::solve_mass_constraint(nvals = 1)  :: [true]

AMReX (26.05-63-gc2eb6db7ee79) finalized
<end of output>
Test time =   0.04 sec
----------------------------------------------------------
Test Passed.
"wall_function_stable" end time: Jun 02 18:24 UTC
"wall_function_stable" time elapsed: 00:00:00
----------------------------------------------------------

22/49 Testing: wall_function_unstable
22/49 Test: wall_function_unstable
Command: "/tmp/workspace/hgopalan/massconsistent_amr/build-baseline/wind_solver" "/tmp/workspace/hgopalan/massconsistent_amr/regtest/wall_function_unstable/inputs.i"
Directory: /tmp/workspace/hgopalan/massconsistent_amr/build-baseline/regtest/wall_function_unstable
"wall_function_unstable" start time: Jun 02 18:24 UTC
Output:
----------------------------------------------------------
Initializing AMReX (26.05-63-gc2eb6db7ee79)...
AMReX (26.05-63-gc2eb6db7ee79) initialized
wind_solver: using central derivatives
wind_solver: input parsing time = 4.2109e-05 s
wind_solver: read 4 terrain points from terrain.csv
wind_solver: terrain x [0, 320] m
wind_solver: terrain y [0, 320] m
wind_solver: terrain reading time = 4.5445e-05 s
wind_solver: wall functions ENABLED
  terrain wall function: ENABLED
  blend height = 2 cells
  max distance = 3 cells
  stability correction: ENABLED
    Obukhov length L = -150 m
    (unstable conditions)
  adaptive activation: DISABLED (always active when enabled)
wind_solver: terrain elevation [0, 0] m
wind_solver: terrain interpolation time = 9.7643e-05 s
wind_solver: grid 32 x 32 x 60  (dx=10 m, dy=10 m, dz=5 m)
wind_solver: vertical domain [0, 300] m
wind_solver: grid setup time = 0.001969636 s
wind_solver: initializing wind field with mode: loglaw
wind_solver: wind initialization time = 0.001608673 s
wind_solver: RHS computation time = 0.000270916 s
wind_solver: Poisson operator setup time = 0.002657821 s
wind_solver: starting MLMG Poisson solve...
MLMG: Initial rhs               = 0
MLMG: Initial residual (resid0) = 0
MLMG: No iterations needed
MLMG: Timers: Solve = 0.001758312 Iter = 0 Bottom = 0
wind_solver: MLMG solve complete.
wind_solver: Poisson solve time = 0.001801352 s
wind_solver: velocity correction time = 0.000971503 s
wind_solver: max |div(u)| before correction = 0 s⁻¹
wind_solver: max |div(u)| after  correction = 0 s⁻¹
wind_solver: divergence computation time = 0.005855489 s
wind_solver: plotfile written to plt_wall_function_unstable
wind_solver: output writing time = 0.004573506 s
wind_solver: terrain-aligned extraction 1/5 at AGL = 5 m  →  k = 1  (physical z = 7.5 m)
wind_solver: terrain-aligned extraction written to wall_function_unstable_profile_5m.csv  (1024 points)
wind_solver: terrain-aligned extraction 2/5 at AGL = 10 m  →  k = 2  (physical z = 12.5 m)
wind_solver: terrain-aligned extraction written to wall_function_unstable_profile_10m.csv  (1024 points)
wind_solver: terrain-aligned extraction 3/5 at AGL = 25 m  →  k = 5  (physical z = 27.5 m)
wind_solver: terrain-aligned extraction written to wall_function_unstable_profile_25m.csv  (1024 points)
wind_solver: terrain-aligned extraction 4/5 at AGL = 50 m  →  k = 10  (physical z = 52.5 m)
wind_solver: terrain-aligned extraction written to wall_function_unstable_profile_50m.csv  (1024 points)
wind_solver: terrain-aligned extraction 5/5 at AGL = 100 m  →  k = 20  (physical z = 102.5 m)
wind_solver: terrain-aligned extraction written to wall_function_unstable_profile_100m.csv  (1024 points)
wind_solver: ========================================
wind_solver: total execution time = 0.031632455 s
wind_solver: ========================================
wind_solver: done.
Unused ParmParse Variables:
  [TOP]::nx(nvals = 1)  :: [32]
  [TOP]::ny(nvals = 1)  :: [32]
  [TOP]::nz(nvals = 1)  :: [32]
  [TOP]::solve_mass_constraint(nvals = 1)  :: [true]

AMReX (26.05-63-gc2eb6db7ee79) finalized
<end of output>
Test time =   0.04 sec
----------------------------------------------------------
Test Passed.
"wall_function_unstable" end time: Jun 02 18:24 UTC
"wall_function_unstable" time elapsed: 00:00:00
----------------------------------------------------------

23/49 Testing: wall_function_adaptive
23/49 Test: wall_function_adaptive
Command: "/tmp/workspace/hgopalan/massconsistent_amr/build-baseline/wind_solver" "/tmp/workspace/hgopalan/massconsistent_amr/regtest/wall_function_adaptive/inputs.i"
Directory: /tmp/workspace/hgopalan/massconsistent_amr/build-baseline/regtest/wall_function_adaptive
"wall_function_adaptive" start time: Jun 02 18:24 UTC
Output:
----------------------------------------------------------
Initializing AMReX (26.05-63-gc2eb6db7ee79)...
AMReX (26.05-63-gc2eb6db7ee79) initialized
wind_solver: using central derivatives
wind_solver: input parsing time = 4.0605e-05 s
wind_solver: read 4 terrain points from terrain.csv
wind_solver: terrain x [0, 320] m
wind_solver: terrain y [0, 320] m
wind_solver: terrain reading time = 4.5315e-05 s
wind_solver: wall functions ENABLED
  terrain wall function: ENABLED
  blend height = 2 cells
  max distance = 3 cells
  stability correction: DISABLED (neutral log-law)
  adaptive activation: ENABLED
    resolution threshold = 30 (dz/z0)
    min cells in log layer = 3
wind_solver: terrain elevation [0, 0] m
wind_solver: terrain interpolation time = 0.000100478 s
wind_solver: grid 32 x 32 x 150  (dx=10 m, dy=10 m, dz=2 m)
wind_solver: vertical domain [0, 300] m
wind_solver: grid setup time = 0.004663805 s
wind_solver: initializing wind field with mode: loglaw
wind_solver: wind initialization time = 0.002979221 s
wind_solver: RHS computation time = 0.000672776 s
wind_solver: Poisson operator setup time = 0.00614534 s
wind_solver: starting MLMG Poisson solve...
MLMG: Initial rhs               = 0
MLMG: Initial residual (resid0) = 0
MLMG: No iterations needed
MLMG: Timers: Solve = 0.004093191 Iter = 0 Bottom = 0
wind_solver: MLMG solve complete.
wind_solver: Poisson solve time = 0.004213755 s
wind_solver: velocity correction time = 0.002362359 s
wind_solver: max |div(u)| before correction = 0 s⁻¹
wind_solver: max |div(u)| after  correction = 0 s⁻¹
wind_solver: divergence computation time = 0.015700206 s
wind_solver: plotfile written to plt_wall_function_adaptive
wind_solver: output writing time = 0.008855931 s
wind_solver: terrain-aligned extraction 1/5 at AGL = 2 m  →  k = 1  (physical z = 3 m)
wind_solver: terrain-aligned extraction written to wall_function_adaptive_profile_2m.csv  (1024 points)
wind_solver: terrain-aligned extraction 2/5 at AGL = 5 m  →  k = 2  (physical z = 5 m)
wind_solver: terrain-aligned extraction written to wall_function_adaptive_profile_5m.csv  (1024 points)
wind_solver: terrain-aligned extraction 3/5 at AGL = 10 m  →  k = 5  (physical z = 11 m)
wind_solver: terrain-aligned extraction written to wall_function_adaptive_profile_10m.csv  (1024 points)
wind_solver: terrain-aligned extraction 4/5 at AGL = 25 m  →  k = 12  (physical z = 25 m)
wind_solver: terrain-aligned extraction written to wall_function_adaptive_profile_25m.csv  (1024 points)
wind_solver: terrain-aligned extraction 5/5 at AGL = 50 m  →  k = 25  (physical z = 51 m)
wind_solver: terrain-aligned extraction written to wall_function_adaptive_profile_50m.csv  (1024 points)
wind_solver: ========================================
wind_solver: total execution time = 0.057175975 s
wind_solver: ========================================
wind_solver: done.
Unused ParmParse Variables:
  [TOP]::nx(nvals = 1)  :: [32]
  [TOP]::ny(nvals = 1)  :: [32]
  [TOP]::nz(nvals = 1)  :: [32]
  [TOP]::solve_mass_constraint(nvals = 1)  :: [true]

AMReX (26.05-63-gc2eb6db7ee79) finalized
<end of output>
Test time =   0.07 sec
----------------------------------------------------------
Test Passed.
"wall_function_adaptive" end time: Jun 02 18:24 UTC
"wall_function_adaptive" time elapsed: 00:00:00
----------------------------------------------------------

24/49 Testing: buoyancy_stratification
24/49 Test: buoyancy_stratification
Command: "/tmp/workspace/hgopalan/massconsistent_amr/build-baseline/wind_solver" "/tmp/workspace/hgopalan/massconsistent_amr/regtest/buoyancy_stratification/inputs.i"
Directory: /tmp/workspace/hgopalan/massconsistent_amr/build-baseline/regtest/buoyancy_stratification
"buoyancy_stratification" start time: Jun 02 18:24 UTC
Output:
----------------------------------------------------------
Initializing AMReX (26.05-63-gc2eb6db7ee79)...
AMReX (26.05-63-gc2eb6db7ee79) initialized
wind_solver: using central derivatives
wind_solver: input parsing time = 4.0756e-05 s
wind_solver: read 9 terrain points from terrain.csv
wind_solver: terrain x [0, 100] m
wind_solver: terrain y [0, 100] m
wind_solver: terrain reading time = 4.4864e-05 s
wind_solver: read 5 temperature profile points from temperature.csv
wind_solver: buoyancy stratification enabled
  temperature_reference = 300 K
  buoyancy_coefficient = 1
  buoyancy_method = velocity
  buoyancy_timescale = 10 s
wind_solver: wall functions DISABLED (using no-slip boundary conditions)
wind_solver: terrain elevation [0, 0] m
wind_solver: terrain interpolation time = 3.0597e-05 s
wind_solver: grid 2 x 2 x 8  (dx=50 m, dy=50 m, dz=25 m)
wind_solver: vertical domain [0, 200] m
wind_solver: temperature profile copied to device (5 points)
wind_solver: grid setup time = 6.4792e-05 s
wind_solver: initializing wind field with mode: loglaw
wind_solver: wind initialization time = 2.148e-05 s
wind_solver: RHS computation time = 1.653e-06 s
wind_solver: Poisson operator setup time = 0.000122969 s
wind_solver: starting MLMG Poisson solve...
wind_solver: MLMG solve complete.
wind_solver: Poisson solve time = 0.000118331 s
wind_solver: velocity correction time = 3.006e-06 s
wind_solver: max |div(u)| before correction = 0.01962 s⁻¹
wind_solver: max |div(u)| after  correction = 0.0190582845 s⁻¹
wind_solver: divergence computation time = 1.7563e-05 s
wind_solver: plotfile written to plt_buoyancy
wind_solver: output writing time = 0.002513692 s
wind_solver: terrain-aligned extraction 1/1 at AGL = 50 m  →  k = 2  (physical z = 62.5 m)
wind_solver: terrain-aligned extraction written to wind_extract.csv  (4 points)
wind_solver: ========================================
wind_solver: total execution time = 0.003063318 s
wind_solver: ========================================
wind_solver: done.
AMReX (26.05-63-gc2eb6db7ee79) finalized
<end of output>
Test time =   0.01 sec
----------------------------------------------------------
Test Passed.
"buoyancy_stratification" end time: Jun 02 18:24 UTC
"buoyancy_stratification" time elapsed: 00:00:00
----------------------------------------------------------

25/49 Testing: buoyancy_rhs
25/49 Test: buoyancy_rhs
Command: "/tmp/workspace/hgopalan/massconsistent_amr/build-baseline/wind_solver" "/tmp/workspace/hgopalan/massconsistent_amr/regtest/buoyancy_rhs/inputs.i"
Directory: /tmp/workspace/hgopalan/massconsistent_amr/build-baseline/regtest/buoyancy_rhs
"buoyancy_rhs" start time: Jun 02 18:24 UTC
Output:
----------------------------------------------------------
Initializing AMReX (26.05-63-gc2eb6db7ee79)...
AMReX (26.05-63-gc2eb6db7ee79) initialized
wind_solver: using central derivatives
wind_solver: input parsing time = 4.0756e-05 s
wind_solver: read 9 terrain points from terrain.csv
wind_solver: terrain x [0, 100] m
wind_solver: terrain y [0, 100] m
wind_solver: terrain reading time = 4.3902e-05 s
wind_solver: read 5 temperature profile points from temperature.csv
wind_solver: buoyancy stratification enabled
  temperature_reference = 300 K
  buoyancy_coefficient = 1
  buoyancy_method = rhs
wind_solver: wall functions DISABLED (using no-slip boundary conditions)
wind_solver: terrain elevation [0, 0] m
wind_solver: terrain interpolation time = 2.9044e-05 s
wind_solver: grid 2 x 2 x 8  (dx=50 m, dy=50 m, dz=25 m)
wind_solver: vertical domain [0, 200] m
wind_solver: temperature profile copied to device (5 points)
wind_solver: grid setup time = 4.6697e-05 s
wind_solver: initializing wind field with mode: loglaw
wind_solver: wind initialization time = 2.1229e-05 s
wind_solver: RHS computation time = 2.124e-06 s
wind_solver: Poisson operator setup time = 0.000126245 s
wind_solver: starting MLMG Poisson solve...
wind_solver: MLMG solve complete.
wind_solver: Poisson solve time = 0.00011771 s
wind_solver: velocity correction time = 2.825e-06 s
wind_solver: max |div(u)| before correction = 0 s⁻¹
wind_solver: max |div(u)| after  correction = 0.009979899258 s⁻¹
wind_solver: divergence computation time = 1.632e-05 s
wind_solver: plotfile written to plt_buoyancy_rhs
wind_solver: output writing time = 0.00233059 s
wind_solver: terrain-aligned extraction 1/1 at AGL = 50 m  →  k = 2  (physical z = 62.5 m)
wind_solver: terrain-aligned extraction written to wind_extract.csv  (4 points)
wind_solver: ========================================
wind_solver: total execution time = 0.002859898 s
wind_solver: ========================================
wind_solver: done.
AMReX (26.05-63-gc2eb6db7ee79) finalized
<end of output>
Test time =   0.01 sec
----------------------------------------------------------
Test Passed.
"buoyancy_rhs" end time: Jun 02 18:24 UTC
"buoyancy_rhs" time elapsed: 00:00:00
----------------------------------------------------------

26/49 Testing: terrain_kinematic_bc
26/49 Test: terrain_kinematic_bc
Command: "/tmp/workspace/hgopalan/massconsistent_amr/build-baseline/wind_solver" "/tmp/workspace/hgopalan/massconsistent_amr/regtest/terrain_kinematic_bc/inputs.i"
Directory: /tmp/workspace/hgopalan/massconsistent_amr/build-baseline/regtest/terrain_kinematic_bc
"terrain_kinematic_bc" start time: Jun 02 18:24 UTC
Output:
----------------------------------------------------------
Initializing AMReX (26.05-63-gc2eb6db7ee79)...
AMReX (26.05-63-gc2eb6db7ee79) initialized
wind_solver: using central derivatives
wind_solver: input parsing time = 3.737e-05 s
wind_solver: read 121 terrain points from terrain.csv
wind_solver: terrain x [0, 300] m
wind_solver: terrain y [0, 300] m
wind_solver: terrain reading time = 0.000119403 s
wind_solver: kinematic terrain BC enabled
  terrain_bc_relaxation = 1
wind_solver: wall functions DISABLED (using no-slip boundary conditions)
wind_solver: terrain elevation [0.4974860909, 44.0460695] m
wind_solver: terrain interpolation time = 9.6741e-05 s
wind_solver: grid 10 x 10 x 6  (dx=30 m, dy=30 m, dz=23.9247639 m)
wind_solver: vertical domain [0.4974860909, 144.0460695] m
wind_solver: grid setup time = 8.4899e-05 s
wind_solver: initializing wind field with mode: loglaw
wind_solver: wind initialization time = 2.8653e-05 s
wind_solver: RHS computation time = 7.073e-06 s
wind_solver: Poisson operator setup time = 0.000249286 s
wind_solver: starting MLMG Poisson solve...
wind_solver: MLMG solve complete.
wind_solver: Poisson solve time = 0.000893918 s
wind_solver: velocity correction time = 1.4377e-05 s
wind_solver: max |div(u)| before correction = 0.1786085491 s⁻¹
wind_solver: max |div(u)| after  correction = 0.1362085165 s⁻¹
wind_solver: divergence computation time = 8.1322e-05 s
wind_solver: plotfile written to plt_kinematic_bc
wind_solver: output writing time = 0.00249651 s
wind_solver: terrain-aligned extraction 1/1 at AGL = 15 m  →  k = 0  (physical z = 12.45986804 m)
wind_solver: terrain-aligned extraction written to wind_extract.csv  (100 points)
wind_solver: ========================================
wind_solver: total execution time = 0.004429939 s
wind_solver: ========================================
wind_solver: done.
AMReX (26.05-63-gc2eb6db7ee79) finalized
<end of output>
Test time =   0.01 sec
----------------------------------------------------------
Test Passed.
"terrain_kinematic_bc" end time: Jun 02 18:24 UTC
"terrain_kinematic_bc" time elapsed: 00:00:00
----------------------------------------------------------

27/49 Testing: combined_thermal_terrain
27/49 Test: combined_thermal_terrain
Command: "/tmp/workspace/hgopalan/massconsistent_amr/build-baseline/wind_solver" "/tmp/workspace/hgopalan/massconsistent_amr/regtest/combined_thermal_terrain/inputs.i"
Directory: /tmp/workspace/hgopalan/massconsistent_amr/build-baseline/regtest/combined_thermal_terrain
"combined_thermal_terrain" start time: Jun 02 18:24 UTC
Output:
----------------------------------------------------------
Initializing AMReX (26.05-63-gc2eb6db7ee79)...
AMReX (26.05-63-gc2eb6db7ee79) initialized
wind_solver: using central derivatives
wind_solver: input parsing time = 3.6098e-05 s
wind_solver: read 121 terrain points from terrain.csv
wind_solver: terrain x [0, 300] m
wind_solver: terrain y [0, 300] m
wind_solver: terrain reading time = 0.000125855 s
wind_solver: read 5 temperature profile points from temperature.csv
wind_solver: buoyancy stratification enabled
  temperature_reference = 300 K
  buoyancy_coefficient = 1
  buoyancy_method = velocity
  buoyancy_timescale = 10 s
wind_solver: kinematic terrain BC enabled
  terrain_bc_relaxation = 1
wind_solver: wall functions DISABLED (using no-slip boundary conditions)
wind_solver: terrain elevation [0.4974860909, 44.0460695] m
wind_solver: terrain interpolation time = 0.000124943 s
wind_solver: grid 10 x 10 x 8  (dx=30 m, dy=30 m, dz=24.19357293 m)
wind_solver: vertical domain [0.4974860909, 194.0460695] m
wind_solver: temperature profile copied to device (5 points)
wind_solver: grid setup time = 7.7294e-05 s
wind_solver: initializing wind field with mode: loglaw
wind_solver: wind initialization time = 3.8411e-05 s
wind_solver: RHS computation time = 6.101e-06 s
wind_solver: Poisson operator setup time = 0.000239968 s
wind_solver: starting MLMG Poisson solve...
wind_solver: MLMG solve complete.
wind_solver: Poisson solve time = 0.001557938 s
wind_solver: velocity correction time = 2.0168e-05 s
wind_solver: max |div(u)| before correction = 0.1846325223 s⁻¹
wind_solver: max |div(u)| after  correction = 0.1420787517 s⁻¹
wind_solver: divergence computation time = 9.8664e-05 s
wind_solver: plotfile written to plt_combined
wind_solver: output writing time = 0.002457698 s
wind_solver: terrain-aligned extraction 1/1 at AGL = 15 m  →  k = 0  (physical z = 12.59427255 m)
wind_solver: terrain-aligned extraction written to wind_extract.csv  (100 points)
wind_solver: ========================================
wind_solver: total execution time = 0.005104368 s
wind_solver: ========================================
wind_solver: done.
AMReX (26.05-63-gc2eb6db7ee79) finalized
<end of output>
Test time =   0.01 sec
----------------------------------------------------------
Test Passed.
"combined_thermal_terrain" end time: Jun 02 18:24 UTC
"combined_thermal_terrain" time elapsed: 00:00:00
----------------------------------------------------------

28/49 Testing: canopy_forest
28/49 Test: canopy_forest
Command: "/tmp/workspace/hgopalan/massconsistent_amr/build-baseline/wind_solver" "/tmp/workspace/hgopalan/massconsistent_amr/regtest/canopy_forest/inputs.i"
Directory: /tmp/workspace/hgopalan/massconsistent_amr/build-baseline/regtest/canopy_forest
"canopy_forest" start time: Jun 02 18:24 UTC
Output:
----------------------------------------------------------
Initializing AMReX (26.05-63-gc2eb6db7ee79)...
AMReX (26.05-63-gc2eb6db7ee79) initialized
wind_solver: using central derivatives
wind_solver: input parsing time = 3.6758e-05 s
wind_solver: read 16 terrain points from terrain.csv
wind_solver: terrain x [0, 150] m
wind_solver: terrain y [0, 150] m
wind_solver: terrain reading time = 5.8509e-05 s
wind_solver: wall functions DISABLED (using no-slip boundary conditions)
wind_solver: terrain elevation [0, 0] m
wind_solver: terrain interpolation time = 1.613e-05 s
wind_solver: grid 3 x 3 x 40  (dx=50 m, dy=50 m, dz=5 m)
wind_solver: vertical domain [0, 200] m
wind_solver: grid setup time = 6.7937e-05 s
wind_solver: initializing wind field with mode: loglaw
wind_solver: canopy model enabled
  canopy_height = 20 m
  frontal_area_index = 0.25
  plan_area_index = 0.2
  canopy_drag_coeff = 0.2
  using MacDonald displacement height
wind_solver: wind initialization time = 5.2097e-05 s
[...]
wind_solver: Poisson operator setup time = 0.000394105 s
wind_solver: starting MLMG Poisson solve...
MLMG: Initial rhs               = 0
MLMG: Initial residual (resid0) = 0
MLMG: No iterations needed
MLMG: Timers: Solve = 0.000143899 Iter = 0 Bottom = 0
wind_solver: MLMG solve complete.
wind_solver: Poisson solve time = 0.000152534 s
wind_solver: velocity correction time = 5.369e-05 s
wind_solver: max |div(u)| before correction = 0 s⁻¹
wind_solver: max |div(u)| after  correction = 0 s⁻¹
wind_solver: divergence computation time = 0.000302084 s
wind_solver: plotfile written to plt_wind
wind_solver: output writing time = 0.002388328 s
wind_solver: ========================================
wind_solver: total execution time = 0.003696309 s
wind_solver: ========================================
wind_solver: done.
Unused ParmParse Variables:
  [TOP]::K_h(nvals = 1)  :: [1.0]
  [TOP]::K_v(nvals = 1)  :: [0.5]
  [TOP]::U_wind(nvals = 1)  :: [10.0]
  [TOP]::V_wind(nvals = 1)  :: [0.0]
  [TOP]::W_wind(nvals = 1)  :: [0.0]
  [TOP]::dt_puff(nvals = 1)  :: [0.5]
  [TOP]::emission_duration(nvals = 1)  :: [50.0]
  [TOP]::emission_rate(nvals = 1)  :: [1.0]
  [TOP]::enable_puff(nvals = 1)  :: [true]
  [TOP]::n_steps_puff(nvals = 1)  :: [100]
  [TOP]::output_freq_puff(nvals = 1)  :: [10]
  [TOP]::puff_output(nvals = 1)  :: [puff_concentration.csv]
  [TOP]::sigma_y0(nvals = 1)  :: [1.0]
  [TOP]::sigma_z0(nvals = 1)  :: [1.0]
  [TOP]::source_x(nvals = 1)  :: [150.0]
  [TOP]::source_y(nvals = 1)  :: [150.0]
  [TOP]::source_z(nvals = 1)  :: [10.0]
  [TOP]::xmax(nvals = 1)  :: [300.0]
  [TOP]::xmin(nvals = 1)  :: [0.0]
  [TOP]::ymax(nvals = 1)  :: [300.0]
  [TOP]::ymin(nvals = 1)  :: [0.0]
  [TOP]::zmax(nvals = 1)  :: [100.0]
  [TOP]::zmin(nvals = 1)  :: [0.0]

AMReX (26.05-63-gc2eb6db7ee79) finalized
<end of output>
Test time =   0.01 sec
----------------------------------------------------------
Test Passed.
"puff_gaussian" end time: Jun 02 18:24 UTC
"puff_gaussian" time elapsed: 00:00:00
----------------------------------------------------------

45/49 Testing: puff_terrain
45/49 Test: puff_terrain
Command: "/tmp/workspace/hgopalan/massconsistent_amr/build-baseline/wind_solver" "/tmp/workspace/hgopalan/massconsistent_amr/regtest/puff_terrain/inputs.i"
Directory: /tmp/workspace/hgopalan/massconsistent_amr/build-baseline/regtest/puff_terrain
"puff_terrain" start time: Jun 02 18:24 UTC
Output:
----------------------------------------------------------
Initializing AMReX (26.05-63-gc2eb6db7ee79)...
AMReX (26.05-63-gc2eb6db7ee79) initialized
wind_solver: using central derivatives
wind_solver: input parsing time = 2.8934e-05 s
wind_solver: read 25 terrain points from terrain.csv
wind_solver: terrain x [0, 300] m
wind_solver: terrain y [0, 300] m
wind_solver: terrain reading time = 5.6876e-05 s
wind_solver: wall functions DISABLED (using no-slip boundary conditions)
wind_solver: terrain elevation [0.257668902, 47.31162514] m
wind_solver: terrain interpolation time = 0.000151503 s
wind_solver: grid 20 x 20 x 35  (dx=15 m, dy=15 m, dz=9.915827321 m)
wind_solver: vertical domain [0.257668902, 347.3116251] m
wind_solver: grid setup time = 0.000540019 s
wind_solver: initializing wind field with mode: loglaw
wind_solver: wind initialization time = 0.000271828 s
wind_solver: RHS computation time = 6.2677e-05 s
wind_solver: Poisson operator setup time = 0.000768124 s
wind_solver: starting MLMG Poisson solve...
MLMG: Initial rhs               = 0.3874889587
MLMG: Initial residual (resid0) = 0.3874889587
MLMG: Final Iter. 2 resid, resid/bnorm = 1.629965163e-09, 4.206481569e-09
MLMG: Timers: Solve = 0.022212652 Iter = 0.021928883 Bottom = 0.021783831
wind_solver: MLMG solve complete.
wind_solver: Poisson solve time = 0.022231547 s
wind_solver: velocity correction time = 0.000129101 s
wind_solver: max |div(u)| before correction = 0.3874889587 s⁻¹
wind_solver: max |div(u)| after  correction = 0.3704741861 s⁻¹
wind_solver: divergence computation time = 0.001187316 s
wind_solver: plotfile written to plt_wind
wind_solver: output writing time = 0.003015238 s
wind_solver: ========================================
wind_solver: total execution time = 0.0284958 s
wind_solver: ========================================
wind_solver: done.
Unused ParmParse Variables:
  [TOP]::K_h(nvals = 1)  :: [1.0]
  [TOP]::K_v(nvals = 1)  :: [0.5]
  [TOP]::U_wind(nvals = 1)  :: [10.0]
  [TOP]::V_wind(nvals = 1)  :: [0.0]
  [TOP]::W_wind(nvals = 1)  :: [0.0]
  [TOP]::dt_puff(nvals = 1)  :: [0.5]
  [TOP]::emission_duration(nvals = 1)  :: [50.0]
  [TOP]::emission_rate(nvals = 1)  :: [1.0]
  [TOP]::enable_puff(nvals = 1)  :: [true]
  [TOP]::enable_terrain_reflection(nvals = 1)  :: [true]
  [TOP]::n_steps_puff(nvals = 1)  :: [100]
  [TOP]::output_freq_puff(nvals = 1)  :: [20]
  [TOP]::puff_output(nvals = 1)  :: [puff_concentration_terrain.csv]
  [TOP]::sigma_y0(nvals = 1)  :: [1.0]
  [TOP]::sigma_z0(nvals = 1)  :: [1.0]
  [TOP]::source_x(nvals = 1)  :: [100.0]
  [TOP]::source_y(nvals = 1)  :: [150.0]
  [TOP]::source_z(nvals = 1)  :: [20.0]
  [TOP]::use_image_source(nvals = 1)  :: [true]
  [TOP]::xmax(nvals = 1)  :: [300.0]
  [TOP]::xmin(nvals = 1)  :: [0.0]
  [TOP]::ymax(nvals = 1)  :: [300.0]
  [TOP]::ymin(nvals = 1)  :: [0.0]
  [TOP]::zmax(nvals = 1)  :: [100.0]
  [TOP]::zmin(nvals = 1)  :: [0.0]

AMReX (26.05-63-gc2eb6db7ee79) finalized
<end of output>
Test time =   0.03 sec
----------------------------------------------------------
Test Passed.
"puff_terrain" end time: Jun 02 18:24 UTC
"puff_terrain" time elapsed: 00:00:00
----------------------------------------------------------

46/49 Testing: puff_buildings
46/49 Test: puff_buildings
Command: "/tmp/workspace/hgopalan/massconsistent_amr/build-baseline/wind_solver" "/tmp/workspace/hgopalan/massconsistent_amr/regtest/puff_buildings/inputs.i"
Directory: /tmp/workspace/hgopalan/massconsistent_amr/build-baseline/regtest/puff_buildings
"puff_buildings" start time: Jun 02 18:24 UTC
Output:
----------------------------------------------------------
Initializing AMReX (26.05-63-gc2eb6db7ee79)...
AMReX (26.05-63-gc2eb6db7ee79) initialized
wind_solver: using central derivatives
wind_solver: input parsing time = 3.264e-05 s
wind_solver: read 9 terrain points from terrain.csv
wind_solver: terrain x [0, 100] m
wind_solver: terrain y [0, 100] m
wind_solver: read 1 building(s) from buildings.csv
wind_solver: terrain reading time = 8.2193e-05 s
wind_solver: building 1: x=[125, 175] m, y=[130, 170] m, z=[0, 30] m
wind_solver: wall functions DISABLED (using no-slip boundary conditions)
wind_solver: terrain elevation [0, 0] m
wind_solver: obstacle height (terrain+buildings) max = 0 m
wind_solver: terrain interpolation time = 4.256e-05 s
wind_solver: grid 10 x 10 x 30  (dx=10 m, dy=10 m, dz=10 m)
wind_solver: vertical domain [0, 300] m
wind_solver: grid setup time = 0.000172281 s
wind_solver: initializing wind field with mode: loglaw
wind_solver: wind initialization time = 8.3446e-05 s
wind_solver: RHS computation time = 2.5026e-05 s
wind_solver: Poisson operator setup time = 0.000358009 s
wind_solver: starting MLMG Poisson solve...
MLMG: Initial rhs               = 0
MLMG: Initial residual (resid0) = 0
MLMG: No iterations needed
MLMG: Timers: Solve = 0.00015557 Iter = 0 Bottom = 0
wind_solver: MLMG solve complete.
wind_solver: Poisson solve time = 0.000168595 s
wind_solver: velocity correction time = 5.885e-05 s
wind_solver: max |div(u)| before correction = 0 s⁻¹
wind_solver: max |div(u)| after  correction = 0 s⁻¹
wind_solver: divergence computation time = 0.000317803 s
wind_solver: plotfile written to plt_wind
wind_solver: output writing time = 0.002409818 s
wind_solver: ========================================
wind_solver: total execution time = 0.003821804 s
wind_solver: ========================================
wind_solver: done.
Unused ParmParse Variables:
  [TOP]::K_h(nvals = 1)  :: [1.0]
  [TOP]::K_v(nvals = 1)  :: [0.5]
  [TOP]::U_wind(nvals = 1)  :: [10.0]
  [TOP]::V_wind(nvals = 1)  :: [0.0]
  [TOP]::W_wind(nvals = 1)  :: [0.0]
  [TOP]::dt_puff(nvals = 1)  :: [0.5]
  [TOP]::emission_duration(nvals = 1)  :: [50.0]
  [TOP]::emission_rate(nvals = 1)  :: [1.0]
  [TOP]::enable_building_masking(nvals = 1)  :: [true]
  [TOP]::enable_puff(nvals = 1)  :: [true]
  [TOP]::enable_wake_diffusivity(nvals = 1)  :: [true]
  [TOP]::n_steps_puff(nvals = 1)  :: [100]
  [TOP]::output_freq_puff(nvals = 1)  :: [20]
  [TOP]::puff_output(nvals = 1)  :: [puff_concentration_buildings.csv]
  [TOP]::sigma_y0(nvals = 1)  :: [1.0]
  [TOP]::sigma_z0(nvals = 1)  :: [1.0]
  [TOP]::source_x(nvals = 1)  :: [80.0]
  [TOP]::source_y(nvals = 1)  :: [150.0]
  [TOP]::source_z(nvals = 1)  :: [10.0]
  [TOP]::wake_enhancement_cavity(nvals = 1)  :: [3.0]
  [TOP]::wake_enhancement_far(nvals = 1)  :: [1.5]
  [TOP]::xmax(nvals = 1)  :: [300.0]
  [TOP]::xmin(nvals = 1)  :: [0.0]
  [TOP]::ymax(nvals = 1)  :: [300.0]
  [TOP]::ymin(nvals = 1)  :: [0.0]
  [TOP]::zmax(nvals = 1)  :: [100.0]
  [TOP]::zmin(nvals = 1)  :: [0.0]

AMReX (26.05-63-gc2eb6db7ee79) finalized
<end of output>
Test time =   0.01 sec
----------------------------------------------------------
Test Passed.
"puff_buildings" end time: Jun 02 18:24 UTC
"puff_buildings" time elapsed: 00:00:00
----------------------------------------------------------

47/49 Testing: puff_canopy
47/49 Test: puff_canopy
Command: "/tmp/workspace/hgopalan/massconsistent_amr/build-baseline/wind_solver" "/tmp/workspace/hgopalan/massconsistent_amr/regtest/puff_canopy/inputs.i"
Directory: /tmp/workspace/hgopalan/massconsistent_amr/build-baseline/regtest/puff_canopy
"puff_canopy" start time: Jun 02 18:24 UTC
Output:
----------------------------------------------------------
Initializing AMReX (26.05-63-gc2eb6db7ee79)...
AMReX (26.05-63-gc2eb6db7ee79) initialized
wind_solver: using central derivatives
wind_solver: input parsing time = 2.8493e-05 s
wind_solver: read 9 terrain points from terrain.csv
wind_solver: terrain x [0, 100] m
wind_solver: terrain y [0, 100] m
wind_solver: terrain reading time = 4.0967e-05 s
wind_solver: wall functions DISABLED (using no-slip boundary conditions)
wind_solver: terrain elevation [0, 0] m
wind_solver: terrain interpolation time = 2.6599e-05 s
wind_solver: grid 10 x 10 x 30  (dx=10 m, dy=10 m, dz=10 m)
wind_solver: vertical domain [0, 300] m
wind_solver: grid setup time = 0.000157684 s
wind_solver: initializing wind field with mode: loglaw
wind_solver: wind initialization time = 7.468e-05 s
wind_solver: RHS computation time = 1.6642e-05 s
wind_solver: Poisson operator setup time = 0.000313084 s
wind_solver: starting MLMG Poisson solve...
MLMG: Initial rhs               = 0
MLMG: Initial residual (resid0) = 0
MLMG: No iterations needed
MLMG: Timers: Solve = 0.000172563 Iter = 0 Bottom = 0
wind_solver: MLMG solve complete.
wind_solver: Poisson solve time = 0.000180537 s
wind_solver: velocity correction time = 5.3289e-05 s
wind_solver: max |div(u)| before correction = 0 s⁻¹
wind_solver: max |div(u)| after  correction = 0 s⁻¹
wind_solver: divergence computation time = 0.000297986 s
wind_solver: plotfile written to plt_wind
wind_solver: output writing time = 0.002351449 s
wind_solver: ========================================
wind_solver: total execution time = 0.003588879 s
wind_solver: ========================================
wind_solver: done.
Unused ParmParse Variables:
  [TOP]::K_h(nvals = 1)  :: [1.0]
  [TOP]::K_v(nvals = 1)  :: [0.5]
  [TOP]::U_wind(nvals = 1)  :: [10.0]
  [TOP]::V_wind(nvals = 1)  :: [0.0]
  [TOP]::W_wind(nvals = 1)  :: [0.0]
  [TOP]::canopy_enhancement_factor(nvals = 1)  :: [3.0]
  [TOP]::canopy_sheltering_factor(nvals = 1)  :: [0.7]
  [TOP]::deposition_velocity(nvals = 1)  :: [0.01]
  [TOP]::dt_puff(nvals = 1)  :: [0.5]
  [TOP]::emission_duration(nvals = 1)  :: [50.0]
  [TOP]::emission_rate(nvals = 1)  :: [1.0]
  [TOP]::enable_canopy_deposition(nvals = 1)  :: [true]
  [TOP]::enable_canopy_effects(nvals = 1)  :: [true]
  [TOP]::enable_puff(nvals = 1)  :: [true]
  [TOP]::n_steps_puff(nvals = 1)  :: [100]
  [TOP]::output_freq_puff(nvals = 1)  :: [20]
  [TOP]::puff_output(nvals = 1)  :: [puff_concentration_canopy.csv]
  [TOP]::sigma_y0(nvals = 1)  :: [1.0]
  [TOP]::sigma_z0(nvals = 1)  :: [1.0]
  [TOP]::source_x(nvals = 1)  :: [100.0]
  [TOP]::source_y(nvals = 1)  :: [150.0]
  [TOP]::source_z(nvals = 1)  :: [20.0]
  [TOP]::xmax(nvals = 1)  :: [300.0]
  [TOP]::xmin(nvals = 1)  :: [0.0]
  [TOP]::ymax(nvals = 1)  :: [300.0]
  [TOP]::ymin(nvals = 1)  :: [0.0]
  [TOP]::zmax(nvals = 1)  :: [100.0]
  [TOP]::zmin(nvals = 1)  :: [0.0]

AMReX (26.05-63-gc2eb6db7ee79) finalized
<end of output>
Test time =   0.01 sec
----------------------------------------------------------
Test Passed.
"puff_canopy" end time: Jun 02 18:24 UTC
"puff_canopy" time elapsed: 00:00:00
----------------------------------------------------------

48/49 Testing: puff_coupled_full
48/49 Test: puff_coupled_full
Command: "/tmp/workspace/hgopalan/massconsistent_amr/build-baseline/wind_solver" "/tmp/workspace/hgopalan/massconsistent_amr/regtest/puff_coupled_full/inputs.i"
Directory: /tmp/workspace/hgopalan/massconsistent_amr/build-baseline/regtest/puff_coupled_full
"puff_coupled_full" start time: Jun 02 18:24 UTC
Output:
----------------------------------------------------------
Initializing AMReX (26.05-63-gc2eb6db7ee79)...
AMReX (26.05-63-gc2eb6db7ee79) initialized
wind_solver: using central derivatives
wind_solver: input parsing time = 3.1138e-05 s
wind_solver: read 25 terrain points from terrain.csv
wind_solver: terrain x [0, 400] m
wind_solver: terrain y [0, 400] m
wind_solver: read 3 building(s) from buildings.csv
wind_solver: terrain reading time = 0.000104215 s
wind_solver: building 1: x=[150, 190] m, y=[160, 200] m, z=[0, 25] m
wind_solver: building 2: x=[205, 235] m, y=[195, 245] m, z=[0, 35] m
wind_solver: building 3: x=[235, 285] m, y=[185, 215] m, z=[0, 20] m
wind_solver: wall functions DISABLED (using no-slip boundary conditions)
wind_solver: terrain elevation [0.3916562966, 38.59938359] m
wind_solver: obstacle height (terrain+buildings) max = 73.59938359 m
wind_solver: terrain interpolation time = 0.000142866 s
wind_solver: grid 20 x 20 x 37  (dx=20 m, dy=20 m, dz=10.08669533 m)
wind_solver: vertical domain [0.3916562966, 373.5993836] m
wind_solver: grid setup time = 0.000516644 s
wind_solver: initializing wind field with mode: loglaw
wind_solver: wind initialization time = 0.000282287 s
wind_solver: RHS computation time = 9.3715e-05 s
wind_solver: Poisson operator setup time = 0.000731646 s
wind_solver: starting MLMG Poisson solve...
MLMG: Initial rhs               = 0.3276244686
MLMG: Initial residual (resid0) = 0.3276244686
MLMG: Final Iter. 2 resid, resid/bnorm = 2.407357102e-09, 7.347916081e-09
MLMG: Timers: Solve = 0.02781 Iter = 0.027506744 Bottom = 0.027298165
wind_solver: MLMG solve complete.
wind_solver: Poisson solve time = 0.027822564 s
wind_solver: velocity correction time = 0.000135462 s
wind_solver: max |div(u)| before correction = 0.3276244686 s⁻¹
wind_solver: max |div(u)| after  correction = 0.3312087295 s⁻¹
wind_solver: divergence computation time = 0.001315316 s
wind_solver: plotfile written to plt_wind
wind_solver: output writing time = 0.003191066 s
wind_solver: ========================================
wind_solver: total execution time = 0.034418415 s
wind_solver: ========================================
wind_solver: done.
Unused ParmParse Variables:
  [TOP]::K_h(nvals = 1)  :: [1.0]
  [TOP]::K_v(nvals = 1)  :: [0.5]
  [TOP]::U_wind(nvals = 1)  :: [10.0]
  [TOP]::V_wind(nvals = 1)  :: [0.0]
  [TOP]::W_wind(nvals = 1)  :: [0.0]
  [TOP]::canopy_enhancement_factor(nvals = 1)  :: [3.0]
  [TOP]::canopy_sheltering_factor(nvals = 1)  :: [0.7]
  [TOP]::deposition_velocity(nvals = 1)  :: [0.01]
  [TOP]::dt_puff(nvals = 1)  :: [0.5]
  [TOP]::emission_duration(nvals = 1)  :: [60.0]
  [TOP]::emission_rate(nvals = 1)  :: [1.0]
  [TOP]::enable_building_masking(nvals = 1)  :: [true]
  [TOP]::enable_canopy_deposition(nvals = 1)  :: [true]
  [TOP]::enable_canopy_effects(nvals = 1)  :: [true]
  [TOP]::enable_puff(nvals = 1)  :: [true]
  [TOP]::enable_terrain_reflection(nvals = 1)  :: [true]
  [TOP]::enable_wake_diffusivity(nvals = 1)  :: [true]
  [TOP]::n_steps_puff(nvals = 1)  :: [120]
  [TOP]::output_freq_puff(nvals = 1)  :: [24]
  [TOP]::puff_output(nvals = 1)  :: [puff_concentration_coupled.csv]
  [TOP]::sigma_y0(nvals = 1)  :: [1.0]
  [TOP]::sigma_z0(nvals = 1)  :: [1.0]
  [TOP]::source_x(nvals = 1)  :: [100.0]
  [TOP]::source_y(nvals = 1)  :: [200.0]
  [TOP]::source_z(nvals = 1)  :: [35.0]
  [TOP]::use_image_source(nvals = 1)  :: [true]
  [TOP]::wake_enhancement_cavity(nvals = 1)  :: [3.0]
  [TOP]::wake_enhancement_far(nvals = 1)  :: [1.5]
  [TOP]::xmax(nvals = 1)  :: [400.0]
  [TOP]::xmin(nvals = 1)  :: [0.0]
  [TOP]::ymax(nvals = 1)  :: [400.0]
  [TOP]::ymin(nvals = 1)  :: [0.0]
  [TOP]::zmax(nvals = 1)  :: [150.0]
  [TOP]::zmin(nvals = 1)  :: [0.0]

AMReX (26.05-63-gc2eb6db7ee79) finalized
<end of output>
Test time =   0.04 sec
----------------------------------------------------------
Test Passed.
"puff_coupled_full" end time: Jun 02 18:24 UTC
"puff_coupled_full" time elapsed: 00:00:00
----------------------------------------------------------

49/49 Testing: terrain_following_steep
49/49 Test: terrain_following_steep
Command: "/tmp/workspace/hgopalan/massconsistent_amr/build-baseline/wind_solver" "/tmp/workspace/hgopalan/massconsistent_amr/regtest/terrain_following_steep/inputs.i"
Directory: /tmp/workspace/hgopalan/massconsistent_amr/build-baseline/regtest/terrain_following_steep
"terrain_following_steep" start time: Jun 02 18:24 UTC
Output:
----------------------------------------------------------
Initializing AMReX (26.05-63-gc2eb6db7ee79)...
AMReX (26.05-63-gc2eb6db7ee79) initialized
wind_solver: using central derivatives
wind_solver: input parsing time = 4.5956e-05 s
wind_solver: read 121 terrain points from terrain.csv
wind_solver: terrain x [0, 200] m
wind_solver: terrain y [0, 200] m
wind_solver: terrain reading time = 0.000156261 s
wind_solver: wall functions DISABLED (using no-slip boundary conditions)
wind_solver: terrain elevation [1.963636364e-05, 63.08688136] m
wind_solver: terrain interpolation time = 0.000124021 s
wind_solver: grid 10 x 10 x 24  (dx=20 m, dy=20 m, dz=15.12861924 m)
wind_solver: vertical domain [1.963636364e-05, 363.0868814] m
wind_solver: grid setup time = 0.00015561 s
wind_solver: initializing wind field with mode: loglaw
wind_solver: wind initialization time = 8.4598e-05 s
wind_solver: RHS computation time = 1.4697e-05 s
wind_solver: Poisson operator setup time = 0.000335717 s
wind_solver: starting MLMG Poisson solve...
wind_solver: MLMG solve complete.
wind_solver: Poisson solve time = 0.002978169 s
wind_solver: velocity correction time = 4.3391e-05 s
wind_solver: max |div(u)| before correction = 0.3169313214 s⁻¹
wind_solver: max |div(u)| after  correction = 0.2139429469 s⁻¹
wind_solver: divergence computation time = 0.00023621 s
wind_solver: plotfile written to plt_terrain_following_steep
wind_solver: output writing time = 0.002466083 s
wind_solver: terrain-aligned extraction 1/1 at AGL = 15 m  →  k = 0  (physical z = 7.564329256 m)
wind_solver: terrain-aligned extraction written to wind_extract.csv  (100 points)
wind_solver: ========================================
wind_solver: total execution time = 0.006966634 s
wind_solver: ========================================
wind_solver: done.
Unused ParmParse Variables:
  [TOP]::enable_terrain_following(nvals = 1)  :: [true]

AMReX (26.05-63-gc2eb6db7ee79) finalized
<end of output>
Test time =   0.01 sec
----------------------------------------------------------
Test Passed.
"terrain_following_steep" end time: Jun 02 18:24 UTC
"terrain_following_steep" time elapsed: 00:00:00
----------------------------------------------------------

End testing: Jun 02 18:24 UTC

regtest =   1.16 sec*proc

